TN:
SF:api/communityresources/apiInfo.ts
FNF:0
FNH:0
DA:3,27
LF:1
LH:1
BRF:0
BRH:0
end_of_record
TN:
SF:api/communityresources/controllers/adminController.ts
FN:24,(anonymous_0)
FN:38,(anonymous_1)
FNF:2
FNH:2
FNDA:3,(anonymous_0)
FNDA:3,(anonymous_1)
DA:1,1
DA:9,1
DA:10,1
DA:14,1
DA:18,1
DA:20,1
DA:23,1
DA:25,3
DA:26,3
DA:27,3
DA:28,3
DA:30,3
DA:38,1
DA:41,3
DA:42,3
DA:43,1
DA:44,1
DA:45,1
DA:47,1
DA:49,1
DA:50,1
LF:21
LH:21
BRDA:42,0,0,1
BRF:1
BRH:1
end_of_record
TN:
SF:api/communityresources/controllers/binderController.ts
FN:24,(anonymous_0)
FN:38,(anonymous_1)
FN:58,(anonymous_3)
FN:78,(anonymous_5)
FN:106,(anonymous_7)
FN:126,(anonymous_9)
FN:153,(anonymous_11)
FN:179,(anonymous_13)
FN:205,(anonymous_15)
FN:224,(anonymous_17)
FNF:10
FNH:10
FNDA:23,(anonymous_0)
FNDA:2,(anonymous_1)
FNDA:2,(anonymous_3)
FNDA:3,(anonymous_5)
FNDA:2,(anonymous_7)
FNDA:3,(anonymous_9)
FNDA:3,(anonymous_11)
FNDA:3,(anonymous_13)
FNDA:2,(anonymous_15)
FNDA:3,(anonymous_17)
DA:1,1
DA:9,1
DA:10,1
DA:16,1
DA:17,1
DA:18,1
DA:20,1
DA:23,1
DA:25,23
DA:26,23
DA:27,23
DA:28,23
DA:30,23
DA:38,1
DA:42,2
DA:44,2
DA:45,1
DA:46,1
DA:48,1
DA:50,1
DA:58,1
DA:61,2
DA:65,2
DA:66,1
DA:67,1
DA:68,1
DA:70,1
DA:78,1
DA:81,3
DA:82,3
DA:86,2
DA:87,1
DA:88,1
DA:89,1
DA:91,1
DA:94,1
DA:96,1
DA:97,1
DA:106,1
DA:109,2
DA:113,2
DA:114,1
DA:115,1
DA:116,1
DA:118,1
DA:126,1
DA:129,3
DA:130,3
DA:134,2
DA:135,1
DA:136,1
DA:137,1
DA:139,1
DA:143,1
DA:144,1
DA:153,1
DA:156,3
DA:157,3
DA:160,2
DA:161,1
DA:162,1
DA:163,1
DA:165,1
DA:169,1
DA:170,1
DA:179,1
DA:182,3
DA:183,3
DA:186,2
DA:187,1
DA:188,1
DA:189,1
DA:191,1
DA:195,1
DA:196,1
DA:205,1
DA:208,2
DA:211,2
DA:212,1
DA:213,1
DA:214,1
DA:216,1
DA:224,1
DA:227,3
DA:228,3
DA:231,2
DA:232,1
DA:233,1
DA:234,1
DA:236,1
DA:238,1
DA:239,1
LF:92
LH:92
BRDA:42,0,0,2
BRDA:42,0,1,0
BRDA:44,1,0,1
BRDA:65,2,0,1
BRDA:86,3,0,1
BRDA:113,4,0,1
BRDA:134,5,0,1
BRDA:160,6,0,1
BRDA:186,7,0,1
BRDA:211,8,0,1
BRDA:231,9,0,1
BRF:11
BRH:10
end_of_record
TN:
SF:api/communityresources/controllers/communitiesController.ts
FN:23,(anonymous_0)
FN:37,(anonymous_1)
FN:70,(anonymous_3)
FN:88,(anonymous_5)
FN:106,(anonymous_7)
FN:130,(anonymous_9)
FN:152,(anonymous_11)
FN:179,(anonymous_13)
FNF:8
FNH:8
FNDA:17,(anonymous_0)
FNDA:3,(anonymous_1)
FNDA:2,(anonymous_3)
FNDA:2,(anonymous_5)
FNDA:2,(anonymous_7)
FNDA:3,(anonymous_9)
FNDA:3,(anonymous_11)
FNDA:2,(anonymous_13)
DA:1,1
DA:9,1
DA:10,1
DA:16,1
DA:17,1
DA:19,1
DA:22,1
DA:24,17
DA:25,17
DA:26,17
DA:27,17
DA:29,17
DA:37,1
DA:43,3
DA:44,3
DA:45,1
DA:47,3
DA:48,3
DA:49,2
DA:50,1
DA:51,1
DA:52,1
DA:54,1
DA:58,1
DA:60,1
DA:61,1
DA:70,1
DA:71,2
DA:72,2
DA:73,2
DA:75,2
DA:76,1
DA:78,1
DA:79,1
DA:88,1
DA:89,2
DA:90,2
DA:91,1
DA:93,2
DA:94,1
DA:96,1
DA:97,1
DA:106,1
DA:109,2
DA:110,2
DA:111,1
DA:113,2
DA:114,2
DA:115,2
DA:120,1
DA:121,1
DA:130,1
DA:133,3
DA:134,3
DA:135,1
DA:136,1
DA:137,1
DA:140,1
DA:142,1
DA:143,1
DA:152,1
DA:156,3
DA:157,3
DA:158,3
DA:160,3
DA:161,1
DA:162,1
DA:164,1
DA:166,1
DA:167,1
DA:169,1
DA:170,1
DA:179,1
DA:180,2
DA:181,1
DA:182,1
DA:183,1
DA:186,1
DA:188,1
LF:79
LH:79
BRDA:44,0,0,1
BRDA:49,1,0,1
BRDA:72,2,0,2
BRDA:90,3,0,1
BRDA:110,4,0,1
BRDA:134,5,0,1
BRDA:157,6,0,3
BRDA:160,7,0,1
BRDA:180,8,0,1
BRF:9
BRH:9
end_of_record
TN:
SF:api/communityresources/controllers/forgotUserController.ts
FN:20,(anonymous_0)
FN:34,(anonymous_1)
FN:77,(anonymous_3)
FNF:3
FNH:3
FNDA:9,(anonymous_0)
FNDA:5,(anonymous_1)
FNDA:4,(anonymous_3)
DA:1,1
DA:7,1
DA:8,1
DA:9,1
DA:10,1
DA:11,1
DA:15,1
DA:16,1
DA:19,1
DA:21,9
DA:22,9
DA:23,9
DA:24,9
DA:26,9
DA:34,1
DA:37,5
DA:38,5
DA:39,1
DA:41,1
DA:43,1
DA:45,4
DA:46,1
DA:48,1
DA:50,1
DA:52,3
DA:53,1
DA:55,1
DA:57,1
DA:59,2
DA:60,2
DA:61,1
DA:62,1
DA:63,1
DA:65,1
DA:67,0
DA:68,0
DA:77,1
DA:80,4
DA:81,4
DA:82,1
DA:84,1
DA:85,1
DA:87,3
DA:88,2
DA:90,2
DA:91,2
DA:93,1
DA:95,0
DA:96,0
LF:49
LH:45
BRDA:38,0,0,1
BRDA:38,1,0,0
BRDA:38,1,1,5
BRDA:38,2,0,5
BRDA:38,2,1,5
BRDA:45,3,0,1
BRDA:45,4,0,0
BRDA:45,4,1,4
BRDA:45,5,0,4
BRDA:45,5,1,4
BRDA:52,6,0,1
BRDA:52,7,0,0
BRDA:52,7,1,3
BRDA:52,8,0,3
BRDA:52,8,1,3
BRDA:59,9,0,2
BRDA:59,9,1,1
BRDA:59,9,2,1
BRDA:59,9,3,1
BRDA:60,10,0,1
BRDA:81,11,0,1
BRDA:81,12,0,0
BRDA:81,12,1,4
BRDA:81,13,0,4
BRDA:81,13,1,4
BRDA:87,14,0,2
BRDA:87,15,0,0
BRDA:87,15,1,3
BRDA:87,16,0,3
BRDA:87,16,1,3
BRF:30
BRH:25
end_of_record
TN:
SF:api/communityresources/controllers/healthWiseController.ts
FN:18,(anonymous_0)
FN:32,(anonymous_1)
FN:55,(anonymous_3)
FN:79,(anonymous_5)
FN:108,(anonymous_7)
FN:135,(anonymous_9)
FN:161,(anonymous_11)
FNF:7
FNH:7
FNDA:17,(anonymous_0)
FNDA:3,(anonymous_1)
FNDA:3,(anonymous_3)
FNDA:3,(anonymous_5)
FNDA:3,(anonymous_7)
FNDA:3,(anonymous_9)
FNDA:2,(anonymous_11)
DA:1,1
DA:9,1
DA:10,1
DA:11,1
DA:12,1
DA:14,1
DA:17,1
DA:19,17
DA:20,17
DA:21,17
DA:22,17
DA:24,17
DA:32,1
DA:33,3
DA:34,3
DA:35,1
DA:37,3
DA:38,1
DA:39,1
DA:40,1
DA:42,1
DA:43,1
DA:45,1
DA:46,1
DA:55,1
DA:56,3
DA:57,3
DA:58,3
DA:60,3
DA:61,1
DA:62,1
DA:63,1
DA:65,1
DA:66,1
DA:67,1
DA:69,1
DA:70,1
DA:79,1
DA:85,3
DA:86,3
DA:87,2
DA:89,3
DA:90,1
DA:91,1
DA:92,1
DA:94,1
DA:95,1
DA:96,1
DA:98,1
DA:99,1
DA:108,1
DA:112,3
DA:113,3
DA:114,2
DA:116,3
DA:117,1
DA:118,1
DA:119,1
DA:121,1
DA:122,1
DA:123,1
DA:125,1
DA:126,1
DA:135,1
DA:139,3
DA:140,3
DA:141,2
DA:143,3
DA:144,1
DA:145,1
DA:146,1
DA:148,1
DA:149,1
DA:151,1
DA:152,1
DA:161,1
DA:164,2
DA:165,2
DA:166,1
DA:168,1
DA:169,1
LF:81
LH:81
BRDA:34,0,0,1
BRDA:37,1,0,1
BRDA:57,2,0,3
BRDA:60,3,0,1
BRDA:86,4,0,2
BRDA:89,5,0,1
BRDA:89,6,0,3
BRDA:89,6,1,1
BRDA:113,7,0,2
BRDA:116,8,0,1
BRDA:140,9,0,2
BRDA:143,10,0,1
BRF:12
BRH:12
end_of_record
TN:
SF:api/communityresources/controllers/imageController.ts
FN:19,(anonymous_0)
FN:33,(anonymous_1)
FN:63,(anonymous_3)
FN:95,(anonymous_5)
FN:120,(anonymous_7)
FNF:5
FNH:5
FNDA:15,(anonymous_0)
FNDA:5,(anonymous_1)
FNDA:4,(anonymous_3)
FNDA:3,(anonymous_5)
FNDA:3,(anonymous_7)
DA:1,1
DA:10,1
DA:11,1
DA:12,1
DA:14,1
DA:15,1
DA:18,1
DA:20,15
DA:21,15
DA:22,15
DA:23,15
DA:25,15
DA:33,1
DA:36,5
DA:37,5
DA:38,5
DA:39,5
DA:40,1
DA:41,1
DA:42,1
DA:44,4
DA:45,3
DA:46,3
DA:47,3
DA:49,1
DA:54,1
DA:63,1
DA:67,4
DA:68,4
DA:69,4
DA:70,4
DA:71,1
DA:72,1
DA:73,1
DA:75,3
DA:76,2
DA:77,2
DA:78,2
DA:80,1
DA:86,1
DA:95,1
DA:100,3
DA:101,3
DA:102,1
DA:103,1
DA:104,1
DA:106,2
DA:111,1
DA:120,1
DA:121,3
DA:122,1
DA:123,1
DA:124,1
DA:127,1
DA:129,1
LF:55
LH:55
BRDA:39,0,0,1
BRDA:44,1,0,3
BRDA:70,2,0,1
BRDA:70,3,0,4
BRDA:70,3,1,3
BRDA:75,4,0,2
BRDA:75,5,0,3
BRDA:75,5,1,2
BRDA:75,6,0,0
BRDA:75,6,1,2
BRDA:75,7,0,2
BRDA:75,7,1,2
BRDA:101,8,0,1
BRDA:121,9,0,1
BRF:14
BRH:13
end_of_record
TN:
SF:api/communityresources/controllers/imageUploadController.ts
FN:12,(anonymous_0)
FN:25,(anonymous_1)
FNF:2
FNH:2
FNDA:2,(anonymous_0)
FNDA:2,(anonymous_1)
DA:1,1
DA:2,1
DA:3,1
DA:4,1
DA:5,1
DA:7,1
DA:8,1
DA:11,1
DA:13,2
DA:14,2
DA:15,2
DA:17,2
DA:25,1
DA:28,2
DA:29,2
DA:30,2
DA:31,2
DA:34,1
DA:35,1
LF:19
LH:19
BRF:0
BRH:0
end_of_record
TN:
SF:api/communityresources/controllers/internalController.ts
FN:10,(anonymous_0)
FN:19,(anonymous_1)
FNF:2
FNH:2
FNDA:1,(anonymous_0)
FNDA:1,(anonymous_1)
DA:1,1
DA:2,1
DA:3,1
DA:4,1
DA:5,1
DA:6,1
DA:9,1
DA:10,1
DA:11,1
DA:19,1
DA:20,1
LF:11
LH:11
BRF:0
BRH:0
end_of_record
TN:
SF:api/communityresources/controllers/libraryController.ts
FN:20,(anonymous_0)
FN:35,(anonymous_1)
FN:55,(anonymous_2)
FN:98,(anonymous_4)
FN:135,(anonymous_6)
FNF:5
FNH:4
FNDA:19,(anonymous_0)
FNDA:0,(anonymous_1)
FNDA:7,(anonymous_2)
FNDA:6,(anonymous_4)
FNDA:6,(anonymous_6)
DA:1,1
DA:10,1
DA:11,1
DA:12,1
DA:13,1
DA:15,1
DA:16,1
DA:19,1
DA:21,19
DA:22,19
DA:23,19
DA:24,19
DA:25,19
DA:27,19
DA:35,1
DA:40,0
DA:41,0
DA:42,0
DA:43,0
DA:44,0
DA:47,0
DA:55,1
DA:57,7
DA:58,7
DA:59,1
DA:62,7
DA:63,1
DA:64,1
DA:66,1
DA:69,6
DA:70,6
DA:72,6
DA:73,1
DA:74,1
DA:76,1
DA:79,5
DA:80,1
DA:81,1
DA:83,1
DA:85,4
DA:86,4
DA:88,0
DA:89,0
DA:98,1
DA:103,6
DA:104,6
DA:105,1
DA:108,6
DA:109,1
DA:110,1
DA:112,1
DA:115,5
DA:116,1
DA:117,1
DA:119,1
DA:121,4
DA:122,4
DA:123,4
DA:125,0
DA:126,0
DA:135,1
DA:137,6
DA:138,6
DA:139,1
DA:142,6
DA:143,1
DA:144,1
DA:145,1
DA:147,5
DA:148,1
DA:149,1
DA:150,1
DA:152,4
DA:153,4
DA:154,4
DA:155,1
DA:156,1
DA:157,1
DA:159,3
DA:160,3
DA:162,0
DA:163,0
LF:82
LH:70
BRDA:40,0,0,0
BRDA:40,0,1,0
BRDA:40,1,0,0
BRDA:40,1,1,0
BRDA:41,2,0,0
BRDA:41,3,0,0
BRDA:41,3,1,0
BRDA:58,4,0,1
BRDA:62,5,0,1
BRDA:72,6,0,1
BRDA:79,7,0,1
BRDA:104,8,0,1
BRDA:108,9,0,1
BRDA:115,10,0,1
BRDA:138,11,0,1
BRDA:142,12,0,1
BRDA:147,13,0,1
BRDA:154,14,0,1
BRF:18
BRH:11
end_of_record
TN:
SF:api/communityresources/controllers/locationController.ts
FN:17,(anonymous_0)
FN:31,(anonymous_1)
FN:54,(anonymous_3)
FNF:3
FNH:3
FNDA:6,(anonymous_0)
FNDA:3,(anonymous_1)
FNDA:3,(anonymous_3)
DA:1,1
DA:9,1
DA:10,1
DA:11,1
DA:12,1
DA:13,1
DA:16,1
DA:18,6
DA:19,6
DA:20,6
DA:21,6
DA:23,6
DA:31,1
DA:34,3
DA:35,3
DA:36,1
DA:37,1
DA:38,1
DA:39,1
DA:42,2
DA:44,1
DA:45,1
DA:54,1
DA:55,3
DA:56,3
DA:57,3
DA:58,1
DA:59,1
DA:60,1
DA:61,1
DA:64,2
DA:66,1
DA:67,1
LF:33
LH:33
BRDA:35,0,0,1
BRDA:35,1,0,3
BRDA:35,1,1,2
BRDA:57,2,0,1
BRF:4
BRH:4
end_of_record
TN:
SF:api/communityresources/controllers/loginController.ts
FN:19,(anonymous_0)
FN:32,(anonymous_1)
FN:60,(anonymous_3)
FNF:3
FNH:3
FNDA:7,(anonymous_0)
FNDA:3,(anonymous_1)
FNDA:4,(anonymous_3)
DA:1,1
DA:7,1
DA:8,1
DA:9,1
DA:10,1
DA:11,1
DA:15,1
DA:18,1
DA:20,7
DA:21,7
DA:22,7
DA:24,7
DA:32,1
DA:35,3
DA:36,3
DA:37,1
DA:38,1
DA:39,1
DA:40,1
DA:42,2
DA:43,1
DA:44,1
DA:45,1
DA:46,1
DA:48,1
DA:50,0
DA:51,0
DA:60,1
DA:63,4
DA:64,4
DA:65,1
DA:67,1
DA:68,1
DA:70,3
DA:71,1
DA:73,1
DA:74,1
DA:76,2
DA:77,1
DA:79,1
DA:80,1
DA:82,1
DA:84,0
DA:85,0
LF:44
LH:40
BRDA:36,0,0,1
BRDA:36,1,0,0
BRDA:36,1,1,3
BRDA:36,2,0,3
BRDA:36,2,1,3
BRDA:42,3,0,1
BRDA:42,4,0,0
BRDA:42,4,1,2
BRDA:42,5,0,2
BRDA:42,5,1,2
BRDA:64,6,0,1
BRDA:64,7,0,0
BRDA:64,7,1,4
BRDA:64,8,0,4
BRDA:64,8,1,4
BRDA:70,9,0,1
BRDA:70,10,0,0
BRDA:70,10,1,3
BRDA:70,11,0,3
BRDA:70,11,1,3
BRDA:76,12,0,1
BRDA:76,13,0,0
BRDA:76,13,1,2
BRDA:76,14,0,2
BRDA:76,14,1,2
BRF:25
BRH:20
end_of_record
TN:
SF:api/communityresources/controllers/manageProfileController.ts
FN:16,(anonymous_0)
FN:29,(anonymous_1)
FNF:2
FNH:2
FNDA:2,(anonymous_0)
FNDA:2,(anonymous_1)
DA:1,1
DA:8,1
DA:9,1
DA:10,1
DA:12,1
DA:15,1
DA:17,2
DA:18,2
DA:19,2
DA:21,2
DA:29,1
DA:30,2
DA:31,2
DA:32,2
DA:33,1
DA:34,1
DA:35,1
DA:37,1
LF:18
LH:18
BRDA:32,0,0,1
BRF:1
BRH:1
end_of_record
TN:
SF:api/communityresources/controllers/pollController.ts
FN:24,(anonymous_0)
FN:37,(anonymous_1)
FNF:2
FNH:2
FNDA:2,(anonymous_0)
FNDA:2,(anonymous_1)
DA:1,1
DA:7,1
DA:8,1
DA:13,1
DA:17,1
DA:18,1
DA:20,1
DA:23,1
DA:25,2
DA:26,2
DA:27,2
DA:29,2
DA:37,1
DA:40,2
DA:41,2
DA:42,2
DA:44,2
DA:46,1
DA:47,1
LF:19
LH:19
BRF:0
BRH:0
end_of_record
TN:
SF:api/communityresources/controllers/postImageController.ts
FN:17,(anonymous_0)
FN:30,(anonymous_1)
FNF:2
FNH:2
FNDA:2,(anonymous_0)
FNDA:2,(anonymous_1)
DA:1,1
DA:9,1
DA:10,1
DA:11,1
DA:13,1
DA:16,1
DA:18,2
DA:19,2
DA:20,2
DA:22,2
DA:30,1
DA:31,2
DA:32,1
DA:33,1
DA:34,1
DA:37,1
DA:39,1
LF:17
LH:17
BRDA:31,0,0,1
BRF:1
BRH:1
end_of_record
TN:
SF:api/communityresources/controllers/postsController.ts
FN:23,(anonymous_0)
FN:37,(anonymous_1)
FN:74,(anonymous_3)
FN:112,(anonymous_5)
FN:134,(anonymous_7)
FN:172,(anonymous_9)
FN:212,(anonymous_11)
FN:234,(anonymous_13)
FN:263,(anonymous_15)
FNF:9
FNH:9
FNDA:25,(anonymous_0)
FNDA:3,(anonymous_1)
FNDA:3,(anonymous_3)
FNDA:1,(anonymous_5)
FNDA:5,(anonymous_7)
FNDA:4,(anonymous_9)
FNDA:3,(anonymous_11)
FNDA:3,(anonymous_13)
FNDA:3,(anonymous_15)
DA:1,1
DA:10,1
DA:11,1
DA:14,1
DA:15,1
DA:17,1
DA:19,1
DA:22,1
DA:24,25
DA:25,25
DA:26,25
DA:27,25
DA:29,25
DA:37,1
DA:43,3
DA:44,3
DA:46,3
DA:47,1
DA:49,3
DA:54,3
DA:55,3
DA:57,3
DA:58,3
DA:59,1
DA:60,1
DA:61,1
DA:63,2
DA:65,0
DA:74,1
DA:81,3
DA:82,3
DA:84,3
DA:85,1
DA:87,3
DA:92,3
DA:93,3
DA:95,3
DA:96,3
DA:97,1
DA:98,1
DA:99,1
DA:101,2
DA:103,0
DA:112,1
DA:116,1
DA:117,1
DA:118,1
DA:120,1
DA:121,1
DA:123,1
DA:125,0
DA:134,1
DA:135,5
DA:136,5
DA:137,5
DA:138,5
DA:139,1
DA:140,1
DA:141,1
DA:143,4
DA:144,1
DA:145,1
DA:146,1
DA:148,3
DA:149,3
DA:151,3
DA:154,3
DA:155,1
DA:156,1
DA:157,1
DA:160,2
DA:162,0
DA:163,0
DA:172,1
DA:173,4
DA:174,4
DA:175,4
DA:176,4
DA:177,1
DA:178,1
DA:179,1
DA:182,3
DA:183,1
DA:184,1
DA:185,1
DA:188,2
DA:189,2
DA:192,2
DA:195,2
DA:196,1
DA:197,1
DA:198,1
DA:200,1
DA:202,0
DA:203,0
DA:212,1
DA:213,3
DA:214,3
DA:215,1
DA:216,1
DA:217,1
DA:219,2
DA:220,2
DA:221,2
DA:222,2
DA:224,0
DA:225,0
DA:234,1
DA:235,3
DA:236,3
DA:237,1
DA:238,1
DA:239,1
DA:241,2
DA:242,2
DA:243,1
DA:244,1
DA:245,1
DA:248,1
DA:249,1
DA:250,1
DA:253,0
DA:254,0
DA:263,1
DA:264,3
DA:265,3
DA:266,1
DA:267,1
DA:268,1
DA:270,2
DA:271,2
DA:272,1
DA:273,1
DA:274,1
DA:277,1
DA:278,1
DA:279,1
DA:282,0
DA:283,0
LF:139
LH:126
BRDA:44,0,0,2
BRDA:44,0,1,1
BRDA:44,1,0,3
BRDA:44,1,1,3
BRDA:46,2,0,1
BRDA:58,3,0,1
BRDA:82,4,0,2
BRDA:82,4,1,1
BRDA:82,5,0,3
BRDA:82,5,1,3
BRDA:84,6,0,1
BRDA:96,7,0,1
BRDA:117,8,0,1
BRDA:138,9,0,1
BRDA:143,10,0,1
BRDA:148,11,0,3
BRDA:154,12,0,1
BRDA:176,13,0,1
BRDA:176,14,0,4
BRDA:176,14,1,3
BRDA:182,15,0,1
BRDA:188,16,0,2
BRDA:195,17,0,1
BRDA:214,18,0,1
BRDA:221,19,0,1
BRDA:221,19,1,1
BRDA:236,20,0,1
BRDA:236,21,0,3
BRDA:236,21,1,2
BRDA:241,22,0,2
BRDA:242,23,0,1
BRDA:265,24,0,1
BRDA:265,25,0,3
BRDA:265,25,1,2
BRDA:270,26,0,2
BRDA:271,27,0,1
BRF:36
BRH:36
end_of_record
TN:
SF:api/communityresources/controllers/profileCredentialUpdateController.ts
FN:24,(anonymous_0)
FN:37,(anonymous_1)
FNF:2
FNH:2
FNDA:6,(anonymous_0)
FNDA:6,(anonymous_1)
DA:1,1
DA:9,1
DA:10,1
DA:14,1
DA:15,1
DA:20,1
DA:23,1
DA:25,6
DA:26,6
DA:27,6
DA:29,6
DA:37,1
DA:40,6
DA:41,6
DA:42,1
DA:44,1
DA:45,1
DA:47,5
DA:48,1
DA:50,1
DA:51,1
DA:53,4
DA:54,1
DA:56,1
DA:57,1
DA:59,3
DA:60,3
DA:61,0
DA:63,0
DA:64,0
DA:66,3
DA:67,2
DA:69,2
DA:70,2
DA:72,1
DA:74,0
DA:75,0
LF:37
LH:32
BRDA:41,0,0,1
BRDA:41,1,0,0
BRDA:41,1,1,6
BRDA:41,2,0,6
BRDA:41,2,1,6
BRDA:47,3,0,1
BRDA:47,4,0,0
BRDA:47,4,1,5
BRDA:47,5,0,5
BRDA:47,5,1,5
BRDA:53,6,0,1
BRDA:53,7,0,0
BRDA:53,7,1,4
BRDA:53,8,0,4
BRDA:53,8,1,4
BRDA:59,9,0,0
BRDA:59,9,1,3
BRDA:59,10,0,3
BRDA:59,10,1,3
BRDA:60,11,0,0
BRDA:60,12,0,3
BRDA:60,12,1,1
BRDA:60,13,0,0
BRDA:60,13,1,3
BRDA:60,14,0,3
BRDA:60,14,1,3
BRDA:66,15,0,2
BRDA:66,16,0,3
BRDA:66,16,1,3
BRDA:66,17,0,0
BRDA:66,17,1,3
BRDA:66,18,0,3
BRDA:66,18,1,3
BRF:33
BRH:26
end_of_record
TN:
SF:api/communityresources/controllers/profileGetContactsController.ts
FN:24,(anonymous_0)
FN:38,(anonymous_1)
FN:60,(anonymous_3)
FNF:3
FNH:3
FNDA:4,(anonymous_0)
FNDA:2,(anonymous_1)
FNDA:2,(anonymous_3)
DA:1,1
DA:9,1
DA:10,1
DA:13,1
DA:14,1
DA:19,1
DA:20,1
DA:23,1
DA:25,4
DA:26,4
DA:27,4
DA:28,4
DA:30,4
DA:38,1
DA:41,2
DA:42,2
DA:43,1
DA:45,1
DA:46,1
DA:48,1
DA:50,0
DA:51,0
DA:60,1
DA:64,2
DA:65,2
DA:66,2
DA:67,1
DA:68,1
DA:69,1
DA:71,1
DA:72,0
DA:73,0
DA:74,0
DA:76,1
DA:77,1
DA:78,1
DA:79,1
DA:81,0
DA:82,0
LF:39
LH:32
BRDA:42,0,0,1
BRDA:66,1,0,1
BRDA:71,2,0,0
BRDA:79,3,0,0
BRDA:79,3,1,1
BRF:5
BRH:3
end_of_record
TN:
SF:api/communityresources/controllers/profileUpdateARNController.ts
FN:23,(anonymous_0)
FN:37,(anonymous_1)
FN:64,(anonymous_3)
FNF:3
FNH:3
FNDA:4,(anonymous_0)
FNDA:2,(anonymous_1)
FNDA:2,(anonymous_3)
DA:1,1
DA:7,1
DA:8,1
DA:12,1
DA:13,1
DA:18,1
DA:19,1
DA:22,1
DA:24,4
DA:25,4
DA:26,4
DA:27,4
DA:29,4
DA:37,1
DA:40,2
DA:41,2
DA:42,1
DA:43,1
DA:44,1
DA:46,1
DA:47,1
DA:48,1
DA:49,1
DA:51,0
DA:52,0
DA:54,0
DA:55,0
DA:64,1
DA:67,2
DA:68,2
DA:69,1
DA:70,1
DA:71,1
DA:73,1
DA:75,0
DA:76,0
LF:36
LH:30
BRDA:41,0,0,1
BRDA:41,1,0,0
BRDA:41,1,1,2
BRDA:41,2,0,2
BRDA:41,2,1,2
BRDA:46,3,0,1
BRDA:52,4,0,0
BRDA:52,4,1,0
BRDA:68,5,0,1
BRDA:68,6,0,0
BRDA:68,6,1,2
BRDA:68,7,0,2
BRDA:68,7,1,2
BRF:13
BRH:9
end_of_record
TN:
SF:api/communityresources/controllers/profileUpdateSecurityQAController.ts
FN:23,(anonymous_0)
FN:37,(anonymous_1)
FN:80,(anonymous_3)
FNF:3
FNH:3
FNDA:9,(anonymous_0)
FNDA:6,(anonymous_1)
FNDA:3,(anonymous_3)
DA:1,1
DA:7,1
DA:8,1
DA:12,1
DA:13,1
DA:18,1
DA:19,1
DA:22,1
DA:24,9
DA:25,9
DA:26,9
DA:27,9
DA:29,9
DA:37,1
DA:43,6
DA:44,6
DA:45,1
DA:47,1
DA:48,1
DA:50,5
DA:51,5
DA:52,1
DA:54,1
DA:55,1
DA:57,4
DA:58,2
DA:60,2
DA:61,2
DA:62,2
DA:63,1
DA:65,1
DA:66,1
DA:68,1
DA:70,1
DA:71,1
DA:80,1
DA:83,3
DA:84,3
DA:85,0
DA:87,0
DA:88,0
DA:90,3
DA:91,1
DA:92,1
DA:93,1
DA:95,2
DA:96,2
DA:97,1
DA:99,1
DA:100,1
DA:102,1
DA:103,0
DA:105,0
DA:106,0
DA:108,1
DA:109,0
DA:111,0
DA:112,0
DA:114,1
DA:116,1
DA:117,1
LF:61
LH:52
BRDA:44,0,0,1
BRDA:51,1,0,1
BRDA:51,2,0,5
BRDA:51,2,1,1
BRDA:57,3,0,2
BRDA:57,3,1,2
BRDA:57,4,0,4
BRDA:57,4,1,2
BRDA:62,5,0,1
BRDA:62,6,0,2
BRDA:62,6,1,1
BRDA:68,7,0,0
BRDA:68,7,1,1
BRDA:84,8,0,0
BRDA:84,9,0,0
BRDA:84,9,1,3
BRDA:84,10,0,3
BRDA:84,10,1,3
BRDA:90,11,0,1
BRDA:90,12,0,0
BRDA:90,12,1,3
BRDA:90,13,0,3
BRDA:90,13,1,3
BRDA:95,14,0,0
BRDA:95,14,1,2
BRDA:95,15,0,2
BRDA:95,15,1,2
BRDA:96,16,0,1
BRDA:96,16,1,1
BRDA:96,17,0,2
BRDA:96,17,1,1
BRDA:96,18,0,0
BRDA:96,18,1,2
BRDA:96,19,0,2
BRDA:96,19,1,2
BRDA:102,20,0,0
BRDA:102,20,1,1
BRDA:102,21,0,1
BRDA:102,21,1,0
BRDA:102,22,0,0
BRDA:102,22,1,1
BRDA:102,23,0,1
BRDA:102,23,1,1
BRDA:108,24,0,0
BRDA:108,25,0,1
BRDA:108,25,1,1
BRDA:108,26,0,0
BRDA:108,26,1,1
BRDA:108,27,0,1
BRDA:108,27,1,1
BRDA:114,28,0,0
BRDA:114,28,1,1
BRF:52
BRH:40
end_of_record
TN:
SF:api/communityresources/controllers/programController.ts
FN:16,(anonymous_0)
FN:29,(anonymous_1)
FN:38,(anonymous_3)
FN:61,(anonymous_5)
FN:143,(anonymous_7)
FNF:5
FNH:5
FNDA:6,(anonymous_0)
FNDA:1,(anonymous_1)
FNDA:2,(anonymous_3)
FNDA:3,(anonymous_5)
FNDA:1,(anonymous_7)
DA:1,1
DA:7,1
DA:8,1
DA:9,1
DA:10,1
DA:12,1
DA:15,1
DA:17,6
DA:18,6
DA:19,6
DA:21,6
DA:29,1
DA:30,1
DA:38,1
DA:42,2
DA:43,2
DA:44,1
DA:45,1
DA:46,1
DA:48,1
DA:50,0
DA:51,0
DA:61,1
DA:73,3
DA:74,3
DA:75,3
DA:76,0
DA:83,3
DA:84,1
DA:91,3
DA:103,0
DA:110,3
DA:111,1
DA:113,3
DA:114,2
DA:116,3
DA:117,1
DA:119,3
DA:120,2
DA:122,3
DA:123,1
DA:125,2
DA:138,0
DA:139,0
DA:144,1
DA:145,1
DA:146,1
LF:47
LH:41
BRDA:43,0,0,1
BRDA:75,1,0,0
BRDA:83,2,0,1
BRDA:83,3,0,3
BRDA:83,3,1,1
BRDA:83,3,2,1
BRDA:91,4,0,0
BRDA:93,5,0,3
BRDA:93,5,1,3
BRDA:93,5,2,2
BRDA:93,5,3,2
BRDA:93,5,4,0
BRDA:93,5,5,0
BRDA:93,5,6,0
BRDA:93,5,7,0
BRDA:110,6,0,1
BRDA:113,7,0,2
BRDA:116,8,0,1
BRDA:119,9,0,2
BRDA:122,10,0,1
BRF:20
BRH:14
end_of_record
TN:
SF:api/communityresources/controllers/promptController.ts
FN:20,(anonymous_0)
FN:34,(anonymous_1)
FN:64,(anonymous_3)
FN:88,(anonymous_5)
FN:112,(anonymous_7)
FN:133,(anonymous_9)
FNF:6
FNH:6
FNDA:13,(anonymous_0)
FNDA:4,(anonymous_1)
FNDA:3,(anonymous_3)
FNDA:3,(anonymous_5)
FNDA:2,(anonymous_7)
FNDA:1,(anonymous_9)
DA:1,1
DA:9,1
DA:10,1
DA:11,1
DA:12,1
DA:14,1
DA:16,1
DA:19,1
DA:21,13
DA:22,13
DA:23,13
DA:24,13
DA:26,13
DA:34,1
DA:40,4
DA:41,4
DA:42,1
DA:44,4
DA:45,4
DA:46,4
DA:47,1
DA:48,1
DA:49,1
DA:51,3
DA:52,3
DA:54,0
DA:55,0
DA:64,1
DA:65,3
DA:66,3
DA:67,1
DA:69,3
DA:70,1
DA:71,1
DA:73,1
DA:75,2
DA:76,2
DA:78,0
DA:79,0
DA:88,1
DA:89,3
DA:90,3
DA:91,0
DA:93,3
DA:94,1
DA:95,1
DA:97,1
DA:99,2
DA:100,2
DA:102,0
DA:103,0
DA:112,1
DA:113,2
DA:114,2
DA:115,2
DA:116,1
DA:117,1
DA:118,1
DA:120,1
DA:121,1
DA:123,0
DA:124,0
DA:133,1
DA:137,1
LF:64
LH:55
BRDA:41,0,0,1
BRDA:46,1,0,1
BRDA:66,2,0,1
BRDA:69,3,0,1
BRDA:90,4,0,0
BRDA:93,5,0,1
BRDA:115,6,0,1
BRF:7
BRH:6
end_of_record
TN:
SF:api/communityresources/controllers/publicController.ts
FN:24,(anonymous_0)
FN:39,(anonymous_1)
FN:54,(anonymous_3)
FN:69,(anonymous_5)
FN:92,(anonymous_7)
FN:151,(anonymous_9)
FN:170,(anonymous_10)
FN:190,(anonymous_12)
FNF:8
FNH:8
FNDA:9,(anonymous_0)
FNDA:1,(anonymous_1)
FNDA:1,(anonymous_3)
FNDA:2,(anonymous_5)
FNDA:1,(anonymous_7)
FNDA:3,(anonymous_9)
FNDA:2,(anonymous_10)
FNDA:2,(anonymous_12)
DA:1,1
DA:9,1
DA:10,1
DA:15,1
DA:16,1
DA:18,1
DA:19,1
DA:20,1
DA:23,1
DA:25,9
DA:26,9
DA:27,9
DA:28,9
DA:29,9
DA:31,9
DA:39,1
DA:40,1
DA:41,1
DA:42,1
DA:44,0
DA:45,0
DA:54,1
DA:55,1
DA:56,1
DA:57,1
DA:59,0
DA:60,0
DA:69,1
DA:72,2
DA:73,2
DA:74,1
DA:75,1
DA:76,1
DA:78,1
DA:79,1
DA:81,0
DA:82,0
DA:92,1
DA:93,1
DA:94,1
DA:96,1
DA:150,1
DA:151,1
DA:152,3
DA:156,1
DA:158,1
DA:160,0
DA:161,0
DA:170,1
DA:173,2
DA:174,2
DA:175,1
DA:178,2
DA:180,0
DA:181,0
DA:190,1
DA:194,2
DA:195,1
DA:196,1
DA:197,1
DA:200,1
LF:61
LH:51
BRDA:73,0,0,1
BRDA:73,1,0,2
BRDA:73,1,1,1
BRDA:73,2,0,0
BRDA:73,2,1,1
BRDA:73,3,0,1
BRDA:73,3,1,1
BRDA:73,4,0,0
BRDA:73,4,1,1
BRDA:73,5,0,1
BRDA:73,5,1,1
BRDA:153,6,0,0
BRDA:153,6,1,3
BRDA:153,7,0,3
BRDA:153,7,1,3
BRDA:174,8,0,1
BRDA:194,9,0,1
BRF:17
BRH:14
end_of_record
TN:
SF:api/communityresources/controllers/searchTermController.ts
FN:25,(anonymous_0)
FN:38,(anonymous_1)
FN:56,(anonymous_3)
FN:75,(anonymous_5)
FNF:4
FNH:4
FNDA:7,(anonymous_0)
FNDA:3,(anonymous_1)
FNDA:2,(anonymous_3)
FNDA:3,(anonymous_5)
DA:1,1
DA:9,1
DA:10,1
DA:17,1
DA:18,1
DA:20,1
DA:21,1
DA:24,1
DA:26,7
DA:27,7
DA:28,7
DA:30,7
DA:38,1
DA:39,3
DA:40,3
DA:41,2
DA:43,3
DA:44,3
DA:46,0
DA:47,0
DA:56,1
DA:57,2
DA:58,2
DA:59,1
DA:61,2
DA:62,2
DA:63,2
DA:65,0
DA:66,0
DA:75,1
DA:79,3
DA:80,3
DA:81,1
DA:82,1
DA:83,1
DA:86,2
DA:87,1
DA:90,2
DA:93,2
DA:95,2
DA:102,0
DA:103,0
LF:42
LH:36
BRDA:40,0,0,2
BRDA:58,1,0,1
BRDA:80,2,0,1
BRDA:80,3,0,3
BRDA:80,3,1,2
BRDA:86,4,0,1
BRF:6
BRH:6
end_of_record
TN:
SF:api/communityresources/controllers/storyController.ts
FN:29,(anonymous_0)
FN:44,(anonymous_1)
FN:73,(anonymous_3)
FN:106,(anonymous_5)
FN:127,(anonymous_7)
FN:158,(anonymous_9)
FN:188,(anonymous_11)
FN:215,(anonymous_13)
FN:249,(anonymous_15)
FN:285,(anonymous_17)
FN:323,(anonymous_19)
FN:351,(anonymous_21)
FN:379,(anonymous_23)
FN:409,(anonymous_25)
FN:438,(anonymous_27)
FN:465,(anonymous_29)
FN:489,(anonymous_31)
FN:524,(anonymous_33)
FNF:18
FNH:18
FNDA:45,(anonymous_0)
FNDA:2,(anonymous_1)
FNDA:2,(anonymous_3)
FNDA:2,(anonymous_5)
FNDA:2,(anonymous_7)
FNDA:2,(anonymous_9)
FNDA:2,(anonymous_11)
FNDA:3,(anonymous_13)
FNDA:5,(anonymous_15)
FNDA:5,(anonymous_17)
FNDA:3,(anonymous_19)
FNDA:3,(anonymous_21)
FNDA:2,(anonymous_23)
FNDA:2,(anonymous_25)
FNDA:2,(anonymous_27)
FNDA:2,(anonymous_29)
FNDA:3,(anonymous_31)
FNDA:2,(anonymous_33)
DA:1,1
DA:10,1
DA:11,1
DA:12,1
DA:19,1
DA:20,1
DA:23,1
DA:24,1
DA:25,1
DA:28,1
DA:30,45
DA:31,45
DA:32,45
DA:33,45
DA:34,45
DA:36,45
DA:44,1
DA:49,2
DA:50,2
DA:55,2
DA:56,2
DA:57,1
DA:58,1
DA:59,1
DA:61,1
DA:63,0
DA:64,0
DA:73,1
DA:78,2
DA:79,2
DA:80,0
DA:83,2
DA:84,1
DA:87,2
DA:88,1
DA:89,1
DA:90,1
DA:92,1
DA:93,1
DA:94,1
DA:96,0
DA:97,0
DA:106,1
DA:109,2
DA:110,2
DA:111,1
DA:112,1
DA:113,1
DA:115,1
DA:117,0
DA:118,0
DA:127,1
DA:133,2
DA:134,2
DA:135,2
DA:136,1
DA:137,1
DA:138,1
DA:140,1
DA:141,1
DA:142,1
DA:148,0
DA:149,0
DA:158,1
DA:165,2
DA:166,2
DA:167,2
DA:168,1
DA:169,1
DA:170,1
DA:172,1
DA:178,0
DA:179,0
DA:188,1
DA:191,2
DA:192,2
DA:195,2
DA:196,1
DA:197,1
DA:198,1
DA:201,1
DA:205,0
DA:206,0
DA:215,1
DA:216,3
DA:217,3
DA:221,3
DA:222,1
DA:223,1
DA:224,1
DA:227,2
DA:228,2
DA:230,2
DA:231,1
DA:232,1
DA:234,1
DA:237,1
DA:239,0
DA:240,0
DA:249,1
DA:250,5
DA:251,5
DA:252,5
DA:253,5
DA:254,1
DA:255,1
DA:256,1
DA:258,4
DA:259,1
DA:260,1
DA:261,1
DA:263,3
DA:264,3
DA:266,3
DA:269,3
DA:270,1
DA:273,2
DA:275,0
DA:276,0
DA:285,1
DA:286,5
DA:287,5
DA:288,5
DA:289,5
DA:290,1
DA:291,1
DA:292,1
DA:295,4
DA:296,1
DA:297,1
DA:298,1
DA:301,3
DA:302,3
DA:305,3
DA:308,3
DA:309,1
DA:311,2
DA:313,0
DA:314,0
DA:323,1
DA:324,3
DA:325,3
DA:326,1
DA:327,1
DA:328,1
DA:330,2
DA:331,2
DA:332,1
DA:333,1
DA:334,1
DA:337,1
DA:338,1
DA:339,1
DA:341,0
DA:342,0
DA:351,1
DA:352,3
DA:353,3
DA:354,1
DA:355,1
DA:356,1
DA:358,2
DA:359,1
DA:360,1
DA:361,1
DA:362,1
DA:365,1
DA:366,1
DA:367,1
DA:369,0
DA:370,0
DA:379,1
DA:383,2
DA:384,2
DA:385,1
DA:386,1
DA:387,1
DA:390,1
DA:391,1
DA:393,1
DA:399,0
DA:400,0
DA:409,1
DA:413,2
DA:414,2
DA:415,1
DA:416,1
DA:417,1
DA:420,1
DA:421,1
DA:423,1
DA:429,0
DA:438,1
DA:441,2
DA:442,2
DA:443,1
DA:444,1
DA:445,1
DA:448,1
DA:450,1
DA:455,0
DA:456,0
DA:465,1
DA:468,2
DA:469,2
DA:470,1
DA:471,1
DA:472,1
DA:475,1
DA:477,1
DA:479,0
DA:480,0
DA:489,1
DA:493,3
DA:494,3
DA:498,3
DA:499,1
DA:500,1
DA:501,1
DA:504,2
DA:505,2
DA:506,2
DA:507,1
DA:508,1
DA:509,1
DA:511,1
DA:514,0
DA:515,0
DA:524,1
DA:525,2
DA:526,2
DA:527,1
DA:528,1
DA:529,1
DA:531,1
DA:532,1
DA:533,1
DA:534,1
DA:536,0
DA:537,0
LF:240
LH:206
BRDA:53,0,0,0
BRDA:53,0,1,2
BRDA:56,1,0,1
BRDA:79,2,0,0
BRDA:83,3,0,1
BRDA:87,4,0,1
BRDA:110,5,0,1
BRDA:135,6,0,1
BRDA:167,7,0,1
BRDA:167,8,0,2
BRDA:167,8,1,1
BRDA:195,9,0,1
BRDA:221,10,0,1
BRDA:230,11,0,1
BRDA:253,12,0,1
BRDA:258,13,0,1
BRDA:263,14,0,3
BRDA:269,15,0,1
BRDA:289,16,0,1
BRDA:289,17,0,5
BRDA:289,17,1,4
BRDA:295,18,0,1
BRDA:301,19,0,3
BRDA:308,20,0,1
BRDA:325,21,0,1
BRDA:325,22,0,3
BRDA:325,22,1,2
BRDA:330,23,0,2
BRDA:331,24,0,1
BRDA:353,25,0,1
BRDA:353,26,0,3
BRDA:353,26,1,2
BRDA:358,27,0,1
BRDA:359,28,0,1
BRDA:384,29,0,1
BRDA:414,30,0,1
BRDA:414,31,0,2
BRDA:414,31,1,1
BRDA:442,32,0,1
BRDA:469,33,0,1
BRDA:498,34,0,1
BRDA:506,35,0,1
BRDA:526,36,0,1
BRDA:533,37,0,0
BRDA:533,37,1,1
BRF:45
BRH:42
end_of_record
TN:
SF:api/communityresources/controllers/userAttributesController.ts
FN:12,(anonymous_0)
FN:26,(anonymous_1)
FN:51,(anonymous_3)
FN:75,(anonymous_5)
FNF:4
FNH:4
FNDA:6,(anonymous_0)
FNDA:2,(anonymous_1)
FNDA:2,(anonymous_3)
FNDA:2,(anonymous_5)
DA:1,1
DA:2,1
DA:3,1
DA:4,1
DA:5,1
DA:7,1
DA:8,1
DA:11,1
DA:13,6
DA:14,6
DA:15,6
DA:16,6
DA:18,6
DA:26,1
DA:29,2
DA:30,2
DA:31,2
DA:32,2
DA:33,1
DA:34,1
DA:35,1
DA:38,1
DA:39,1
DA:41,0
DA:42,0
DA:51,1
DA:54,2
DA:55,2
DA:56,2
DA:57,1
DA:58,1
DA:60,1
DA:63,1
DA:65,0
DA:66,0
DA:75,1
DA:78,2
DA:79,2
DA:80,2
DA:81,1
DA:82,1
DA:84,1
DA:87,1
DA:89,0
DA:90,0
LF:45
LH:39
BRDA:32,0,0,1
BRDA:38,1,0,1
BRDA:38,1,1,0
BRDA:38,2,0,1
BRDA:38,2,1,1
BRDA:56,3,0,1
BRDA:80,4,0,1
BRF:7
BRH:6
end_of_record
TN:
SF:api/communityresources/controllers/usersController.ts
FN:42,(anonymous_0)
FN:59,(anonymous_1)
FN:93,(anonymous_3)
FN:107,(anonymous_5)
FN:129,(anonymous_7)
FN:148,(anonymous_9)
FN:159,(anonymous_11)
FN:176,(anonymous_13)
FN:197,(anonymous_15)
FN:218,(anonymous_17)
FN:242,(anonymous_19)
FN:262,(anonymous_21)
FN:285,(anonymous_23)
FN:297,(anonymous_25)
FN:314,(anonymous_27)
FN:331,(anonymous_29)
FN:357,(anonymous_31)
FN:383,(anonymous_33)
FN:401,(anonymous_35)
FN:419,(anonymous_37)
FN:437,(anonymous_38)
FN:457,(anonymous_40)
FN:490,(anonymous_42)
FN:517,(anonymous_44)
FN:535,(anonymous_46)
FN:580,(anonymous_48)
FN:594,(anonymous_50)
FNF:27
FNH:26
FNDA:45,(anonymous_0)
FNDA:2,(anonymous_1)
FNDA:2,(anonymous_3)
FNDA:3,(anonymous_5)
FNDA:2,(anonymous_7)
FNDA:1,(anonymous_9)
FNDA:2,(anonymous_11)
FNDA:2,(anonymous_13)
FNDA:2,(anonymous_15)
FNDA:3,(anonymous_17)
FNDA:2,(anonymous_19)
FNDA:1,(anonymous_21)
FNDA:1,(anonymous_23)
FNDA:1,(anonymous_25)
FNDA:2,(anonymous_27)
FNDA:2,(anonymous_29)
FNDA:3,(anonymous_31)
FNDA:1,(anonymous_33)
FNDA:3,(anonymous_35)
FNDA:2,(anonymous_37)
FNDA:1,(anonymous_38)
FNDA:1,(anonymous_40)
FNDA:1,(anonymous_42)
FNDA:2,(anonymous_44)
FNDA:4,(anonymous_46)
FNDA:0,(anonymous_48)
FNDA:1,(anonymous_50)
DA:1,1
DA:11,1
DA:12,1
DA:19,1
DA:20,1
DA:21,1
DA:23,1
DA:25,1
DA:26,1
DA:35,1
DA:36,1
DA:37,1
DA:38,1
DA:41,1
DA:43,45
DA:44,45
DA:45,45
DA:46,45
DA:47,45
DA:48,45
DA:49,45
DA:51,45
DA:59,1
DA:64,2
DA:65,2
DA:66,1
DA:68,2
DA:73,2
DA:74,2
DA:75,2
DA:76,1
DA:77,1
DA:78,1
DA:80,1
DA:83,0
DA:84,0
DA:93,1
DA:94,2
DA:95,1
DA:96,1
DA:97,1
DA:99,1
DA:107,1
DA:111,3
DA:112,1
DA:113,1
DA:114,1
DA:116,2
DA:117,1
DA:118,1
DA:119,1
DA:121,1
DA:129,1
DA:132,2
DA:133,1
DA:134,1
DA:135,1
DA:137,1
DA:138,1
DA:140,1
DA:148,1
DA:149,1
DA:150,1
DA:151,1
DA:159,1
DA:160,2
DA:161,2
DA:162,2
DA:163,1
DA:164,1
DA:165,1
DA:167,1
DA:168,1
DA:176,1
DA:179,2
DA:180,1
DA:181,1
DA:182,1
DA:184,1
DA:185,1
DA:186,1
DA:197,1
DA:199,2
DA:200,1
DA:202,2
DA:203,1
DA:204,1
DA:205,1
DA:208,1
DA:210,1
DA:218,1
DA:219,3
DA:220,1
DA:221,1
DA:222,1
DA:224,2
DA:225,1
DA:226,1
DA:227,1
DA:230,1
DA:231,1
DA:233,1
DA:234,1
DA:242,1
DA:245,2
DA:246,1
DA:247,1
DA:248,1
DA:251,1
DA:252,1
DA:254,1
DA:262,1
DA:265,1
DA:266,0
DA:267,0
DA:268,0
DA:270,1
DA:271,0
DA:272,0
DA:273,0
DA:275,1
DA:276,1
DA:277,1
DA:285,1
DA:286,1
DA:287,1
DA:289,1
DA:297,1
DA:300,1
DA:301,0
DA:302,0
DA:303,0
DA:305,1
DA:306,1
DA:314,1
DA:315,2
DA:316,1
DA:317,1
DA:318,1
DA:321,1
DA:323,1
DA:331,1
DA:334,2
DA:335,1
DA:336,1
DA:337,1
DA:340,1
DA:341,1
DA:343,1
DA:344,0
DA:345,0
DA:346,0
DA:349,1
DA:357,1
DA:361,3
DA:362,1
DA:363,1
DA:364,1
DA:367,2
DA:368,1
DA:369,1
DA:370,1
DA:373,1
DA:375,1
DA:383,1
DA:386,1
DA:387,0
DA:388,0
DA:389,0
DA:392,1
DA:393,1
DA:401,1
DA:404,3
DA:405,1
DA:406,1
DA:407,1
DA:410,2
DA:411,1
DA:412,1
DA:413,1
DA:416,1
DA:417,1
DA:419,1
DA:420,2
DA:421,2
DA:424,0
DA:428,1
DA:429,1
DA:437,1
DA:439,1
DA:440,1
DA:441,1
DA:442,1
DA:457,1
DA:460,1
DA:461,1
DA:462,1
DA:465,1
DA:466,0
DA:467,0
DA:468,0
DA:472,1
DA:473,0
DA:474,0
DA:475,0
DA:478,1
DA:480,0
DA:481,0
DA:490,1
DA:493,1
DA:494,1
DA:496,1
DA:497,0
DA:498,0
DA:499,0
DA:501,1
DA:502,0
DA:503,0
DA:504,0
DA:506,1
DA:517,1
DA:518,2
DA:519,2
DA:520,1
DA:523,2
DA:525,0
DA:526,0
DA:535,1
DA:539,4
DA:540,4
DA:541,1
DA:542,1
DA:543,1
DA:546,3
DA:547,0
DA:548,0
DA:549,0
DA:552,3
DA:553,3
DA:554,1
DA:557,2
DA:558,1
DA:559,1
DA:560,1
DA:564,2
DA:570,0
DA:571,0
DA:580,1
DA:581,0
DA:582,0
DA:584,0
DA:585,0
DA:594,1
DA:597,1
DA:598,1
DA:599,1
DA:602,1
DA:603,0
DA:604,0
DA:605,0
DA:609,1
DA:610,0
DA:611,0
DA:612,0
DA:615,1
DA:616,1
DA:618,0
DA:619,0
LF:268
LH:217
BRDA:65,0,0,1
BRDA:75,1,0,1
BRDA:94,2,0,1
BRDA:111,3,0,1
BRDA:116,4,0,1
BRDA:132,5,0,1
BRDA:162,6,0,1
BRDA:179,7,0,1
BRDA:199,8,0,1
BRDA:202,9,0,1
BRDA:219,10,0,1
BRDA:219,11,0,3
BRDA:219,11,1,2
BRDA:219,12,0,0
BRDA:219,12,1,2
BRDA:219,13,0,2
BRDA:219,13,1,2
BRDA:219,14,0,0
BRDA:219,14,1,2
BRDA:219,15,0,2
BRDA:219,15,1,2
BRDA:224,16,0,1
BRDA:224,17,0,2
BRDA:224,17,1,1
BRDA:224,18,0,0
BRDA:224,18,1,1
BRDA:224,19,0,1
BRDA:224,19,1,1
BRDA:224,20,0,0
BRDA:224,20,1,1
BRDA:224,21,0,1
BRDA:224,21,1,1
BRDA:245,22,0,1
BRDA:245,23,0,2
BRDA:245,23,1,1
BRDA:245,24,0,0
BRDA:245,24,1,1
BRDA:245,25,0,1
BRDA:245,25,1,1
BRDA:245,26,0,0
BRDA:245,26,1,1
BRDA:245,27,0,1
BRDA:245,27,1,1
BRDA:265,28,0,0
BRDA:265,29,0,1
BRDA:265,29,1,1
BRDA:265,30,0,0
BRDA:265,30,1,1
BRDA:265,31,0,1
BRDA:265,31,1,1
BRDA:265,32,0,0
BRDA:265,32,1,1
BRDA:265,33,0,1
BRDA:265,33,1,1
BRDA:270,34,0,0
BRDA:270,35,0,1
BRDA:270,35,1,1
BRDA:270,36,0,0
BRDA:270,36,1,1
BRDA:270,37,0,1
BRDA:270,37,1,1
BRDA:270,38,0,0
BRDA:270,38,1,1
BRDA:270,39,0,1
BRDA:270,39,1,1
BRDA:300,40,0,0
BRDA:315,41,0,1
BRDA:334,42,0,1
BRDA:343,43,0,0
BRDA:361,44,0,1
BRDA:367,45,0,1
BRDA:386,46,0,0
BRDA:404,47,0,1
BRDA:410,48,0,1
BRDA:420,49,0,2
BRDA:420,49,1,0
BRDA:465,50,0,0
BRDA:472,51,0,0
BRDA:496,52,0,0
BRDA:501,53,0,0
BRDA:519,54,0,1
BRDA:540,55,0,1
BRDA:546,56,0,0
BRDA:553,57,0,1
BRDA:553,57,1,2
BRDA:557,58,0,1
BRDA:602,59,0,0
BRDA:609,60,0,0
BRF:88
BRH:65
end_of_record
TN:
SF:api/communityresources/controllers/validationController.ts
FN:25,(anonymous_0)
FN:40,(anonymous_1)
FN:74,(anonymous_3)
FN:110,(anonymous_5)
FNF:4
FNH:4
FNDA:11,(anonymous_0)
FNDA:5,(anonymous_1)
FNDA:3,(anonymous_3)
FNDA:3,(anonymous_5)
DA:1,1
DA:9,1
DA:10,1
DA:11,1
DA:12,1
DA:13,1
DA:19,1
DA:20,1
DA:21,1
DA:24,1
DA:26,11
DA:27,11
DA:28,11
DA:29,11
DA:30,11
DA:32,11
DA:40,1
DA:43,5
DA:44,5
DA:45,1
DA:47,1
DA:48,1
DA:50,4
DA:51,1
DA:53,1
DA:54,1
DA:56,3
DA:57,2
DA:59,2
DA:60,2
DA:62,1
DA:64,0
DA:65,0
DA:74,1
DA:77,3
DA:79,3
DA:80,3
DA:81,1
DA:83,1
DA:84,1
DA:86,2
DA:87,1
DA:89,1
DA:90,1
DA:92,1
DA:100,0
DA:101,0
DA:110,1
DA:113,3
DA:114,3
DA:115,1
DA:117,1
DA:118,1
DA:119,1
DA:121,2
DA:122,1
DA:124,1
DA:125,1
DA:126,1
DA:128,1
DA:130,0
DA:131,0
LF:62
LH:56
BRDA:44,0,0,1
BRDA:44,1,0,0
BRDA:44,1,1,5
BRDA:44,2,0,5
BRDA:44,2,1,5
BRDA:50,3,0,1
BRDA:50,4,0,0
BRDA:50,4,1,4
BRDA:50,5,0,4
BRDA:50,5,1,4
BRDA:56,6,0,2
BRDA:56,7,0,0
BRDA:56,7,1,3
BRDA:56,8,0,3
BRDA:56,8,1,3
BRDA:80,9,0,1
BRDA:80,10,0,0
BRDA:80,10,1,3
BRDA:80,11,0,3
BRDA:80,11,1,3
BRDA:86,12,0,1
BRDA:86,13,0,0
BRDA:86,13,1,2
BRDA:86,14,0,2
BRDA:86,14,1,2
BRDA:92,15,0,0
BRDA:92,15,1,1
BRDA:114,16,0,1
BRDA:114,17,0,0
BRDA:114,17,1,3
BRDA:114,18,0,3
BRDA:114,18,1,3
BRDA:121,19,0,1
BRDA:121,20,0,0
BRDA:121,20,1,2
BRDA:121,21,0,2
BRDA:121,21,1,2
BRF:37
BRH:29
end_of_record
TN:
SF:api/communityresources/gateways/auntBerthaGateway.ts
FN:14,(anonymous_0)
FN:16,(anonymous_1)
FN:32,(anonymous_2)
FN:47,(anonymous_3)
FN:69,(anonymous_4)
FNF:5
FNH:1
FNDA:2,(anonymous_0)
FNDA:0,(anonymous_1)
FNDA:0,(anonymous_2)
FNDA:0,(anonymous_3)
FNDA:0,(anonymous_4)
DA:1,30
DA:2,30
DA:3,30
DA:4,30
DA:13,30
DA:14,2
DA:17,0
DA:33,0
DA:48,0
DA:70,0
LF:10
LH:6
BRF:0
BRH:0
end_of_record
TN:
SF:api/communityresources/gateways/bingGateway.ts
FN:9,(anonymous_0)
FN:11,(anonymous_1)
FN:37,(anonymous_2)
FNF:3
FNH:3
FNDA:2,(anonymous_0)
FNDA:1,(anonymous_1)
FNDA:1,(anonymous_2)
DA:1,3
DA:2,3
DA:3,3
DA:4,3
DA:8,3
DA:9,2
DA:12,1
DA:38,1
LF:8
LH:8
BRF:0
BRH:0
end_of_record
TN:
SF:api/communityresources/gateways/contentModGateway.ts
FN:9,(anonymous_0)
FN:11,(anonymous_1)
FNF:2
FNH:2
FNDA:1,(anonymous_0)
FNDA:1,(anonymous_1)
DA:1,1
DA:2,1
DA:3,1
DA:4,1
DA:5,1
DA:8,1
DA:9,1
DA:12,1
DA:13,0
DA:16,1
LF:10
LH:9
BRDA:12,0,0,0
BRDA:12,1,0,1
BRDA:12,1,1,1
BRF:3
BRH:2
end_of_record
TN:
SF:api/communityresources/gateways/healthwiseGateway.ts
FN:14,(anonymous_0)
FN:16,(anonymous_1)
FN:41,(anonymous_2)
FN:80,(anonymous_3)
FN:124,(anonymous_4)
FNF:5
FNH:5
FNDA:9,(anonymous_0)
FNDA:1,(anonymous_1)
FNDA:2,(anonymous_2)
FNDA:2,(anonymous_3)
FNDA:2,(anonymous_4)
DA:1,15
DA:2,15
DA:3,15
DA:4,15
DA:5,15
DA:13,15
DA:14,9
DA:17,1
DA:46,2
DA:47,2
DA:48,1
DA:50,2
DA:77,2
DA:86,2
DA:87,2
DA:88,1
DA:90,2
DA:129,2
DA:130,2
DA:132,2
DA:159,2
LF:21
LH:21
BRDA:47,0,0,1
BRDA:87,1,0,1
BRDA:129,2,0,1
BRDA:129,2,1,1
BRF:4
BRH:4
end_of_record
TN:
SF:api/communityresources/gateways/internalGateway.ts
FN:15,(anonymous_0)
FN:17,(anonymous_1)
FN:49,(anonymous_2)
FN:72,(anonymous_3)
FN:97,(anonymous_4)
FN:126,(anonymous_5)
FN:147,(anonymous_6)
FNF:7
FNH:7
FNDA:8,(anonymous_0)
FNDA:1,(anonymous_1)
FNDA:1,(anonymous_2)
FNDA:1,(anonymous_3)
FNDA:1,(anonymous_4)
FNDA:1,(anonymous_5)
FNDA:1,(anonymous_6)
DA:1,35
DA:2,35
DA:3,35
DA:4,35
DA:5,35
DA:14,35
DA:15,8
DA:18,1
DA:50,1
DA:73,1
DA:101,1
DA:127,1
DA:148,1
LF:13
LH:13
BRF:0
BRH:0
end_of_record
TN:
SF:api/communityresources/gateways/memberAuthenticateGateway.ts
FN:15,(anonymous_0)
FN:17,(anonymous_1)
FN:43,(anonymous_2)
FN:68,(anonymous_3)
FNF:4
FNH:4
FNDA:3,(anonymous_0)
FNDA:1,(anonymous_1)
FNDA:1,(anonymous_2)
FNDA:1,(anonymous_3)
DA:1,1
DA:2,1
DA:3,1
DA:4,1
DA:5,1
DA:14,1
DA:15,3
DA:22,1
DA:47,1
DA:72,1
LF:10
LH:10
BRF:0
BRH:0
end_of_record
TN:
SF:api/communityresources/gateways/memberContactsGateway.ts
FN:14,(anonymous_0)
FN:15,(anonymous_1)
FN:47,(anonymous_2)
FN:81,(anonymous_3)
FN:115,(anonymous_4)
FNF:5
FNH:5
FNDA:4,(anonymous_0)
FNDA:1,(anonymous_1)
FNDA:1,(anonymous_2)
FNDA:1,(anonymous_3)
FNDA:1,(anonymous_4)
DA:1,14
DA:2,14
DA:3,14
DA:4,14
DA:5,14
DA:13,14
DA:14,4
DA:19,1
DA:52,1
DA:86,1
DA:119,1
LF:11
LH:11
BRF:0
BRH:0
end_of_record
TN:
SF:api/communityresources/gateways/memberCredentialGateway.ts
FN:9,(anonymous_0)
FN:11,(anonymous_1)
FN:37,(anonymous_2)
FNF:3
FNH:3
FNDA:2,(anonymous_0)
FNDA:1,(anonymous_1)
FNDA:1,(anonymous_2)
DA:1,1
DA:2,1
DA:3,1
DA:4,1
DA:8,1
DA:9,2
DA:16,1
DA:42,1
LF:8
LH:8
BRF:0
BRH:0
end_of_record
TN:
SF:api/communityresources/gateways/memberDetailsGateway.ts
FN:14,(anonymous_0)
FN:16,(anonymous_1)
FN:40,(anonymous_2)
FN:64,(anonymous_3)
FN:112,(anonymous_4)
FNF:5
FNH:5
FNDA:4,(anonymous_0)
FNDA:1,(anonymous_1)
FNDA:1,(anonymous_2)
FNDA:1,(anonymous_3)
FNDA:1,(anonymous_4)
DA:1,14
DA:2,14
DA:3,14
DA:4,14
DA:5,14
DA:6,14
DA:13,14
DA:14,4
DA:20,1
DA:44,1
DA:68,1
DA:69,1
DA:70,1
DA:116,1
LF:14
LH:14
BRF:0
BRH:0
end_of_record
TN:
SF:api/communityresources/gateways/memberGateway.ts
FN:44,(anonymous_0)
FN:46,(anonymous_1)
FN:71,(anonymous_2)
FN:96,(anonymous_3)
FN:121,(anonymous_4)
FN:147,(anonymous_5)
FN:172,(anonymous_6)
FN:198,(anonymous_7)
FN:224,(anonymous_8)
FN:248,(anonymous_9)
FN:272,(anonymous_10)
FN:304,(anonymous_11)
FN:338,(anonymous_12)
FN:372,(anonymous_13)
FN:396,(anonymous_14)
FN:423,(anonymous_15)
FN:457,(anonymous_16)
FN:491,(anonymous_17)
FN:549,(anonymous_18)
FN:595,(anonymous_19)
FN:649,(anonymous_20)
FN:682,(anonymous_21)
FN:708,(anonymous_22)
FN:756,(anonymous_23)
FNF:24
FNH:23
FNDA:23,(anonymous_0)
FNDA:1,(anonymous_1)
FNDA:0,(anonymous_2)
FNDA:1,(anonymous_3)
FNDA:1,(anonymous_4)
FNDA:1,(anonymous_5)
FNDA:1,(anonymous_6)
FNDA:1,(anonymous_7)
FNDA:1,(anonymous_8)
FNDA:1,(anonymous_9)
FNDA:1,(anonymous_10)
FNDA:1,(anonymous_11)
FNDA:1,(anonymous_12)
FNDA:1,(anonymous_13)
FNDA:1,(anonymous_14)
FNDA:1,(anonymous_15)
FNDA:1,(anonymous_16)
FNDA:1,(anonymous_17)
FNDA:1,(anonymous_18)
FNDA:1,(anonymous_19)
FNDA:2,(anonymous_20)
FNDA:1,(anonymous_21)
FNDA:1,(anonymous_22)
FNDA:1,(anonymous_23)
DA:1,14
DA:2,14
DA:3,14
DA:4,14
DA:5,14
DA:6,14
DA:43,14
DA:44,23
DA:47,1
DA:72,0
DA:97,1
DA:126,1
DA:151,1
DA:177,1
DA:203,1
DA:228,1
DA:252,1
DA:276,1
DA:309,1
DA:343,1
DA:376,1
DA:400,1
DA:427,1
DA:461,1
DA:495,1
DA:555,1
DA:599,1
DA:653,2
DA:687,1
DA:712,1
DA:713,1
DA:714,1
DA:760,1
LF:33
LH:32
BRF:0
BRH:0
end_of_record
TN:
SF:api/communityresources/gateways/memberOTPGateway.ts
FN:13,(anonymous_0)
FN:14,(anonymous_1)
FN:72,(anonymous_2)
FN:118,(anonymous_3)
FNF:4
FNH:4
FNDA:3,(anonymous_0)
FNDA:1,(anonymous_1)
FNDA:1,(anonymous_2)
FNDA:1,(anonymous_3)
DA:1,1
DA:2,1
DA:3,1
DA:4,1
DA:5,1
DA:12,1
DA:13,3
DA:18,1
DA:78,1
DA:122,1
LF:10
LH:10
BRF:0
BRH:0
end_of_record
TN:
SF:api/communityresources/gateways/memberSecretQAGateway.ts
FN:10,(anonymous_0)
FN:12,(anonymous_1)
FN:38,(anonymous_2)
FNF:3
FNH:3
FNDA:3,(anonymous_0)
FNDA:1,(anonymous_1)
FNDA:2,(anonymous_2)
DA:1,1
DA:2,1
DA:3,1
DA:4,1
DA:5,1
DA:9,1
DA:10,3
DA:17,1
DA:42,2
LF:9
LH:9
BRF:0
BRH:0
end_of_record
TN:
SF:api/communityresources/gateways/memberThreatGateway.ts
FN:13,(anonymous_0)
FN:15,(anonymous_1)
FN:49,(anonymous_2)
FNF:3
FNH:3
FNDA:2,(anonymous_0)
FNDA:1,(anonymous_1)
FNDA:1,(anonymous_2)
DA:1,1
DA:2,1
DA:3,1
DA:4,1
DA:5,1
DA:12,1
DA:13,2
DA:19,1
DA:53,1
LF:9
LH:9
BRF:0
BRH:0
end_of_record
TN:
SF:api/communityresources/gateways/onPremTokenGateway.ts
FN:10,(anonymous_0)
FN:12,(anonymous_1)
FN:37,(anonymous_2)
FN:62,(anonymous_3)
FN:87,(anonymous_4)
FN:112,(anonymous_5)
FN:138,(anonymous_6)
FNF:7
FNH:3
FNDA:4,(anonymous_0)
FNDA:1,(anonymous_1)
FNDA:1,(anonymous_2)
FNDA:0,(anonymous_3)
FNDA:0,(anonymous_4)
FNDA:0,(anonymous_5)
FNDA:0,(anonymous_6)
DA:1,31
DA:2,31
DA:3,31
DA:4,31
DA:5,31
DA:9,31
DA:10,4
DA:13,1
DA:38,1
DA:63,0
DA:88,0
DA:113,0
DA:139,0
LF:13
LH:9
BRF:0
BRH:0
end_of_record
TN:
SF:api/communityresources/gateways/profileCredentialsGateway.ts
FN:12,(anonymous_0)
FN:13,(anonymous_1)
FNF:2
FNH:2
FNDA:1,(anonymous_0)
FNDA:1,(anonymous_1)
DA:1,3
DA:2,3
DA:3,3
DA:4,3
DA:5,3
DA:11,3
DA:12,1
DA:17,1
LF:8
LH:8
BRF:0
BRH:0
end_of_record
TN:
SF:api/communityresources/gateways/profileSecurityQAGateway.ts
FN:10,(anonymous_0)
FN:12,(anonymous_1)
FN:29,(anonymous_2)
FN:53,(anonymous_3)
FN:78,(anonymous_4)
FNF:5
FNH:4
FNDA:4,(anonymous_0)
FNDA:2,(anonymous_1)
FNDA:1,(anonymous_2)
FNDA:1,(anonymous_3)
FNDA:0,(anonymous_4)
DA:1,4
DA:2,4
DA:3,4
DA:4,4
DA:5,4
DA:9,4
DA:10,4
DA:17,2
DA:33,1
DA:57,1
DA:82,0
LF:11
LH:10
BRDA:23,0,0,1
BRDA:23,0,1,1
BRF:2
BRH:2
end_of_record
TN:
SF:api/communityresources/gateways/profileUpdateARNGateway.ts
FN:15,(anonymous_0)
FN:16,(anonymous_1)
FN:46,(anonymous_2)
FN:76,(anonymous_3)
FN:103,(anonymous_4)
FNF:5
FNH:4
FNDA:3,(anonymous_0)
FNDA:1,(anonymous_1)
FNDA:1,(anonymous_2)
FNDA:1,(anonymous_3)
FNDA:0,(anonymous_4)
DA:1,4
DA:2,4
DA:3,4
DA:4,4
DA:5,4
DA:14,4
DA:15,3
DA:20,1
DA:50,1
DA:80,1
DA:107,0
LF:11
LH:10
BRF:0
BRH:0
end_of_record
TN:
SF:api/communityresources/models/activityModel.ts
FNF:0
FNH:0
DA:1,17
DA:2,17
DA:4,17
DA:5,17
DA:6,17
DA:7,17
DA:8,17
DA:9,17
DA:10,17
DA:11,17
DA:12,17
DA:15,17
DA:16,17
DA:17,17
DA:18,17
DA:21,17
DA:22,17
DA:23,17
DA:24,17
DA:25,17
DA:26,17
DA:27,17
DA:28,17
DA:29,17
DA:30,17
DA:31,17
DA:32,17
DA:35,17
DA:36,17
DA:37,17
DA:38,17
LF:31
LH:31
BRF:0
BRH:0
end_of_record
TN:
SF:api/communityresources/models/adminModel.ts
FNF:0
FNH:0
DA:1,0
DA:3,0
DA:4,0
DA:5,0
DA:6,0
LF:5
LH:0
BRF:0
BRH:0
end_of_record
TN:
SF:api/communityresources/models/adminUserModel.ts
FNF:0
FNH:0
DA:1,0
DA:3,0
DA:4,0
DA:5,0
DA:6,0
DA:7,0
DA:8,0
DA:9,0
DA:10,0
DA:11,0
DA:12,0
DA:13,0
DA:14,0
DA:15,0
LF:14
LH:0
BRF:0
BRH:0
end_of_record
TN:
SF:api/communityresources/models/binderModel.ts
FNF:0
FNH:0
DA:1,30
DA:3,30
DA:4,30
DA:5,30
DA:6,30
DA:7,30
DA:8,30
DA:9,30
DA:10,30
DA:11,30
DA:12,30
DA:13,30
DA:16,30
DA:17,30
DA:18,30
DA:19,30
DA:20,30
DA:21,30
DA:24,30
DA:25,30
DA:26,30
DA:27,30
DA:28,30
DA:29,30
DA:30,30
DA:33,30
DA:34,30
DA:37,30
DA:38,30
DA:39,30
DA:40,30
DA:41,30
DA:44,30
DA:45,30
DA:46,30
DA:47,30
DA:48,30
DA:49,30
DA:52,30
DA:53,30
DA:56,30
DA:57,30
DA:60,30
DA:61,30
DA:62,30
DA:63,30
DA:64,30
DA:65,30
DA:66,30
DA:69,30
DA:70,30
DA:71,30
DA:74,30
DA:75,30
DA:76,30
DA:77,30
DA:78,30
DA:79,30
DA:82,30
DA:83,30
DA:84,30
DA:85,30
DA:86,30
DA:87,30
DA:88,30
LF:65
LH:65
BRF:0
BRH:0
end_of_record
TN:
SF:api/communityresources/models/blockedModel.ts
FNF:0
FNH:0
DA:1,2
DA:3,2
DA:4,2
DA:5,2
DA:6,2
DA:7,2
LF:6
LH:6
BRF:0
BRH:0
end_of_record
TN:
SF:api/communityresources/models/communitiesModel.ts
FNF:0
FNH:0
DA:1,2
DA:2,2
DA:5,2
DA:6,2
DA:7,2
DA:10,2
DA:11,2
DA:12,2
DA:13,2
DA:14,2
DA:15,2
DA:16,2
DA:17,2
DA:18,2
DA:19,2
DA:20,2
DA:21,2
DA:22,2
DA:25,2
DA:26,2
DA:27,2
DA:28,2
DA:29,2
DA:32,2
DA:33,2
DA:34,2
DA:35,2
DA:36,2
DA:37,2
DA:40,2
DA:41,2
DA:42,2
DA:43,2
DA:44,2
DA:45,2
DA:46,2
DA:47,2
DA:48,2
LF:38
LH:38
BRF:0
BRH:0
end_of_record
TN:
SF:api/communityresources/models/contentModel.ts
FNF:0
FNH:0
DA:1,0
DA:4,0
DA:5,0
DA:6,0
DA:7,0
DA:8,0
DA:9,0
DA:10,0
DA:11,0
DA:14,0
DA:15,0
DA:16,0
DA:19,0
DA:20,0
DA:21,0
DA:22,0
DA:25,0
DA:26,0
DA:27,0
DA:28,0
DA:29,0
DA:30,0
DA:31,0
DA:32,0
DA:33,0
LF:25
LH:0
BRF:0
BRH:0
end_of_record
TN:
SF:api/communityresources/models/healthWiseModel.ts
FNF:0
FNH:0
DA:1,2
DA:3,2
DA:4,2
DA:5,2
DA:6,2
DA:9,2
DA:10,2
DA:13,2
DA:14,2
DA:17,2
DA:18,2
DA:19,2
DA:20,2
DA:22,2
DA:23,2
DA:25,2
DA:26,2
DA:28,2
DA:29,2
DA:32,2
DA:33,2
DA:34,2
DA:35,2
DA:36,2
DA:37,2
DA:38,2
DA:39,2
DA:40,2
DA:41,2
DA:44,2
DA:45,2
DA:48,2
DA:49,2
DA:50,2
DA:51,2
DA:52,2
DA:53,2
DA:54,2
DA:55,2
DA:58,2
DA:59,2
DA:60,2
DA:61,2
DA:62,2
DA:63,2
DA:64,2
DA:65,2
DA:68,2
DA:69,2
DA:70,2
DA:71,2
DA:72,2
DA:73,2
DA:76,2
DA:77,2
DA:78,2
DA:79,2
DA:80,2
DA:81,2
DA:82,2
DA:83,2
DA:86,2
DA:87,2
DA:90,2
DA:91,2
DA:94,2
DA:95,2
DA:98,2
DA:99,2
DA:100,2
DA:103,2
DA:104,2
DA:105,2
DA:106,2
DA:108,2
DA:109,2
DA:110,2
DA:111,2
DA:114,2
DA:115,2
DA:116,2
DA:119,2
DA:120,2
DA:121,2
DA:124,2
DA:125,2
DA:126,2
DA:129,2
DA:130,2
DA:133,2
DA:134,2
DA:137,2
DA:138,2
DA:139,2
DA:142,2
DA:143,2
DA:144,2
DA:145,2
DA:148,2
DA:149,2
DA:150,2
DA:151,2
DA:152,2
DA:153,2
DA:154,2
DA:155,2
DA:158,2
DA:159,2
DA:160,2
DA:161,2
DA:162,2
DA:163,2
DA:164,2
DA:165,2
DA:166,2
DA:167,2
DA:168,2
DA:169,2
DA:170,2
DA:173,2
DA:174,2
DA:175,2
DA:176,2
DA:177,2
DA:178,2
DA:181,2
DA:182,2
DA:183,2
DA:184,2
DA:185,2
DA:186,2
DA:189,2
DA:190,2
DA:191,2
DA:192,2
DA:193,2
DA:194,2
DA:195,2
DA:196,2
DA:197,2
DA:198,2
DA:199,2
DA:200,2
DA:203,2
DA:204,2
DA:205,2
DA:206,2
DA:209,2
DA:210,2
DA:213,2
DA:214,2
DA:215,2
DA:218,2
DA:219,2
DA:220,2
DA:221,2
DA:224,2
DA:225,2
DA:226,2
DA:229,2
DA:230,2
DA:231,2
DA:234,2
DA:235,2
DA:236,2
DA:239,2
DA:240,2
DA:242,2
DA:243,2
DA:244,2
DA:245,2
DA:246,2
DA:247,2
DA:250,2
DA:251,2
DA:252,2
DA:253,2
DA:254,2
DA:257,2
DA:258,2
DA:261,2
DA:262,2
DA:263,2
DA:264,2
DA:265,2
DA:266,2
DA:267,2
DA:268,2
DA:269,2
DA:270,2
DA:271,2
DA:272,2
LF:192
LH:192
BRF:0
BRH:0
end_of_record
TN:
SF:api/communityresources/models/internalRequestModel.ts
FN:70,(anonymous_0)
FN:71,(anonymous_1)
FN:78,(anonymous_2)
FN:79,(anonymous_3)
FN:86,(anonymous_4)
FN:87,(anonymous_5)
FN:99,(anonymous_6)
FN:100,(anonymous_7)
FN:101,(anonymous_8)
FN:102,(anonymous_9)
FN:103,(anonymous_10)
FN:104,(anonymous_11)
FN:105,(anonymous_12)
FN:108,(anonymous_13)
FN:127,(anonymous_14)
FN:131,(anonymous_15)
FNF:16
FNH:0
FNDA:0,(anonymous_0)
FNDA:0,(anonymous_1)
FNDA:0,(anonymous_2)
FNDA:0,(anonymous_3)
FNDA:0,(anonymous_4)
FNDA:0,(anonymous_5)
FNDA:0,(anonymous_6)
FNDA:0,(anonymous_7)
FNDA:0,(anonymous_8)
FNDA:0,(anonymous_9)
FNDA:0,(anonymous_10)
FNDA:0,(anonymous_11)
FNDA:0,(anonymous_12)
FNDA:0,(anonymous_13)
FNDA:0,(anonymous_14)
FNDA:0,(anonymous_15)
DA:1,35
DA:2,35
DA:3,35
DA:6,35
DA:7,35
DA:10,35
DA:11,35
DA:12,35
DA:13,35
DA:14,35
DA:15,35
DA:16,35
DA:17,35
DA:20,35
DA:21,35
DA:25,35
DA:28,35
DA:32,35
DA:36,35
DA:40,35
DA:44,35
DA:48,35
DA:52,35
DA:56,35
DA:59,35
DA:65,35
DA:66,35
DA:69,35
DA:70,35
DA:71,35
DA:74,35
DA:75,35
DA:76,35
DA:77,35
DA:78,35
DA:79,35
DA:82,35
DA:83,35
DA:84,35
DA:85,35
DA:86,35
DA:87,35
DA:90,35
DA:91,35
DA:92,35
DA:93,35
DA:94,35
DA:95,35
DA:96,35
DA:97,35
DA:98,35
DA:99,35
DA:100,35
DA:101,35
DA:102,35
DA:103,35
DA:104,35
DA:105,35
DA:108,35
DA:124,0
DA:126,0
DA:127,35
DA:130,35
DA:131,0
DA:132,35
DA:137,35
DA:148,35
DA:159,35
DA:163,35
DA:164,35
DA:165,35
DA:166,35
DA:167,35
DA:168,35
DA:169,35
DA:170,35
DA:171,35
DA:172,35
DA:173,35
DA:176,35
DA:177,35
DA:178,35
DA:179,35
LF:83
LH:80
BRF:0
BRH:0
end_of_record
TN:
SF:api/communityresources/models/libraryModel.ts
FN:40,(anonymous_0)
FN:59,(anonymous_1)
FNF:2
FNH:2
FNDA:2,(anonymous_0)
FNDA:1,(anonymous_1)
DA:1,31
DA:3,31
DA:4,31
DA:5,31
DA:6,31
DA:7,31
DA:8,31
DA:9,31
DA:10,31
DA:11,31
DA:12,31
DA:13,31
DA:14,31
DA:15,31
DA:16,31
DA:17,31
DA:18,31
DA:19,31
DA:22,31
DA:23,31
DA:24,31
DA:25,31
DA:26,31
DA:27,31
DA:28,31
DA:31,31
DA:32,31
DA:33,31
DA:34,31
DA:35,31
DA:36,31
DA:37,31
DA:38,31
DA:41,2
DA:42,2
DA:43,2
DA:47,31
DA:48,31
DA:49,31
DA:50,31
DA:51,31
DA:52,31
DA:53,31
DA:54,31
DA:55,31
DA:56,31
DA:57,31
DA:60,1
DA:61,1
DA:62,1
DA:66,31
DA:67,31
DA:68,31
DA:69,31
DA:70,31
DA:71,31
DA:72,31
DA:73,31
DA:74,31
DA:75,31
DA:76,31
DA:79,31
DA:80,31
DA:81,31
DA:84,31
DA:85,31
DA:88,31
DA:89,31
DA:90,31
DA:91,31
DA:92,31
LF:71
LH:71
BRF:0
BRH:0
end_of_record
TN:
SF:api/communityresources/models/locationModel.ts
FNF:0
FNH:0
DA:32,0
LF:1
LH:0
BRF:0
BRH:0
end_of_record
TN:
SF:api/communityresources/models/memberModel.ts
FNF:0
FNH:0
DA:2,14
DA:43,14
DA:81,14
DA:592,14
DA:598,14
DA:614,14
DA:615,14
DA:616,14
DA:617,14
DA:618,14
DA:619,14
DA:620,14
DA:621,14
DA:622,14
DA:623,14
DA:626,14
DA:627,14
DA:628,14
DA:629,14
DA:630,14
DA:631,14
DA:632,14
DA:633,14
DA:634,14
DA:635,14
DA:636,14
DA:637,14
DA:638,14
DA:639,14
DA:640,14
DA:643,14
DA:644,14
DA:645,14
DA:646,14
DA:647,14
DA:648,14
DA:649,14
DA:650,14
DA:651,14
DA:652,14
DA:653,14
DA:654,14
DA:655,14
DA:656,14
DA:657,14
DA:660,14
DA:661,14
DA:662,14
DA:663,14
DA:664,14
DA:665,14
DA:666,14
DA:669,14
DA:670,14
DA:671,14
DA:672,14
DA:673,14
DA:674,14
DA:675,14
DA:676,14
DA:677,14
DA:678,14
DA:679,14
DA:680,14
DA:681,14
DA:684,14
DA:685,14
DA:686,14
DA:687,14
DA:688,14
DA:689,14
DA:690,14
DA:691,14
DA:692,14
DA:693,14
DA:696,14
DA:697,14
DA:698,14
DA:699,14
DA:700,14
DA:701,14
DA:702,14
DA:703,14
DA:706,14
DA:707,14
DA:708,14
DA:709,14
DA:710,14
DA:711,14
DA:712,14
DA:715,14
DA:716,14
LF:92
LH:92
BRF:0
BRH:0
end_of_record
TN:
SF:api/communityresources/models/notificationModel.ts
FN:8,(anonymous_0)
FNF:1
FNH:1
FNDA:16,(anonymous_0)
DA:1,16
DA:3,16
DA:4,16
DA:5,16
DA:8,16
DA:9,16
DA:10,16
LF:7
LH:7
BRDA:8,0,0,16
BRDA:8,0,1,16
BRF:2
BRH:2
end_of_record
TN:
SF:api/communityresources/models/pageParamModel.ts
FN:10,(anonymous_0)
FN:15,(anonymous_1)
FN:19,(anonymous_2)
FNF:3
FNH:3
FNDA:5,(anonymous_0)
FNDA:5,(anonymous_1)
FNDA:5,(anonymous_2)
DA:1,19
DA:2,19
DA:4,19
DA:5,19
DA:6,19
DA:7,19
DA:10,19
DA:11,5
DA:12,5
DA:13,5
DA:16,5
DA:20,5
LF:12
LH:12
BRDA:16,0,0,0
BRDA:16,0,1,5
BRDA:20,1,0,0
BRDA:20,1,1,5
BRF:4
BRH:2
end_of_record
TN:
SF:api/communityresources/models/pollModel.ts
FNF:0
FNH:0
DA:1,1
DA:3,1
DA:4,1
DA:5,1
DA:6,1
DA:9,1
DA:10,1
DA:11,1
DA:14,1
DA:15,1
DA:16,1
LF:11
LH:11
BRF:0
BRH:0
end_of_record
TN:
SF:api/communityresources/models/postsModel.ts
FN:39,(anonymous_0)
FN:40,(anonymous_1)
FN:47,(anonymous_2)
FN:48,(anonymous_3)
FN:50,(anonymous_4)
FN:58,(anonymous_5)
FNF:6
FNH:0
FNDA:0,(anonymous_0)
FNDA:0,(anonymous_1)
FNDA:0,(anonymous_2)
FNDA:0,(anonymous_3)
FNDA:0,(anonymous_4)
FNDA:0,(anonymous_5)
DA:1,17
DA:2,17
DA:3,17
DA:4,17
DA:5,17
DA:6,17
DA:8,17
DA:9,17
DA:10,17
DA:11,17
DA:14,17
DA:15,17
DA:16,17
DA:17,17
DA:19,17
DA:20,17
DA:21,17
DA:22,17
DA:23,17
DA:25,17
DA:26,17
DA:27,17
DA:28,17
DA:29,17
DA:32,17
DA:33,17
DA:34,17
DA:35,17
DA:38,17
DA:39,17
DA:40,17
DA:41,17
DA:42,17
DA:43,17
DA:46,17
DA:47,17
DA:48,17
DA:49,17
DA:50,17
DA:53,17
DA:54,17
DA:55,17
DA:56,17
DA:57,17
DA:58,17
DA:59,17
DA:60,17
DA:63,17
DA:64,17
DA:65,17
DA:66,17
DA:67,17
DA:68,17
DA:69,17
DA:72,17
DA:73,17
DA:76,17
DA:77,17
DA:79,17
DA:80,17
DA:81,17
DA:82,17
DA:83,17
DA:84,17
DA:85,17
DA:86,17
DA:87,17
DA:88,17
DA:89,17
DA:91,17
DA:92,17
DA:93,17
DA:94,17
DA:95,17
DA:98,17
DA:99,17
DA:100,17
DA:101,17
DA:102,17
DA:103,17
DA:106,17
DA:107,17
DA:108,17
DA:109,17
DA:110,17
DA:111,17
DA:114,17
DA:115,17
DA:116,17
DA:117,17
DA:118,17
DA:119,17
DA:120,17
DA:121,17
DA:122,17
DA:123,17
DA:124,17
DA:126,17
DA:127,17
DA:128,17
DA:129,17
DA:130,17
DA:131,17
DA:132,17
DA:135,17
DA:136,17
DA:137,17
DA:138,17
DA:139,17
DA:140,17
DA:142,17
DA:143,17
DA:144,17
DA:145,17
DA:146,17
DA:147,17
DA:148,17
DA:149,17
DA:150,17
DA:151,17
DA:152,17
DA:153,17
DA:154,17
DA:155,17
DA:156,17
DA:158,17
DA:159,17
DA:160,17
DA:161,17
DA:164,17
DA:165,17
DA:166,17
DA:167,17
DA:170,17
DA:171,17
DA:172,17
LF:136
LH:136
BRDA:77,0,0,17
BRDA:77,0,1,0
BRDA:77,1,0,17
BRDA:77,1,1,17
BRF:4
BRH:3
end_of_record
TN:
SF:api/communityresources/models/profileImageModel.ts
FNF:0
FNH:0
DA:1,1
DA:3,1
DA:4,1
DA:5,1
DA:6,1
LF:5
LH:5
BRF:0
BRH:0
end_of_record
TN:
SF:api/communityresources/models/programsModel.ts
FN:10,(anonymous_0)
FN:15,(anonymous_1)
FN:19,(anonymous_2)
FN:42,(anonymous_3)
FN:43,(anonymous_4)
FN:44,(anonymous_5)
FN:45,(anonymous_6)
FN:46,(anonymous_7)
FN:47,(anonymous_8)
FN:48,(anonymous_9)
FN:105,(anonymous_10)
FN:117,(anonymous_11)
FN:122,(anonymous_12)
FN:133,(anonymous_13)
FN:146,(anonymous_14)
FN:147,(anonymous_15)
FN:164,(anonymous_16)
FN:170,(anonymous_17)
FN:175,(anonymous_18)
FN:177,(anonymous_19)
FN:178,(anonymous_20)
FN:179,(anonymous_21)
FNF:22
FNH:0
FNDA:0,(anonymous_0)
FNDA:0,(anonymous_1)
FNDA:0,(anonymous_2)
FNDA:0,(anonymous_3)
FNDA:0,(anonymous_4)
FNDA:0,(anonymous_5)
FNDA:0,(anonymous_6)
FNDA:0,(anonymous_7)
FNDA:0,(anonymous_8)
FNDA:0,(anonymous_9)
FNDA:0,(anonymous_10)
FNDA:0,(anonymous_11)
FNDA:0,(anonymous_12)
FNDA:0,(anonymous_13)
FNDA:0,(anonymous_14)
FNDA:0,(anonymous_15)
FNDA:0,(anonymous_16)
FNDA:0,(anonymous_17)
FNDA:0,(anonymous_18)
FNDA:0,(anonymous_19)
FNDA:0,(anonymous_20)
FNDA:0,(anonymous_21)
DA:1,3
DA:2,3
DA:4,3
DA:5,3
DA:8,3
DA:9,3
DA:10,3
DA:13,3
DA:14,3
DA:15,3
DA:18,3
DA:19,3
DA:20,3
DA:21,3
DA:24,3
DA:28,3
DA:29,3
DA:30,3
DA:31,3
DA:34,3
DA:35,3
DA:36,3
DA:37,3
DA:38,3
DA:41,3
DA:42,3
DA:43,3
DA:44,3
DA:45,3
DA:46,3
DA:47,3
DA:48,3
DA:51,3
DA:52,3
DA:53,3
DA:54,3
DA:57,3
DA:58,3
DA:59,3
DA:60,3
DA:61,3
DA:62,3
DA:63,3
DA:64,3
DA:65,3
DA:66,3
DA:67,3
DA:68,3
DA:69,3
DA:70,3
DA:71,3
DA:72,3
DA:73,3
DA:74,3
DA:75,3
DA:76,3
DA:77,3
DA:78,3
DA:79,3
DA:80,3
DA:81,3
DA:82,3
DA:83,3
DA:84,3
DA:85,3
DA:86,3
DA:89,3
DA:90,3
DA:91,3
DA:92,3
DA:93,3
DA:94,3
DA:97,3
DA:98,3
DA:99,3
DA:102,3
DA:103,3
DA:104,3
DA:105,3
DA:106,3
DA:107,3
DA:108,3
DA:109,3
DA:110,3
DA:111,3
DA:112,3
DA:113,3
DA:114,3
DA:115,3
DA:116,3
DA:117,3
DA:118,3
DA:119,3
DA:120,3
DA:121,3
DA:122,3
DA:123,3
DA:124,3
DA:125,3
DA:126,3
DA:127,3
DA:130,3
DA:131,3
DA:132,3
DA:133,3
DA:134,3
DA:135,3
DA:136,3
DA:137,3
DA:138,3
DA:139,3
DA:140,3
DA:141,3
DA:142,3
DA:143,3
DA:144,3
DA:145,3
DA:146,3
DA:147,3
DA:148,3
DA:149,3
DA:150,3
DA:151,3
DA:152,3
DA:153,3
DA:154,3
DA:155,3
DA:156,3
DA:157,3
DA:158,3
DA:159,3
DA:160,3
DA:163,3
DA:164,3
DA:165,3
DA:166,3
DA:169,3
DA:170,3
DA:171,3
DA:174,3
DA:175,3
DA:176,3
DA:177,3
DA:178,3
DA:179,3
DA:180,3
LF:146
LH:146
BRF:0
BRH:0
end_of_record
TN:
SF:api/communityresources/models/promptModel.ts
FNF:0
FNH:0
DA:1,12
DA:3,12
DA:4,12
DA:5,12
DA:6,12
DA:7,12
DA:8,12
DA:9,12
DA:10,12
DA:11,12
DA:12,12
DA:13,12
DA:16,12
DA:17,12
DA:18,12
DA:19,12
DA:20,12
DA:21,12
DA:22,12
DA:26,12
DA:27,12
DA:28,12
LF:22
LH:22
BRF:0
BRH:0
end_of_record
TN:
SF:api/communityresources/models/pushNotificationModel.ts
FN:44,(anonymous_0)
FN:49,(anonymous_1)
FN:55,(anonymous_2)
FN:61,(anonymous_3)
FNF:4
FNH:4
FNDA:17,(anonymous_0)
FNDA:17,(anonymous_1)
FNDA:17,(anonymous_2)
FNDA:17,(anonymous_3)
DA:1,17
DA:44,17
DA:45,17
DA:46,17
DA:49,17
DA:50,17
DA:51,17
DA:52,17
DA:55,17
DA:56,17
DA:57,17
DA:58,17
DA:61,17
DA:62,17
DA:63,17
DA:64,17
DA:65,17
DA:66,17
DA:67,17
DA:68,17
DA:69,17
DA:72,17
DA:73,17
DA:74,17
DA:77,17
DA:78,17
DA:79,17
DA:80,17
DA:81,17
DA:82,17
DA:83,17
DA:84,17
DA:85,17
DA:86,17
DA:89,17
DA:90,17
DA:91,17
DA:92,17
DA:93,17
DA:94,17
DA:95,17
DA:96,17
DA:97,17
DA:100,17
DA:101,17
DA:102,17
DA:103,17
DA:104,17
DA:105,17
DA:106,17
DA:107,17
DA:108,17
DA:109,17
DA:110,17
DA:111,17
DA:112,17
DA:113,17
DA:114,17
DA:115,17
DA:116,17
LF:60
LH:60
BRDA:44,0,0,17
BRDA:44,0,1,17
BRDA:49,1,0,17
BRDA:49,1,1,17
BRDA:55,2,0,17
BRDA:55,2,1,17
BRDA:61,3,0,17
BRDA:61,3,1,17
BRF:8
BRH:8
end_of_record
TN:
SF:api/communityresources/models/reactionModel.ts
FNF:0
FNH:0
DA:1,18
DA:3,18
DA:4,18
DA:5,18
DA:6,18
DA:7,18
DA:10,18
DA:11,18
DA:12,18
DA:13,18
DA:14,18
DA:17,18
DA:18,18
DA:19,18
DA:22,18
DA:23,18
DA:24,18
DA:25,18
DA:26,18
DA:27,18
DA:30,18
DA:31,18
DA:32,18
LF:23
LH:23
BRF:0
BRH:0
end_of_record
TN:
SF:api/communityresources/models/resultModel.ts
FNF:0
FNH:0
DA:1,0
DA:49,0
DA:50,0
DA:51,0
DA:52,0
DA:53,0
DA:56,0
DA:57,0
DA:60,0
DA:61,0
DA:62,0
DA:63,0
DA:64,0
LF:13
LH:0
BRF:0
BRH:0
end_of_record
TN:
SF:api/communityresources/models/searchTermModel.ts
FNF:0
FNH:0
DA:1,2
DA:2,2
DA:4,2
DA:5,2
DA:6,2
DA:7,2
DA:8,2
DA:11,2
DA:12,2
DA:14,2
DA:15,2
DA:16,2
DA:17,2
DA:18,2
DA:21,2
DA:22,2
DA:23,2
DA:26,2
DA:27,2
DA:28,2
DA:31,2
DA:32,2
DA:33,2
DA:34,2
DA:37,2
DA:38,2
DA:39,2
DA:41,2
LF:28
LH:28
BRF:0
BRH:0
end_of_record
TN:
SF:api/communityresources/models/smtpModel.ts
FNF:0
FNH:0
DA:1,0
DA:3,0
DA:4,0
DA:5,0
DA:6,0
DA:7,0
DA:8,0
DA:9,0
DA:10,0
DA:11,0
DA:12,0
LF:11
LH:0
BRF:0
BRH:0
end_of_record
TN:
SF:api/communityresources/models/storyModel.ts
FNF:0
FNH:0
DA:1,16
DA:2,16
DA:12,16
DA:14,16
DA:15,16
DA:17,16
DA:18,16
DA:19,16
DA:20,16
DA:21,16
DA:22,16
DA:23,16
DA:24,16
DA:25,16
DA:26,16
DA:27,16
DA:28,16
DA:29,16
DA:30,16
DA:31,16
DA:32,16
DA:33,16
DA:34,16
DA:35,16
DA:36,16
DA:37,16
DA:40,16
DA:41,16
DA:42,16
DA:43,16
DA:44,16
DA:45,16
DA:46,16
DA:47,16
DA:48,16
DA:49,16
DA:50,16
DA:51,16
DA:52,16
DA:53,16
DA:54,16
DA:57,16
DA:58,16
DA:59,16
DA:60,16
DA:63,16
DA:64,16
DA:65,16
DA:66,16
DA:67,16
DA:68,16
DA:69,16
DA:72,16
DA:73,16
DA:74,16
DA:75,16
DA:76,16
DA:77,16
DA:78,16
DA:79,16
DA:80,16
DA:81,16
DA:82,16
DA:83,16
DA:84,16
DA:85,16
DA:88,16
DA:89,16
DA:90,16
DA:91,16
DA:92,16
DA:93,16
DA:94,16
DA:95,16
DA:96,16
DA:97,16
DA:98,16
DA:101,16
DA:102,16
DA:105,16
DA:106,16
DA:107,16
DA:108,16
DA:109,16
DA:110,16
DA:111,16
DA:114,16
DA:115,16
DA:118,16
DA:119,16
DA:120,16
DA:121,16
DA:122,16
DA:125,16
DA:126,16
DA:127,16
DA:128,16
DA:129,16
DA:130,16
DA:133,16
DA:134,16
DA:135,16
DA:136,16
DA:137,16
DA:138,16
DA:141,16
DA:142,16
DA:143,16
DA:144,16
DA:145,16
DA:146,16
DA:147,16
DA:148,16
DA:149,16
DA:150,16
DA:152,16
DA:153,16
DA:154,16
DA:155,16
DA:156,16
DA:157,16
DA:158,16
DA:161,16
DA:162,16
DA:163,16
DA:166,16
DA:167,16
DA:168,16
DA:169,16
LF:129
LH:129
BRDA:115,0,0,16
BRDA:115,0,1,0
BRDA:115,1,0,16
BRDA:115,1,1,16
BRF:4
BRH:3
end_of_record
TN:
SF:api/communityresources/models/userModel.ts
FN:120,(anonymous_0)
FN:121,(anonymous_1)
FNF:2
FNH:0
FNDA:0,(anonymous_0)
FNDA:0,(anonymous_1)
DA:1,30
DA:2,30
DA:12,30
DA:14,30
DA:18,30
DA:19,30
DA:20,30
DA:21,30
DA:22,30
DA:23,30
DA:24,30
DA:25,30
DA:26,30
DA:27,30
DA:28,30
DA:29,30
DA:30,30
DA:31,30
DA:32,30
DA:33,30
DA:36,30
DA:37,30
DA:38,30
DA:41,30
DA:42,30
DA:43,30
DA:44,30
DA:47,30
DA:48,30
DA:49,30
DA:50,30
DA:51,30
DA:52,30
DA:53,30
DA:54,30
DA:57,30
DA:58,30
DA:59,30
DA:60,30
DA:61,30
DA:62,30
DA:65,30
DA:66,30
DA:67,30
DA:68,30
DA:69,30
DA:70,30
DA:71,30
DA:72,30
DA:73,30
DA:74,30
DA:75,30
DA:76,30
DA:77,30
DA:78,30
DA:79,30
DA:80,30
DA:82,30
DA:83,30
DA:84,30
DA:85,30
DA:86,30
DA:87,30
DA:88,30
DA:89,30
DA:90,30
DA:91,30
DA:92,30
DA:93,30
DA:94,30
DA:95,30
DA:96,30
DA:97,30
DA:98,30
DA:99,30
DA:100,30
DA:101,30
DA:102,30
DA:103,30
DA:104,30
DA:105,30
DA:106,30
DA:107,30
DA:108,30
DA:109,30
DA:110,30
DA:113,30
DA:114,30
DA:115,30
DA:116,30
DA:117,30
DA:120,30
DA:121,30
DA:122,30
DA:123,30
DA:124,30
DA:125,30
DA:126,30
DA:127,30
DA:128,30
DA:129,30
DA:130,30
DA:131,30
DA:132,30
DA:133,30
DA:134,30
DA:137,30
DA:138,30
DA:139,30
DA:140,30
DA:143,30
DA:144,30
DA:145,30
DA:147,30
DA:148,30
DA:151,30
DA:152,30
DA:155,30
DA:156,30
DA:157,30
DA:158,30
DA:159,30
DA:160,30
DA:161,30
DA:162,30
DA:165,30
DA:166,30
DA:167,30
DA:170,30
DA:171,30
DA:172,30
DA:173,30
DA:174,30
DA:175,30
DA:176,30
DA:177,30
DA:180,30
DA:181,30
DA:182,30
DA:183,30
DA:185,30
DA:186,30
DA:187,30
DA:188,30
DA:189,30
DA:190,30
DA:191,30
DA:193,30
DA:194,30
DA:195,30
DA:198,30
DA:199,30
DA:202,30
DA:203,30
DA:206,30
DA:207,30
DA:208,30
DA:211,30
DA:212,30
DA:213,30
DA:216,30
DA:217,30
DA:220,30
DA:221,30
DA:222,30
DA:223,30
DA:224,30
DA:225,30
DA:228,30
DA:229,30
DA:230,30
DA:231,30
DA:232,30
DA:233,30
DA:234,30
DA:235,30
DA:236,30
LF:177
LH:177
BRF:0
BRH:0
end_of_record
TN:
SF:api/communityresources/services/activityService.ts
FN:16,(anonymous_0)
FN:26,(anonymous_1)
FN:63,(anonymous_3)
FN:114,(anonymous_5)
FNF:4
FNH:4
FNDA:4,(anonymous_0)
FNDA:2,(anonymous_1)
FNDA:2,(anonymous_3)
FNDA:2,(anonymous_5)
DA:1,2
DA:2,2
DA:3,2
DA:4,2
DA:5,2
DA:9,2
DA:10,2
DA:11,2
DA:12,2
DA:15,2
DA:17,4
DA:18,4
DA:19,4
DA:20,4
DA:21,4
DA:22,4
DA:23,4
DA:30,2
DA:31,2
DA:35,2
DA:40,2
DA:41,1
DA:42,1
DA:43,1
DA:46,1
DA:51,1
DA:53,1
DA:54,1
DA:56,1
DA:58,0
DA:59,0
DA:64,2
DA:65,2
DA:66,2
DA:67,1
DA:70,1
DA:72,1
DA:74,1
DA:75,1
DA:76,2
DA:77,2
DA:78,2
DA:80,2
DA:82,2
DA:83,2
DA:88,1
DA:89,0
DA:91,1
DA:93,1
DA:94,1
DA:101,1
DA:102,1
DA:103,1
DA:104,1
DA:107,1
DA:110,0
DA:116,2
DA:117,2
DA:120,2
DA:130,2
DA:131,2
DA:132,2
DA:133,2
DA:136,0
DA:139,0
DA:145,0
DA:146,0
DA:147,0
DA:148,0
DA:151,2
LF:70
LH:60
BRDA:40,0,0,1
BRDA:63,1,0,2
BRDA:66,2,0,1
BRDA:74,3,0,1
BRDA:74,4,0,1
BRDA:74,4,1,1
BRDA:77,5,0,2
BRDA:82,6,0,2
BRDA:82,7,0,2
BRDA:82,7,1,2
BRDA:88,8,0,0
BRDA:93,9,0,1
BRDA:93,10,0,1
BRDA:93,10,1,1
BRDA:101,11,0,1
BRDA:116,12,0,2
BRDA:116,12,1,0
BRDA:131,13,0,2
BRDA:146,14,0,0
BRF:19
BRH:16
end_of_record
TN:
SF:api/communityresources/services/adminService.ts
FN:14,(anonymous_0)
FN:19,(anonymous_1)
FN:37,(anonymous_3)
FNF:3
FNH:3
FNDA:6,(anonymous_0)
FNDA:3,(anonymous_1)
FNDA:3,(anonymous_3)
DA:1,3
DA:7,3
DA:8,3
DA:13,3
DA:15,6
DA:16,6
DA:20,3
DA:21,3
DA:25,2
DA:26,1
DA:27,1
DA:28,1
DA:30,1
DA:31,1
DA:33,1
DA:38,3
DA:39,3
DA:42,3
DA:43,2
DA:44,1
DA:45,1
DA:46,1
DA:49,1
DA:52,1
LF:24
LH:24
BRDA:25,0,0,1
BRDA:30,1,0,0
BRDA:30,1,1,1
BRDA:30,2,0,1
BRDA:30,2,1,1
BRDA:43,3,0,1
BRF:6
BRH:5
end_of_record
TN:
SF:api/communityresources/services/binderService.ts
FN:38,(anonymous_0)
FN:46,(anonymous_1)
FN:112,(anonymous_3)
FN:133,(anonymous_5)
FN:167,(anonymous_6)
FN:190,(anonymous_8)
FN:200,(anonymous_9)
FN:220,(anonymous_10)
FN:237,(anonymous_12)
FN:276,(anonymous_13)
FN:296,(anonymous_15)
FN:305,(anonymous_16)
FN:323,(anonymous_17)
FN:392,(anonymous_19)
FN:411,(anonymous_21)
FN:438,(anonymous_22)
FN:500,(anonymous_24)
FN:519,(anonymous_26)
FN:538,(anonymous_28)
FNF:19
FNH:19
FNDA:37,(anonymous_0)
FNDA:1,(anonymous_1)
FNDA:4,(anonymous_3)
FNDA:3,(anonymous_5)
FNDA:5,(anonymous_6)
FNDA:3,(anonymous_8)
FNDA:2,(anonymous_9)
FNDA:4,(anonymous_10)
FNDA:1,(anonymous_12)
FNDA:5,(anonymous_13)
FNDA:2,(anonymous_15)
FNDA:2,(anonymous_16)
FNDA:6,(anonymous_17)
FNDA:5,(anonymous_19)
FNDA:2,(anonymous_21)
FNDA:5,(anonymous_22)
FNDA:2,(anonymous_24)
FNDA:3,(anonymous_26)
FNDA:19,(anonymous_28)
DA:1,4
DA:11,4
DA:12,4
DA:13,4
DA:14,4
DA:15,4
DA:32,4
DA:33,4
DA:36,4
DA:37,37
DA:39,37
DA:40,37
DA:41,37
DA:42,37
DA:43,37
DA:47,1
DA:48,1
DA:49,1
DA:50,0
DA:51,0
DA:52,0
DA:54,1
DA:56,1
DA:57,0
DA:64,1
DA:65,0
DA:70,0
DA:71,0
DA:72,0
DA:73,0
DA:74,0
DA:75,0
DA:77,0
DA:79,0
DA:82,1
DA:83,0
DA:84,0
DA:87,0
DA:97,0
DA:98,0
DA:102,1
DA:103,1
DA:105,1
DA:107,0
DA:108,0
DA:115,4
DA:116,4
DA:121,3
DA:122,1
DA:123,1
DA:124,1
DA:127,2
DA:128,2
DA:129,0
DA:132,2
DA:133,3
DA:135,2
DA:136,1
DA:137,1
DA:139,1
DA:142,1
DA:150,1
DA:156,1
DA:158,1
DA:160,1
DA:162,1
DA:163,1
DA:168,5
DA:169,5
DA:174,4
DA:175,1
DA:176,1
DA:177,1
DA:180,3
DA:182,3
DA:183,1
DA:184,1
DA:186,1
DA:189,2
DA:190,3
DA:193,2
DA:194,1
DA:195,1
DA:197,1
DA:199,1
DA:200,2
DA:204,1
DA:209,1
DA:211,1
DA:213,1
DA:215,1
DA:216,1
DA:221,4
DA:222,4
DA:226,3
DA:227,1
DA:228,1
DA:229,1
DA:231,2
DA:232,2
DA:233,0
DA:236,2
DA:237,1
DA:239,2
DA:240,1
DA:241,1
DA:243,1
DA:246,1
DA:249,1
DA:253,1
DA:262,1
DA:267,1
DA:268,1
DA:269,1
DA:271,1
DA:272,1
DA:277,5
DA:278,5
DA:282,4
DA:283,1
DA:284,1
DA:285,1
DA:287,3
DA:288,3
DA:289,1
DA:290,1
DA:292,1
DA:295,2
DA:296,2
DA:298,2
DA:299,1
DA:300,1
DA:302,1
DA:304,1
DA:305,2
DA:309,1
DA:314,1
DA:315,1
DA:316,1
DA:318,1
DA:319,1
DA:324,6
DA:325,6
DA:329,5
DA:330,1
DA:331,1
DA:332,1
DA:335,4
DA:337,4
DA:338,1
DA:339,1
DA:340,1
DA:343,3
DA:345,3
DA:346,1
DA:347,1
DA:348,1
DA:351,2
DA:352,2
DA:353,1
DA:356,2
DA:357,1
DA:358,1
DA:359,1
DA:360,1
DA:364,1
DA:365,1
DA:366,1
DA:367,1
DA:368,1
DA:369,1
DA:370,1
DA:371,1
DA:372,1
DA:373,1
DA:375,1
DA:377,1
DA:382,1
DA:383,1
DA:385,1
DA:387,1
DA:388,1
DA:393,5
DA:394,5
DA:398,4
DA:399,1
DA:400,1
DA:401,1
DA:404,3
DA:405,3
DA:406,2
DA:407,2
DA:408,2
DA:411,1
DA:412,2
DA:413,1
DA:417,1
DA:422,1
DA:423,1
DA:425,1
DA:426,1
DA:427,1
DA:431,1
DA:433,1
DA:434,1
DA:439,5
DA:440,5
DA:444,5
DA:445,1
DA:446,1
DA:447,1
DA:450,4
DA:454,4
DA:455,1
DA:456,1
DA:457,1
DA:460,3
DA:462,3
DA:463,3
DA:465,3
DA:466,2
DA:467,2
DA:474,2
DA:475,1
DA:476,1
DA:477,1
DA:480,1
DA:483,1
DA:486,2
DA:492,2
DA:493,2
DA:495,0
DA:496,0
DA:501,2
DA:502,2
DA:509,2
DA:510,2
DA:512,2
DA:514,0
DA:515,0
DA:520,3
DA:521,3
DA:522,3
DA:523,3
DA:524,3
DA:525,3
DA:526,3
DA:527,3
DA:528,3
DA:529,3
DA:530,3
DA:531,3
DA:532,3
DA:533,3
DA:535,3
DA:539,19
DA:540,19
DA:544,19
DA:545,1
DA:546,1
DA:547,1
DA:548,1
DA:549,1
DA:550,1
DA:552,1
DA:558,19
DA:559,14
DA:560,23
DA:563,19
DA:565,0
DA:566,0
LF:271
LH:243
BRDA:49,0,0,0
BRDA:56,1,0,0
BRDA:56,2,0,1
BRDA:56,2,1,1
BRDA:64,3,0,0
BRDA:64,4,0,1
BRDA:64,4,1,1
BRDA:73,5,0,0
BRDA:82,6,0,0
BRDA:82,7,0,1
BRDA:82,7,1,1
BRDA:121,8,0,1
BRDA:128,9,0,0
BRDA:135,10,0,1
BRDA:135,11,0,2
BRDA:135,11,1,2
BRDA:174,12,0,1
BRDA:182,13,0,1
BRDA:193,14,0,1
BRDA:193,14,1,1
BRDA:226,15,0,1
BRDA:232,16,0,0
BRDA:239,17,0,1
BRDA:239,18,0,2
BRDA:239,18,1,2
BRDA:246,19,0,0
BRDA:246,19,1,1
BRDA:249,20,0,0
BRDA:249,20,1,1
BRDA:282,21,0,1
BRDA:288,22,0,1
BRDA:298,23,0,1
BRDA:298,23,1,1
BRDA:329,24,0,1
BRDA:337,25,0,1
BRDA:345,26,0,1
BRDA:352,27,0,1
BRDA:357,28,0,1
BRDA:398,29,0,1
BRDA:405,30,0,2
BRDA:405,31,0,3
BRDA:405,31,1,2
BRDA:405,31,2,2
BRDA:412,32,0,1
BRDA:426,33,0,1
BRDA:444,34,0,1
BRDA:454,35,0,1
BRDA:465,36,0,2
BRDA:465,36,1,1
BRDA:466,37,0,2
BRDA:474,38,0,1
BRDA:493,39,0,2
BRDA:493,39,1,0
BRDA:512,40,0,1
BRDA:512,40,1,1
BRDA:525,41,0,3
BRDA:525,41,1,0
BRDA:525,42,0,3
BRDA:525,42,1,3
BRDA:525,43,0,0
BRDA:525,43,1,3
BRDA:525,44,0,3
BRDA:525,44,1,3
BRDA:525,45,0,0
BRDA:525,45,1,3
BRDA:525,46,0,3
BRDA:525,46,1,3
BRDA:526,47,0,3
BRDA:526,47,1,0
BRDA:526,48,0,3
BRDA:526,48,1,3
BRDA:526,49,0,0
BRDA:526,49,1,3
BRDA:526,50,0,3
BRDA:526,50,1,3
BRDA:526,51,0,0
BRDA:526,51,1,3
BRDA:526,52,0,3
BRDA:526,52,1,3
BRDA:544,53,0,1
BRDA:544,54,0,19
BRDA:544,54,1,18
BRDA:558,55,0,14
BRDA:558,56,0,19
BRDA:558,56,1,18
BRDA:560,57,0,5
BRDA:560,57,1,18
BRF:87
BRH:71
end_of_record
TN:
SF:api/communityresources/services/blockUserService.ts
FN:15,(anonymous_0)
FN:23,(anonymous_1)
FN:48,(anonymous_3)
FN:78,(anonymous_5)
FN:96,(anonymous_7)
FN:112,(anonymous_9)
FN:127,(anonymous_10)
FNF:7
FNH:0
FNDA:0,(anonymous_0)
FNDA:0,(anonymous_1)
FNDA:0,(anonymous_3)
FNDA:0,(anonymous_5)
FNDA:0,(anonymous_7)
FNDA:0,(anonymous_9)
FNDA:0,(anonymous_10)
DA:1,2
DA:2,2
DA:3,2
DA:4,2
DA:6,2
DA:8,2
DA:9,2
DA:10,2
DA:11,2
DA:14,2
DA:16,0
DA:17,0
DA:18,0
DA:19,0
DA:20,0
DA:27,0
DA:28,0
DA:29,0
DA:30,0
DA:31,0
DA:33,0
DA:35,0
DA:37,0
DA:39,0
DA:40,0
DA:41,0
DA:43,0
DA:44,0
DA:49,0
DA:50,0
DA:53,0
DA:57,0
DA:58,0
DA:59,0
DA:63,0
DA:64,0
DA:65,0
DA:66,0
DA:68,0
DA:71,0
DA:73,0
DA:74,0
DA:82,0
DA:83,0
DA:84,0
DA:85,0
DA:89,0
DA:91,0
DA:92,0
DA:97,0
DA:99,0
DA:105,0
DA:110,0
DA:112,0
DA:113,0
DA:114,0
DA:118,0
DA:120,0
DA:122,0
DA:123,0
DA:128,0
DA:129,0
DA:133,0
DA:134,0
DA:136,0
DA:138,0
DA:139,0
DA:141,0
DA:143,0
DA:144,0
DA:145,0
DA:150,0
DA:151,0
DA:152,0
DA:153,0
DA:156,0
DA:157,0
DA:162,0
DA:163,0
DA:166,0
DA:167,0
DA:168,0
DA:170,0
DA:171,0
LF:84
LH:10
BRDA:63,0,0,0
BRDA:133,1,0,0
BRDA:138,2,0,0
BRDA:138,3,0,0
BRDA:138,3,1,0
BRDA:138,4,0,0
BRDA:138,4,1,0
BRDA:138,5,0,0
BRDA:138,5,1,0
BRDA:138,6,0,0
BRDA:138,6,1,0
BRDA:151,7,0,0
BRDA:151,8,0,0
BRDA:151,8,1,0
BRDA:151,9,0,0
BRDA:151,9,1,0
BRDA:151,10,0,0
BRDA:151,10,1,0
BRDA:151,11,0,0
BRDA:151,11,1,0
BRDA:156,12,0,0
BRF:21
BRH:0
end_of_record
TN:
SF:api/communityresources/services/commentService.ts
FN:14,(anonymous_0)
FN:29,(anonymous_1)
FN:41,(anonymous_3)
FN:45,(anonymous_4)
FN:115,(anonymous_5)
FN:129,(anonymous_7)
FN:130,(anonymous_8)
FN:162,(anonymous_9)
FNF:8
FNH:8
FNDA:10,(anonymous_0)
FNDA:6,(anonymous_1)
FNDA:6,(anonymous_3)
FNDA:6,(anonymous_4)
FNDA:4,(anonymous_5)
FNDA:1,(anonymous_7)
FNDA:2,(anonymous_8)
FNDA:1,(anonymous_9)
DA:1,2
DA:2,2
DA:3,2
DA:4,2
DA:5,2
DA:8,2
DA:9,2
DA:10,2
DA:13,2
DA:15,10
DA:16,10
DA:17,10
DA:18,10
DA:19,10
DA:30,6
DA:31,6
DA:36,6
DA:41,6
DA:42,6
DA:44,6
DA:45,3
DA:46,6
DA:48,3
DA:49,1
DA:50,1
DA:51,1
DA:54,2
DA:57,2
DA:63,2
DA:69,2
DA:70,2
DA:71,1
DA:72,1
DA:73,1
DA:76,3
DA:77,1
DA:78,1
DA:79,1
DA:82,2
DA:86,2
DA:92,2
DA:93,2
DA:94,1
DA:95,1
DA:96,1
DA:99,2
DA:100,2
DA:101,2
DA:104,0
DA:105,0
DA:116,4
DA:117,4
DA:121,4
DA:122,2
DA:123,2
DA:124,1
DA:125,1
DA:126,1
DA:129,1
DA:130,2
DA:132,1
DA:133,1
DA:136,1
DA:142,1
DA:144,1
DA:145,1
DA:148,2
DA:153,2
DA:157,2
DA:158,1
DA:159,1
DA:160,1
DA:162,1
DA:164,1
DA:165,1
DA:169,1
DA:171,1
DA:172,1
DA:174,2
DA:175,2
DA:176,2
DA:179,0
DA:180,0
LF:83
LH:79
BRDA:44,0,0,3
BRDA:44,0,1,3
BRDA:48,1,0,1
BRDA:48,2,0,3
BRDA:48,2,1,3
BRDA:70,3,0,1
BRDA:76,4,0,1
BRDA:76,5,0,3
BRDA:76,5,1,3
BRDA:93,6,0,1
BRDA:100,7,0,2
BRDA:100,7,1,0
BRDA:121,8,0,2
BRDA:121,8,1,2
BRDA:123,9,0,1
BRDA:157,10,0,1
BRF:16
BRH:15
end_of_record
TN:
SF:api/communityresources/services/communityServies.ts
FN:25,(anonymous_0)
FN:33,(anonymous_1)
FN:41,(anonymous_3)
FN:66,(anonymous_4)
FN:101,(anonymous_6)
FN:107,(anonymous_8)
FN:108,(anonymous_9)
FN:121,(anonymous_10)
FN:150,(anonymous_11)
FN:173,(anonymous_13)
FN:187,(anonymous_15)
FN:208,(anonymous_16)
FN:257,(anonymous_17)
FN:269,(anonymous_18)
FN:296,(anonymous_19)
FN:300,(anonymous_20)
FN:313,(anonymous_21)
FN:338,(anonymous_23)
FN:412,(anonymous_25)
FN:431,(anonymous_27)
FN:432,(anonymous_28)
FN:434,(anonymous_29)
FN:450,(anonymous_30)
FNF:23
FNH:14
FNDA:24,(anonymous_0)
FNDA:2,(anonymous_1)
FNDA:1,(anonymous_3)
FNDA:3,(anonymous_4)
FNDA:3,(anonymous_6)
FNDA:1,(anonymous_8)
FNDA:1,(anonymous_9)
FNDA:1,(anonymous_10)
FNDA:2,(anonymous_11)
FNDA:4,(anonymous_13)
FNDA:0,(anonymous_15)
FNDA:0,(anonymous_16)
FNDA:0,(anonymous_17)
FNDA:0,(anonymous_18)
FNDA:0,(anonymous_19)
FNDA:0,(anonymous_20)
FNDA:2,(anonymous_21)
FNDA:2,(anonymous_23)
FNDA:3,(anonymous_25)
FNDA:0,(anonymous_27)
FNDA:0,(anonymous_28)
FNDA:0,(anonymous_29)
FNDA:1,(anonymous_30)
DA:1,19
DA:11,19
DA:12,19
DA:13,19
DA:18,19
DA:21,19
DA:24,19
DA:26,24
DA:27,24
DA:28,24
DA:29,24
DA:30,24
DA:34,2
DA:35,2
DA:36,2
DA:37,2
DA:38,2
DA:39,2
DA:40,2
DA:41,1
DA:42,1
DA:43,1
DA:46,1
DA:47,1
DA:49,1
DA:50,1
DA:57,1
DA:59,1
DA:61,1
DA:62,1
DA:67,3
DA:68,3
DA:72,2
DA:73,1
DA:74,1
DA:76,1
DA:79,1
DA:80,1
DA:84,1
DA:85,0
DA:88,1
DA:92,1
DA:94,1
DA:96,1
DA:97,1
DA:102,3
DA:103,3
DA:104,3
DA:107,2
DA:108,1
DA:109,1
DA:110,1
DA:112,1
DA:115,2
DA:116,1
DA:119,1
DA:121,1
DA:122,1
DA:123,0
DA:126,1
DA:133,1
DA:137,1
DA:139,1
DA:140,1
DA:143,1
DA:145,1
DA:146,1
DA:153,2
DA:154,2
DA:155,1
DA:156,1
DA:157,1
DA:158,1
DA:159,1
DA:164,1
DA:166,1
DA:168,1
DA:169,1
DA:174,4
DA:175,4
DA:178,4
DA:179,0
DA:180,0
DA:182,0
DA:184,4
DA:185,4
DA:187,4
DA:188,0
DA:189,0
DA:191,0
DA:194,0
DA:195,0
DA:197,0
DA:198,0
DA:202,0
DA:204,0
DA:207,0
DA:208,0
DA:209,0
DA:210,0
DA:212,0
DA:213,0
DA:219,0
DA:220,0
DA:222,0
DA:223,0
DA:224,0
DA:228,0
DA:236,0
DA:237,0
DA:246,0
DA:247,0
DA:255,0
DA:257,0
DA:258,0
DA:266,0
DA:267,0
DA:270,0
DA:271,0
DA:275,0
DA:276,0
DA:292,0
DA:294,0
DA:295,0
DA:296,0
DA:298,0
DA:300,0
DA:302,0
DA:303,0
DA:306,0
DA:308,4
DA:309,4
DA:317,2
DA:318,2
DA:319,2
DA:323,1
DA:324,1
DA:326,1
DA:328,1
DA:329,1
DA:341,2
DA:342,2
DA:350,2
DA:353,2
DA:355,2
DA:361,2
DA:370,2
DA:391,2
DA:392,2
DA:402,2
DA:405,1
DA:407,1
DA:408,1
DA:413,3
DA:414,3
DA:417,3
DA:418,2
DA:419,1
DA:420,1
DA:421,1
DA:424,1
DA:427,1
DA:432,0
DA:433,0
DA:434,0
DA:435,0
DA:436,0
DA:437,0
DA:440,0
DA:441,0
DA:443,0
DA:444,0
DA:447,0
DA:451,1
DA:452,1
DA:453,1
DA:455,1
LF:177
LH:118
BRDA:42,0,0,1
BRDA:42,1,0,1
BRDA:42,1,1,1
BRDA:49,2,0,1
BRDA:72,3,0,1
BRDA:79,4,0,1
BRDA:79,5,0,1
BRDA:79,5,1,1
BRDA:84,6,0,0
BRDA:84,6,1,1
BRDA:109,7,0,1
BRDA:109,8,0,1
BRDA:109,8,1,1
BRDA:112,9,0,0
BRDA:112,9,1,1
BRDA:115,10,0,1
BRDA:115,11,0,2
BRDA:115,11,1,2
BRDA:122,12,0,0
BRDA:122,12,1,1
BRDA:156,13,0,1
BRDA:178,14,0,0
BRDA:188,15,0,0
BRDA:188,15,1,0
BRDA:194,16,0,0
BRDA:194,16,1,0
BRDA:207,17,0,0
BRDA:209,18,0,0
BRDA:209,18,1,0
BRDA:223,19,0,0
BRDA:224,20,0,0
BRDA:224,20,1,0
BRDA:225,21,0,0
BRDA:225,21,1,0
BRDA:236,22,0,0
BRDA:246,23,0,0
BRDA:246,23,1,0
BRDA:270,24,0,0
BRDA:275,25,0,0
BRDA:295,26,0,0
BRDA:295,27,0,0
BRDA:295,27,1,0
BRDA:295,27,2,0
BRDA:296,28,0,0
BRDA:296,28,1,0
BRDA:296,29,0,0
BRDA:296,29,1,0
BRDA:296,30,0,0
BRDA:296,30,1,0
BRDA:300,31,0,0
BRDA:300,31,1,0
BRDA:302,32,0,0
BRDA:323,33,0,1
BRDA:323,34,0,0
BRDA:323,34,1,1
BRDA:323,35,0,1
BRDA:323,35,1,1
BRDA:405,36,0,1
BRDA:405,36,1,0
BRDA:418,37,0,1
BRDA:435,38,0,0
BRDA:436,39,0,0
BRDA:436,40,0,0
BRDA:436,40,1,0
BRDA:440,41,0,0
BRDA:443,42,0,0
BRF:66
BRH:24
end_of_record
TN:
SF:api/communityresources/services/emailService.ts
FN:10,(anonymous_0)
FN:12,(anonymous_1)
FN:50,(anonymous_3)
FN:54,(anonymous_4)
FN:58,(anonymous_5)
FN:64,(anonymous_6)
FN:68,(anonymous_7)
FN:72,(anonymous_8)
FN:76,(anonymous_9)
FNF:9
FNH:9
FNDA:12,(anonymous_0)
FNDA:2,(anonymous_1)
FNDA:1,(anonymous_3)
FNDA:1,(anonymous_4)
FNDA:1,(anonymous_5)
FNDA:1,(anonymous_6)
FNDA:1,(anonymous_7)
FNDA:1,(anonymous_8)
FNDA:1,(anonymous_9)
DA:1,17
DA:2,17
DA:3,17
DA:4,17
DA:5,17
DA:9,17
DA:10,12
DA:18,2
DA:19,2
DA:20,1
DA:26,1
DA:40,1
DA:43,2
DA:45,0
DA:46,0
DA:51,1
DA:55,1
DA:59,1
DA:65,1
DA:69,1
DA:73,1
DA:77,1
LF:22
LH:20
BRDA:19,0,0,1
BRF:1
BRH:1
end_of_record
TN:
SF:api/communityresources/services/healthWiseService.ts
FN:23,(anonymous_0)
FN:33,(anonymous_1)
FN:60,(anonymous_3)
FN:63,(anonymous_4)
FN:136,(anonymous_5)
FN:167,(anonymous_7)
FN:170,(anonymous_8)
FN:245,(anonymous_9)
FN:270,(anonymous_11)
FN:273,(anonymous_12)
FN:338,(anonymous_13)
FN:371,(anonymous_15)
FN:396,(anonymous_17)
FN:415,(anonymous_19)
FN:439,(anonymous_21)
FN:467,(anonymous_23)
FN:470,(anonymous_24)
FN:534,(anonymous_25)
FN:539,(anonymous_27)
FN:546,(anonymous_28)
FN:579,(anonymous_29)
FN:583,(anonymous_30)
FN:608,(anonymous_31)
FN:638,(anonymous_32)
FNF:24
FNH:14
FNDA:7,(anonymous_0)
FNDA:3,(anonymous_1)
FNDA:2,(anonymous_3)
FNDA:4,(anonymous_4)
FNDA:2,(anonymous_5)
FNDA:0,(anonymous_7)
FNDA:0,(anonymous_8)
FNDA:2,(anonymous_9)
FNDA:1,(anonymous_11)
FNDA:2,(anonymous_12)
FNDA:3,(anonymous_13)
FNDA:0,(anonymous_15)
FNDA:2,(anonymous_17)
FNDA:0,(anonymous_19)
FNDA:0,(anonymous_21)
FNDA:0,(anonymous_23)
FNDA:0,(anonymous_24)
FNDA:0,(anonymous_25)
FNDA:0,(anonymous_27)
FNDA:0,(anonymous_28)
FNDA:12,(anonymous_29)
FNDA:1,(anonymous_30)
FNDA:2,(anonymous_31)
FNDA:2,(anonymous_32)
DA:1,2
DA:2,2
DA:3,2
DA:4,2
DA:5,2
DA:6,2
DA:7,2
DA:19,2
DA:22,2
DA:24,7
DA:25,7
DA:26,7
DA:27,7
DA:28,7
DA:29,7
DA:30,7
DA:34,3
DA:35,3
DA:38,3
DA:39,2
DA:40,2
DA:42,3
DA:47,3
DA:48,2
DA:56,2
DA:60,2
DA:61,2
DA:62,2
DA:63,2
DA:64,4
DA:65,4
DA:66,2
DA:73,2
DA:74,2
DA:75,2
DA:80,2
DA:81,2
DA:87,0
DA:88,0
DA:90,0
DA:92,2
DA:94,0
DA:95,0
DA:100,0
DA:102,0
DA:108,0
DA:109,0
DA:111,0
DA:113,0
DA:118,1
DA:119,1
DA:120,1
DA:122,0
DA:124,0
DA:125,0
DA:126,0
DA:127,0
DA:128,0
DA:130,0
DA:132,0
DA:137,2
DA:138,2
DA:141,1
DA:142,1
DA:143,1
DA:145,1
DA:149,1
DA:150,0
DA:156,0
DA:157,0
DA:158,0
DA:159,0
DA:161,0
DA:163,0
DA:167,0
DA:168,0
DA:169,0
DA:170,0
DA:171,0
DA:172,0
DA:173,0
DA:180,0
DA:181,0
DA:182,0
DA:187,0
DA:188,0
DA:194,0
DA:195,0
DA:197,0
DA:199,0
DA:201,0
DA:202,0
DA:207,0
DA:209,0
DA:215,0
DA:216,0
DA:218,0
DA:220,0
DA:225,1
DA:226,1
DA:228,1
DA:230,1
DA:231,0
DA:232,0
DA:235,0
DA:236,0
DA:237,0
DA:239,0
DA:241,1
DA:246,2
DA:247,2
DA:250,2
DA:251,1
DA:252,1
DA:254,2
DA:260,2
DA:261,1
DA:266,1
DA:270,1
DA:271,1
DA:272,1
DA:273,1
DA:274,2
DA:275,2
DA:276,0
DA:283,1
DA:284,1
DA:285,1
DA:290,1
DA:291,1
DA:297,0
DA:298,0
DA:300,0
DA:302,1
DA:304,0
DA:305,0
DA:310,0
DA:312,0
DA:318,0
DA:319,0
DA:321,0
DA:324,0
DA:325,0
DA:328,1
DA:330,1
DA:332,1
DA:334,0
DA:339,3
DA:340,3
DA:342,3
DA:343,1
DA:344,1
DA:345,1
DA:346,1
DA:349,0
DA:350,0
DA:351,0
DA:355,2
DA:356,1
DA:357,1
DA:358,1
DA:360,1
DA:362,1
DA:363,1
DA:365,1
DA:367,0
DA:372,0
DA:373,0
DA:375,0
DA:376,0
DA:377,0
DA:378,0
DA:379,0
DA:382,0
DA:383,0
DA:384,0
DA:387,0
DA:388,0
DA:390,0
DA:392,0
DA:397,2
DA:398,2
DA:399,2
DA:400,6
DA:401,6
DA:402,18
DA:403,1
DA:408,1
DA:410,0
DA:411,0
DA:416,0
DA:417,0
DA:418,0
DA:419,0
DA:420,0
DA:421,0
DA:422,0
DA:423,0
DA:428,0
DA:429,0
DA:430,0
DA:432,0
DA:434,0
DA:435,0
DA:440,0
DA:441,0
DA:442,0
DA:443,0
DA:444,0
DA:446,0
DA:451,0
DA:452,0
DA:453,0
DA:455,0
DA:458,0
DA:463,0
DA:467,0
DA:468,0
DA:469,0
DA:470,0
DA:471,0
DA:472,0
DA:473,0
DA:480,0
DA:481,0
DA:482,0
DA:487,0
DA:488,0
DA:494,0
DA:495,0
DA:497,0
DA:499,0
DA:500,0
DA:502,0
DA:503,0
DA:508,0
DA:510,0
DA:516,0
DA:517,0
DA:519,0
DA:521,0
DA:527,0
DA:528,0
DA:530,0
DA:535,0
DA:537,0
DA:538,0
DA:539,0
DA:540,0
DA:541,0
DA:546,0
DA:547,0
DA:548,0
DA:554,0
DA:555,0
DA:556,0
DA:558,0
DA:561,0
DA:563,0
DA:564,0
DA:565,0
DA:566,0
DA:567,0
DA:570,0
DA:571,0
DA:572,0
DA:575,0
DA:576,0
DA:580,12
DA:584,1
DA:586,1
DA:587,1
DA:588,1
DA:589,1
DA:590,1
DA:591,1
DA:592,1
DA:593,1
DA:594,1
DA:595,1
DA:597,1
DA:598,1
DA:601,0
DA:602,0
DA:605,1
DA:609,2
DA:610,2
DA:611,2
DA:612,2
DA:613,2
DA:614,2
DA:615,2
DA:616,2
DA:617,2
DA:618,2
DA:619,2
DA:620,2
DA:621,2
DA:622,2
DA:623,2
DA:624,2
DA:625,2
DA:627,2
DA:628,0
DA:631,2
DA:632,2
DA:635,2
DA:639,2
DA:640,2
DA:644,2
DA:645,0
DA:650,2
DA:651,2
LF:313
LH:141
BRDA:38,0,0,2
BRDA:47,1,0,2
BRDA:48,2,0,2
BRDA:49,3,0,2
BRDA:49,3,1,2
BRDA:49,3,2,2
BRDA:61,4,0,2
BRDA:61,5,0,2
BRDA:61,5,1,2
BRDA:65,6,0,2
BRDA:81,7,0,0
BRDA:82,8,0,2
BRDA:82,8,1,2
BRDA:82,8,2,2
BRDA:82,8,3,2
BRDA:102,9,0,0
BRDA:103,10,0,0
BRDA:103,10,1,0
BRDA:103,10,2,0
BRDA:103,10,3,0
BRDA:122,11,0,0
BRDA:122,11,1,0
BRDA:122,12,0,0
BRDA:122,12,1,0
BRDA:125,13,0,0
BRDA:125,14,0,0
BRDA:125,14,1,0
BRDA:141,15,0,1
BRDA:149,16,0,0
BRDA:150,17,0,0
BRDA:151,18,0,0
BRDA:151,18,1,0
BRDA:151,18,2,0
BRDA:156,19,0,0
BRDA:168,20,0,0
BRDA:168,21,0,0
BRDA:168,21,1,0
BRDA:172,22,0,0
BRDA:188,23,0,0
BRDA:189,24,0,0
BRDA:189,24,1,0
BRDA:189,24,2,0
BRDA:189,24,3,0
BRDA:209,25,0,0
BRDA:210,26,0,0
BRDA:210,26,1,0
BRDA:210,26,2,0
BRDA:210,26,3,0
BRDA:230,27,0,0
BRDA:231,28,0,0
BRDA:250,29,0,1
BRDA:260,30,0,1
BRDA:261,31,0,1
BRDA:262,32,0,1
BRDA:262,32,1,1
BRDA:262,32,2,1
BRDA:271,33,0,1
BRDA:271,34,0,1
BRDA:271,34,1,1
BRDA:275,35,0,0
BRDA:291,36,0,0
BRDA:292,37,0,1
BRDA:292,37,1,1
BRDA:292,37,2,1
BRDA:292,37,3,1
BRDA:312,38,0,0
BRDA:313,39,0,0
BRDA:313,39,1,0
BRDA:313,39,2,0
BRDA:313,39,3,0
BRDA:342,40,0,1
BRDA:343,41,0,1
BRDA:343,42,0,1
BRDA:343,42,1,1
BRDA:355,43,0,1
BRDA:375,44,0,0
BRDA:376,45,0,0
BRDA:376,46,0,0
BRDA:376,46,1,0
BRDA:402,47,0,1
BRDA:422,48,0,0
BRDA:422,49,0,0
BRDA:422,49,1,0
BRDA:442,50,0,0
BRDA:451,51,0,0
BRDA:458,52,0,0
BRDA:459,53,0,0
BRDA:459,53,1,0
BRDA:459,53,2,0
BRDA:468,54,0,0
BRDA:468,55,0,0
BRDA:468,55,1,0
BRDA:472,56,0,0
BRDA:488,57,0,0
BRDA:489,58,0,0
BRDA:489,58,1,0
BRDA:489,58,2,0
BRDA:489,58,3,0
BRDA:510,59,0,0
BRDA:511,60,0,0
BRDA:511,60,1,0
BRDA:511,60,2,0
BRDA:511,60,3,0
BRDA:527,61,0,0
BRDA:527,62,0,0
BRDA:527,62,1,0
BRDA:537,63,0,0
BRDA:537,64,0,0
BRDA:537,64,1,0
BRDA:538,65,0,0
BRDA:538,65,1,0
BRDA:540,66,0,0
BRDA:547,67,0,0
BRDA:554,68,0,0
BRDA:563,69,0,0
BRDA:564,70,0,0
BRDA:564,71,0,0
BRDA:564,71,1,0
BRDA:589,72,0,1
BRDA:589,72,1,0
BRDA:589,73,0,1
BRDA:589,73,1,1
BRDA:589,74,0,0
BRDA:589,74,1,1
BRDA:589,75,0,1
BRDA:589,75,1,1
BRDA:589,76,0,0
BRDA:589,76,1,1
BRDA:589,77,0,1
BRDA:589,77,1,1
BRDA:590,78,0,0
BRDA:590,78,1,1
BRDA:590,79,0,1
BRDA:590,79,1,1
BRDA:597,80,0,1
BRDA:597,80,1,0
BRDA:627,81,0,0
BRDA:627,81,1,2
BRDA:638,82,0,2
BRDA:644,83,0,0
BRF:140
BRH:49
end_of_record
TN:
SF:api/communityresources/services/healthwiseTokenService.ts
FN:9,(anonymous_0)
FN:12,(anonymous_1)
FNF:2
FNH:0
FNDA:0,(anonymous_0)
FNDA:0,(anonymous_1)
DA:1,2
DA:2,2
DA:3,2
DA:4,2
DA:8,2
DA:9,0
DA:10,0
DA:13,0
DA:14,0
DA:16,0
DA:17,0
DA:19,0
DA:22,0
DA:23,0
LF:14
LH:5
BRDA:16,0,0,0
BRDA:16,0,1,0
BRF:2
BRH:0
end_of_record
TN:
SF:api/communityresources/services/imageService.ts
FN:13,(anonymous_0)
FN:20,(anonymous_1)
FN:50,(anonymous_3)
FN:85,(anonymous_5)
FN:131,(anonymous_7)
FNF:5
FNH:5
FNDA:14,(anonymous_0)
FNDA:4,(anonymous_1)
FNDA:5,(anonymous_3)
FNDA:5,(anonymous_5)
FNDA:2,(anonymous_7)
DA:1,2
DA:2,2
DA:3,2
DA:4,2
DA:5,2
DA:9,2
DA:12,2
DA:14,14
DA:15,14
DA:16,14
DA:17,14
DA:24,4
DA:25,4
DA:29,3
DA:30,1
DA:31,1
DA:32,1
DA:34,2
DA:35,2
DA:36,2
DA:37,1
DA:39,1
DA:40,1
DA:41,1
DA:43,1
DA:45,1
DA:46,1
DA:55,5
DA:56,5
DA:60,4
DA:61,1
DA:62,1
DA:63,1
DA:65,3
DA:66,3
DA:67,1
DA:68,1
DA:69,1
DA:71,2
DA:72,2
DA:73,1
DA:74,1
DA:75,1
DA:77,1
DA:80,1
DA:81,1
DA:89,5
DA:92,5
DA:93,4
DA:97,3
DA:98,1
DA:99,1
DA:100,1
DA:103,1
DA:107,1
DA:108,1
DA:109,1
DA:110,1
DA:113,2
DA:118,2
DA:119,2
DA:120,1
DA:121,1
DA:122,1
DA:124,1
DA:126,1
DA:127,1
DA:135,2
DA:138,2
DA:143,2
LF:70
LH:70
BRDA:29,0,0,1
BRDA:36,1,0,1
BRDA:36,1,1,1
BRDA:36,2,0,2
BRDA:36,2,1,1
BRDA:60,3,0,1
BRDA:66,4,0,1
BRDA:66,4,1,2
BRDA:69,5,0,1
BRDA:69,5,1,0
BRDA:69,6,0,1
BRDA:69,6,1,1
BRDA:69,7,0,0
BRDA:69,7,1,1
BRDA:69,8,0,1
BRDA:69,8,1,1
BRDA:72,9,0,1
BRDA:72,10,0,2
BRDA:72,10,1,1
BRDA:72,11,0,1
BRDA:72,11,1,0
BRDA:72,12,0,1
BRDA:72,12,1,0
BRDA:92,13,0,4
BRDA:92,13,1,1
BRDA:97,14,0,1
BRDA:104,15,0,1
BRDA:104,15,1,0
BRDA:107,16,0,1
BRDA:113,17,0,0
BRDA:113,17,1,2
BRDA:114,18,0,0
BRDA:114,18,1,0
BRDA:119,19,0,1
BRDA:140,20,0,1
BRDA:140,20,1,1
BRF:36
BRH:28
end_of_record
TN:
SF:api/communityresources/services/imageUploadService.ts
FN:13,(anonymous_0)
FN:20,(anonymous_1)
FN:70,(anonymous_3)
FNF:3
FNH:2
FNDA:1,(anonymous_0)
FNDA:1,(anonymous_1)
FNDA:0,(anonymous_3)
DA:2,2
DA:3,2
DA:4,2
DA:5,2
DA:6,2
DA:8,2
DA:11,2
DA:14,1
DA:15,1
DA:16,1
DA:17,1
DA:24,1
DA:25,1
DA:30,0
DA:35,0
DA:36,0
DA:37,0
DA:38,0
DA:39,0
DA:40,0
DA:42,0
DA:43,0
DA:44,0
DA:46,0
DA:47,0
DA:48,0
DA:49,0
DA:50,0
DA:54,0
DA:57,0
DA:62,0
DA:65,1
DA:66,1
DA:71,0
DA:72,0
DA:73,0
DA:74,0
DA:78,0
DA:81,0
LF:39
LH:15
BRDA:30,0,0,0
BRDA:30,0,1,0
BRDA:30,1,0,0
BRDA:30,1,1,0
BRDA:30,2,0,0
BRDA:30,2,1,0
BRDA:30,3,0,0
BRDA:30,3,1,0
BRDA:31,4,0,0
BRDA:31,4,1,0
BRDA:31,5,0,0
BRDA:31,5,1,0
BRDA:33,6,0,0
BRDA:33,6,1,0
BRDA:33,7,0,0
BRDA:33,7,1,0
BRDA:35,8,0,0
BRDA:35,9,0,0
BRDA:35,9,1,0
BRDA:46,10,0,0
BRDA:62,11,0,0
BRDA:62,11,1,0
BRDA:72,12,0,0
BRDA:74,13,0,0
BRDA:75,14,0,0
BRDA:75,14,1,0
BRF:26
BRH:0
end_of_record
TN:
SF:api/communityresources/services/installationService.ts
FN:13,(anonymous_0)
FN:20,(anonymous_1)
FN:53,(anonymous_3)
FN:86,(anonymous_4)
FN:143,(anonymous_6)
FN:162,(anonymous_8)
FN:162,(anonymous_9)
FN:163,(anonymous_10)
FNF:8
FNH:8
FNDA:9,(anonymous_0)
FNDA:5,(anonymous_1)
FNDA:1,(anonymous_3)
FNDA:4,(anonymous_4)
FNDA:3,(anonymous_6)
FNDA:2,(anonymous_8)
FNDA:2,(anonymous_9)
FNDA:3,(anonymous_10)
DA:1,2
DA:2,2
DA:3,2
DA:4,2
[...]
BRDA:42,12,1,23
BRDA:46,13,0,21
BRDA:46,14,0,21
BRDA:46,14,1,21
BRDA:46,14,2,21
BRDA:58,15,0,2
BRDA:61,16,0,2
BRDA:61,16,1,0
BRDA:63,17,0,2
BRDA:63,18,0,4
BRDA:63,18,1,4
BRDA:82,19,0,7
BRDA:82,20,0,21
BRDA:82,20,1,21
BRDA:86,21,0,1
BRDA:86,22,0,14
BRDA:86,22,1,14
BRDA:90,23,0,0
BRDA:90,24,0,13
BRDA:90,24,1,13
BRDA:94,25,0,4
BRDA:94,25,1,9
BRDA:94,26,0,13
BRDA:94,26,1,13
BRDA:102,27,0,13
BRDA:102,27,1,13
BRDA:110,28,0,9
BRDA:110,28,1,0
BRDA:112,29,0,2
BRDA:113,30,0,1
BRDA:125,31,0,2
BRDA:125,31,1,7
BRDA:127,32,0,0
BRDA:127,32,1,7
BRDA:129,33,0,0
BRDA:129,33,1,7
BRDA:137,34,0,25
BRDA:137,34,1,23
BRDA:141,35,0,13
BRDA:141,35,1,12
BRDA:145,36,0,14
BRDA:145,36,1,13
BRF:62
BRH:50
end_of_record
TN:
SF:libs/security/jwtAlgorithms.ts
FN:1,(anonymous_0)
FNF:1
FNH:1
FNDA:92,(anonymous_0)
DA:1,92
DA:2,92
LF:2
LH:2
BRDA:1,0,0,92
BRDA:1,0,1,92
BRF:2
BRH:2
end_of_record
TN:
SF:libs/security/jwtTokenUtil.ts
FN:15,(anonymous_0)
FN:30,(anonymous_1)
FN:52,(anonymous_2)
FN:81,(anonymous_3)
FN:90,(anonymous_4)
FN:102,(anonymous_5)
FN:118,(anonymous_6)
FN:122,(anonymous_7)
FNF:8
FNH:7
FNDA:11,(anonymous_0)
FNDA:2,(anonymous_1)
FNDA:4,(anonymous_2)
FNDA:0,(anonymous_3)
FNDA:2,(anonymous_4)
FNDA:2,(anonymous_5)
FNDA:11,(anonymous_6)
FNDA:11,(anonymous_7)
DA:1,92
DA:2,92
DA:3,92
DA:4,92
DA:5,92
DA:7,92
DA:10,92
DA:13,11
DA:16,11
DA:25,11
DA:26,11
DA:27,11
DA:31,2
DA:32,2
DA:33,2
DA:40,2
DA:41,0
DA:43,2
DA:44,2
DA:47,2
DA:49,2
DA:53,4
DA:54,4
DA:55,4
DA:59,4
DA:60,0
DA:63,4
DA:64,0
DA:67,4
DA:68,4
DA:70,2
DA:73,4
DA:76,4
DA:78,4
DA:82,0
DA:83,0
DA:84,0
DA:86,0
DA:87,0
DA:91,2
DA:92,2
DA:93,12
DA:94,12
DA:95,8
DA:99,2
DA:103,2
DA:104,2
DA:105,4
DA:106,4
DA:107,2
DA:110,4
DA:111,4
DA:115,2
DA:119,11
DA:123,11
LF:55
LH:47
BRDA:30,0,0,2
BRDA:36,1,0,2
BRDA:36,1,1,0
BRDA:40,2,0,0
BRDA:59,3,0,0
BRDA:63,4,0,0
BRDA:93,5,0,2
BRDA:93,5,1,10
BRDA:93,6,0,2
BRDA:93,6,1,8
BRDA:94,7,0,8
BRDA:94,8,0,12
BRDA:94,8,1,8
BRDA:95,9,0,4
BRDA:95,9,1,4
BRDA:95,10,0,8
BRDA:95,10,1,4
BRDA:106,11,0,2
BRDA:106,12,0,4
BRDA:106,12,1,2
BRDA:110,13,0,4
BRF:21
BRH:17
end_of_record
TN:
SF:libs/security/keyStoreUtil.ts
FN:7,(anonymous_0)
FNF:1
FNH:1
FNDA:14,(anonymous_0)
DA:1,96
DA:5,96
DA:8,14
DA:9,11
DA:11,3
DA:12,3
DA:15,0
LF:7
LH:6
BRDA:8,0,0,11
BRDA:8,0,1,3
BRDA:11,1,0,3
BRF:3
BRH:3
end_of_record
TN:
SF:libs/security/md5Hex.ts
FN:5,(anonymous_0)
FNF:1
FNH:0
FNDA:0,(anonymous_0)
DA:1,91
DA:2,91
DA:4,91
DA:6,0
LF:4
LH:3
BRF:0
BRH:0
end_of_record
TN:
SF:libs/security/outputScanner.ts
FN:14,(anonymous_0)
FN:20,(anonymous_1)
FN:41,(anonymous_2)
FN:51,(anonymous_3)
FN:56,(anonymous_4)
FN:60,(anonymous_5)
FN:64,(anonymous_6)
FNF:7
FNH:6
FNDA:1,(anonymous_0)
FNDA:18,(anonymous_1)
FNDA:5,(anonymous_2)
FNDA:6,(anonymous_3)
FNDA:18,(anonymous_4)
FNDA:5,(anonymous_5)
FNDA:0,(anonymous_6)
DA:1,92
DA:2,92
DA:9,92
DA:10,1
DA:11,1
DA:12,1
DA:15,1
DA:16,1
DA:17,1
DA:21,18
DA:22,3
DA:23,3
DA:25,15
DA:26,10
DA:27,13
DA:28,13
DA:29,6
DA:31,7
DA:34,5
DA:35,5
DA:38,18
DA:42,5
DA:43,0
DA:44,5
DA:45,0
DA:48,5
DA:52,6
DA:53,6
DA:57,18
DA:61,5
DA:65,0
LF:31
LH:28
BRDA:14,0,0,0
BRDA:20,1,0,8
BRDA:20,2,0,8
BRDA:21,3,0,3
BRDA:21,3,1,15
BRDA:25,4,0,10
BRDA:25,4,1,5
BRDA:25,5,0,15
BRDA:25,5,1,10
BRDA:28,6,0,6
BRDA:28,6,1,7
BRDA:34,7,0,5
BRDA:34,8,0,5
BRDA:34,8,1,5
BRDA:34,8,2,5
BRDA:42,9,0,0
BRDA:42,9,1,5
BRDA:44,10,0,0
BRDA:44,11,0,5
BRDA:44,11,1,5
BRDA:52,12,0,6
BRDA:52,12,1,6
BRDA:52,12,2,1
BRDA:53,13,0,6
BRDA:53,13,1,6
BRDA:53,13,2,3
BRDA:57,14,0,18
BRDA:57,14,1,12
BRDA:61,15,0,5
BRDA:61,15,1,5
BRF:30
BRH:27
end_of_record
TN:
SF:libs/security/requestValidator.ts
FN:4,(anonymous_0)
FNF:1
FNH:1
FNDA:1,(anonymous_0)
DA:2,1
DA:5,1
LF:2
LH:2
BRF:0
BRH:0
end_of_record
TN:
SF:libs/security/securityError.ts
FNF:0
FNH:0
DA:1,92
LF:1
LH:1
BRF:0
BRH:0
end_of_record
TN:
SF:libs/security/shaHex.ts
FN:4,(anonymous_0)
FNF:1
FNH:0
FNDA:0,(anonymous_0)
DA:1,91
DA:3,91
DA:5,0
LF:3
LH:2
BRF:0
BRH:0
end_of_record
TN:
SF:libs/security/virusScanner.ts
FN:8,(anonymous_0)
FN:10,(anonymous_1)
FN:15,(anonymous_2)
FN:23,(anonymous_3)
FN:31,(anonymous_4)
FN:45,(anonymous_5)
FN:47,(anonymous_6)
FN:68,(anonymous_7)
FN:72,(anonymous_8)
FNF:9
FNH:0
FNDA:0,(anonymous_0)
FNDA:0,(anonymous_1)
FNDA:0,(anonymous_2)
FNDA:0,(anonymous_3)
FNDA:0,(anonymous_4)
FNDA:0,(anonymous_5)
FNDA:0,(anonymous_6)
FNDA:0,(anonymous_7)
FNDA:0,(anonymous_8)
DA:1,91
DA:2,91
DA:3,91
DA:7,91
DA:8,0
DA:11,0
DA:12,0
DA:15,0
DA:16,0
DA:24,0
DA:32,0
DA:33,0
DA:34,0
DA:43,0
DA:45,0
DA:47,0
DA:48,0
DA:50,0
DA:51,0
DA:52,0
DA:61,0
DA:63,0
DA:64,0
DA:65,0
DA:68,0
DA:72,0
DA:73,0
DA:74,0
LF:28
LH:4
BRDA:11,0,0,0
BRDA:32,1,0,0
BRDA:50,2,0,0
BRDA:50,2,1,0
BRDA:73,3,0,0
BRDA:73,3,1,0
BRF:6
BRH:0
end_of_record
TN:
SF:libs/security/enums/encTypes.ts
FN:2,(anonymous_0)
FNF:1
FNH:1
FNDA:91,(anonymous_0)
DA:2,91
DA:3,91
DA:4,91
DA:5,91
LF:4
LH:4
BRDA:2,0,0,91
BRDA:2,0,1,91
BRF:2
BRH:2
end_of_record
TN:
SF:libs/security/mocks/mockInputScanner.ts
FNF:0
FNH:0
DA:4,1
LF:1
LH:1
BRF:0
BRH:0
end_of_record
TN:
SF:libs/security/mocks/mockJwtTokenUtil.ts
FNF:0
FNH:0
DA:4,1
LF:1
LH:1
BRF:0
BRH:0
end_of_record
TN:
SF:libs/security/mocks/mockOutputScanner.ts
FNF:0
FNH:0
DA:4,1
LF:1
LH:1
BRF:0
BRH:0
end_of_record
TN:
SF:libs/security/mocks/mockVirusScanner.ts
FNF:0
FNH:0
DA:4,0
LF:1
LH:0
BRF:0
BRH:0
end_of_record
TN:
SF:libs/utils/app.ts
FNF:0
FNH:0
DA:7,129
LF:1
LH:1
BRF:0
BRH:0
end_of_record
TN:
SF:libs/utils/appException.ts
FN:6,(anonymous_0)
FN:13,(anonymous_1)
FNF:2
FNH:0
FNDA:0,(anonymous_0)
FNDA:0,(anonymous_1)
DA:1,129
DA:2,129
DA:5,129
DA:7,0
DA:14,0
LF:5
LH:3
BRF:0
BRH:0
end_of_record
TN:
SF:libs/utils/args.ts
FN:1,getArgument
FN:11,getApiArgument
FNF:2
FNH:2
FNDA:130,getArgument
FNDA:3,getApiArgument
DA:1,129
DA:2,130
DA:3,262
DA:4,1
DA:8,129
DA:11,129
DA:12,3
DA:13,3
LF:8
LH:8
BRDA:3,0,0,1
BRDA:8,1,0,129
BRDA:8,1,1,1
BRDA:13,2,0,0
BRDA:13,2,1,3
BRF:5
BRH:4
end_of_record
TN:
SF:libs/utils/cacheUtil.ts
FN:6,(anonymous_0)
FN:10,(anonymous_1)
FN:14,(anonymous_2)
FNF:3
FNH:1
FNDA:2,(anonymous_0)
FNDA:0,(anonymous_1)
FNDA:0,(anonymous_2)
DA:1,129
DA:3,129
DA:7,2
DA:11,0
DA:15,0
LF:5
LH:3
BRF:0
BRH:0
end_of_record
TN:
SF:libs/utils/dateUtil.ts
FN:4,(anonymous_0)
FN:15,(anonymous_1)
FN:23,(anonymous_2)
FN:44,(anonymous_3)
FN:54,(anonymous_4)
FN:58,(anonymous_5)
FNF:6
FNH:0
FNDA:0,(anonymous_0)
FNDA:0,(anonymous_1)
FNDA:0,(anonymous_2)
FNDA:0,(anonymous_3)
FNDA:0,(anonymous_4)
FNDA:0,(anonymous_5)
DA:1,129
DA:3,129
DA:5,0
DA:6,0
DA:9,0
DA:16,0
DA:17,0
DA:18,0
DA:20,0
DA:24,0
DA:34,0
DA:35,0
DA:36,0
DA:37,0
DA:38,0
DA:40,0
DA:41,0
DA:45,0
DA:46,0
DA:47,0
DA:48,0
DA:49,0
DA:50,0
DA:51,0
DA:55,0
DA:59,0
DA:60,0
LF:27
LH:2
BRDA:5,0,0,0
BRDA:5,1,0,0
BRDA:5,1,1,0
BRDA:16,2,0,0
BRDA:16,2,1,0
BRDA:17,3,0,0
BRDA:17,4,0,0
BRDA:17,4,1,0
BRDA:34,5,0,0
BRDA:34,5,1,0
BRDA:37,6,0,0
BRDA:46,7,0,0
BRDA:46,7,1,0
BRDA:60,8,0,0
BRDA:60,8,1,0
BRF:15
BRH:0
end_of_record
TN:
SF:libs/utils/exceptionWord.ts
FN:4,generateErrorSerial
FNF:1
FNH:1
FNDA:8,generateErrorSerial
DA:1,129
DA:2,129
DA:4,129
DA:5,8
DA:6,8
DA:7,0
DA:8,0
DA:9,0
DA:11,0
DA:13,8
LF:10
LH:6
BRF:0
BRH:0
end_of_record
TN:
SF:libs/utils/fileExportUtil.ts
FN:15,(anonymous_0)
FN:25,(anonymous_1)
FN:30,(anonymous_2)
FN:46,(anonymous_3)
FNF:4
FNH:4
FNDA:3,(anonymous_0)
FNDA:1,(anonymous_1)
FNDA:1,(anonymous_2)
FNDA:2,(anonymous_3)
DA:2,129
DA:3,129
DA:4,129
DA:14,129
DA:16,3
DA:17,1
DA:18,2
DA:19,1
DA:21,1
DA:26,1
DA:27,1
DA:31,1
DA:32,1
DA:46,1
DA:47,2
DA:54,1
LF:16
LH:16
BRDA:15,0,0,1
BRDA:16,1,0,1
BRDA:16,1,1,2
BRDA:18,2,0,1
BRDA:18,2,1,1
BRDA:49,3,0,2
BRDA:49,3,1,1
BRDA:50,4,0,2
BRDA:50,4,1,1
BRF:9
BRH:9
end_of_record
TN:
SF:libs/utils/getCsvParser.ts
FN:3,getCsvParser
FNF:1
FNH:0
FNDA:0,getCsvParser
DA:1,129
DA:3,129
DA:4,0
LF:3
LH:2
BRF:0
BRH:0
end_of_record
TN:
SF:libs/utils/htmlParser.ts
FN:5,(anonymous_0)
FN:6,(anonymous_1)
FN:7,(anonymous_2)
FN:20,(anonymous_3)
FN:24,(anonymous_4)
FNF:5
FNH:0
FNDA:0,(anonymous_0)
FNDA:0,(anonymous_1)
FNDA:0,(anonymous_2)
FNDA:0,(anonymous_3)
FNDA:0,(anonymous_4)
DA:1,129
DA:2,129
DA:4,129
DA:6,0
DA:7,0
DA:8,0
DA:9,0
DA:11,0
DA:14,0
DA:15,0
DA:16,0
DA:21,0
DA:25,0
DA:26,0
LF:14
LH:3
BRDA:8,0,0,0
BRDA:8,0,1,0
BRF:2
BRH:0
end_of_record
TN:
SF:libs/utils/https.ts
FN:14,makeHttpsRequest
FN:15,(anonymous_2)
FN:29,(anonymous_3)
FN:34,(anonymous_4)
FN:37,(anonymous_5)
FN:46,(anonymous_6)
FN:53,(anonymous_7)
FN:62,(anonymous_8)
FNF:8
FNH:0
FNDA:0,makeHttpsRequest
FNDA:0,(anonymous_2)
FNDA:0,(anonymous_3)
FNDA:0,(anonymous_4)
FNDA:0,(anonymous_5)
FNDA:0,(anonymous_6)
FNDA:0,(anonymous_7)
FNDA:0,(anonymous_8)
DA:2,129
DA:15,0
DA:16,0
DA:17,0
DA:19,0
DA:29,0
DA:30,0
DA:31,0
DA:32,0
DA:33,0
DA:34,0
DA:35,0
DA:37,0
DA:38,0
DA:46,0
DA:47,0
DA:48,0
DA:53,0
DA:54,0
DA:57,0
DA:61,129
DA:63,0
DA:64,0
DA:65,0
DA:66,0
DA:69,0
DA:72,0
LF:27
LH:2
BRDA:14,0,0,0
BRDA:14,1,0,0
BRDA:14,2,0,0
BRDA:21,3,0,0
BRDA:21,3,1,0
BRF:5
BRH:0
end_of_record
TN:
SF:libs/utils/index.ts
FNF:0
FNH:0
DA:1,129
DA:2,129
DA:3,129
DA:4,129
DA:5,129
DA:6,129
DA:7,129
DA:8,129
DA:9,129
DA:10,129
DA:11,129
DA:12,129
DA:13,129
DA:14,129
DA:15,129
DA:16,129
DA:17,129
DA:18,129
DA:19,129
DA:20,129
DA:21,129
DA:22,129
DA:23,129
DA:24,129
DA:25,129
DA:26,129
DA:27,129
DA:28,129
DA:29,129
DA:30,129
DA:31,129
DA:32,129
DA:33,129
LF:33
LH:33
BRF:0
BRH:0
end_of_record
TN:
SF:libs/utils/jsonLogicParser.ts
FN:4,(anonymous_0)
FNF:1
FNH:0
FNDA:0,(anonymous_0)
DA:1,129
DA:3,129
DA:5,0
DA:6,0
DA:7,0
DA:12,0
DA:14,0
DA:18,0
LF:8
LH:2
BRDA:6,0,0,0
BRDA:6,1,0,0
BRDA:6,1,1,0
BRF:3
BRH:0
end_of_record
TN:
SF:libs/utils/paths.ts
FN:1,getControllerPaths
FN:5,getMiddlewarePaths
FN:12,getResolverPaths
FN:16,getSwaggerPaths
FNF:4
FNH:2
FNDA:2,getControllerPaths
FNDA:1,getMiddlewarePaths
FNDA:0,getResolverPaths
FNDA:0,getSwaggerPaths
DA:1,129
DA:2,2
DA:5,129
DA:6,1
DA:7,0
DA:9,1
DA:12,129
DA:13,0
DA:16,129
DA:17,0
LF:10
LH:7
BRDA:2,0,0,1
BRDA:2,0,1,1
BRDA:2,1,0,2
BRDA:2,1,1,1
BRDA:2,2,0,2
BRDA:2,2,1,2
BRDA:6,3,0,0
BRDA:13,4,0,0
BRDA:13,4,1,0
BRDA:13,5,0,0
BRDA:13,5,1,0
BRDA:17,6,0,0
BRDA:17,6,1,0
BRDA:17,7,0,0
BRDA:17,7,1,0
BRF:15
BRH:6
end_of_record
TN:
SF:libs/utils/requestContext.ts
FN:11,(anonymous_0)
FN:15,(anonymous_1)
FN:21,(anonymous_2)
FN:35,(anonymous_3)
FN:40,(anonymous_4)
FN:50,(anonymous_5)
FN:54,(anonymous_6)
FN:59,(anonymous_7)
FN:65,(anonymous_8)
FN:79,(anonymous_9)
FN:83,(anonymous_10)
FN:87,(anonymous_11)
FN:91,(anonymous_12)
FN:97,(anonymous_13)
FNF:14
FNH:13
FNDA:3,(anonymous_0)
FNDA:3,(anonymous_1)
FNDA:3,(anonymous_2)
FNDA:1,(anonymous_3)
FNDA:1,(anonymous_4)
FNDA:0,(anonymous_5)
FNDA:3,(anonymous_6)
FNDA:3,(anonymous_7)
FNDA:3,(anonymous_8)
FNDA:3,(anonymous_9)
FNDA:3,(anonymous_10)
FNDA:3,(anonymous_11)
FNDA:3,(anonymous_12)
FNDA:3,(anonymous_13)
DA:1,129
DA:4,129
DA:5,129
DA:12,3
DA:16,3
DA:17,0
DA:19,3
DA:20,3
DA:21,3
DA:22,3
DA:23,3
DA:24,3
DA:25,3
DA:26,3
DA:27,3
DA:28,3
DA:29,3
DA:30,3
DA:31,3
DA:36,1
DA:37,1
DA:41,1
DA:42,1
DA:43,1
DA:44,1
DA:51,0
DA:55,3
DA:56,3
DA:60,3
DA:61,3
DA:62,3
DA:66,3
DA:67,3
DA:69,3
DA:70,7
DA:71,2
DA:72,2
DA:76,3
DA:80,3
DA:84,3
DA:88,3
DA:93,3
DA:98,3
DA:99,0
DA:101,3
LF:45
LH:42
BRDA:15,0,0,3
BRDA:16,1,0,0
BRDA:37,2,0,1
BRDA:37,2,1,0
BRDA:37,3,0,1
BRDA:37,3,1,1
BRDA:41,4,0,1
BRDA:41,5,0,1
BRDA:41,5,1,1
BRDA:43,6,0,1
BRDA:43,7,0,1
BRDA:43,7,1,1
BRDA:55,8,0,0
BRDA:55,8,1,3
BRDA:60,9,0,3
BRDA:60,9,1,0
BRDA:61,10,0,3
BRDA:61,10,1,0
BRDA:62,11,0,3
BRDA:62,11,1,3
BRDA:62,11,2,3
BRDA:70,12,0,2
BRDA:70,13,0,7
BRDA:70,13,1,2
BRDA:80,14,0,3
BRDA:80,14,1,3
BRDA:84,15,0,3
BRDA:84,15,1,3
BRDA:88,16,0,3
BRDA:88,16,1,3
BRDA:93,17,0,3
BRDA:93,17,1,3
BRDA:98,18,0,0
BRDA:98,18,1,3
BRF:34
BRH:28
end_of_record
TN:
SF:libs/utils/requestUtil.ts
FN:6,(anonymous_0)
FN:14,(anonymous_1)
FN:18,(anonymous_2)
FN:22,(anonymous_3)
FNF:4
FNH:3
FNDA:10,(anonymous_0)
FNDA:6,(anonymous_1)
FNDA:3,(anonymous_2)
FNDA:0,(anonymous_3)
DA:1,129
DA:2,129
DA:5,129
DA:7,10
DA:8,10
DA:9,4
DA:11,10
DA:15,6
DA:19,3
DA:23,0
LF:10
LH:9
BRDA:8,0,0,4
BRDA:8,1,0,10
BRDA:8,1,1,9
BRDA:9,2,0,4
BRDA:9,2,1,3
BRDA:9,2,2,2
BRDA:11,3,0,10
BRDA:11,3,1,2
BRDA:15,4,0,6
BRDA:15,4,1,5
BRDA:15,4,2,1
BRDA:15,4,3,1
BRDA:19,5,0,3
BRDA:19,5,1,2
BRDA:19,5,2,1
BRDA:23,6,0,0
BRDA:23,6,1,0
BRDA:23,6,2,0
BRF:18
BRH:15
end_of_record
TN:
SF:libs/utils/setupAppConfig.ts
FN:9,mergeConfigs
FN:13,setupAppConfig
FNF:2
FNH:1
FNDA:1,mergeConfigs
FNDA:0,setupAppConfig
DA:5,129
DA:6,129
DA:9,129
DA:10,1
DA:13,129
DA:14,0
DA:15,0
DA:16,0
DA:17,0
LF:9
LH:5
BRDA:9,0,0,0
BRDA:9,1,0,0
BRDA:9,2,0,1
BRDA:9,3,0,1
BRDA:9,4,0,1
BRDA:13,5,0,0
BRDA:13,6,0,0
BRDA:13,7,0,0
BRDA:15,8,0,0
BRDA:15,8,1,0
BRDA:16,9,0,0
BRDA:16,9,1,0
BRF:12
BRH:3
end_of_record
TN:
SF:libs/utils/stringUtils.ts
FN:2,(anonymous_0)
FN:3,(anonymous_1)
FN:8,(anonymous_2)
FN:16,(anonymous_3)
FN:24,(anonymous_4)
FN:35,(anonymous_5)
FN:43,(anonymous_6)
FN:47,(anonymous_7)
FN:61,(anonymous_8)
FN:76,(anonymous_9)
FN:129,(anonymous_10)
FNF:11
FNH:6
FNDA:3,(anonymous_0)
FNDA:4,(anonymous_1)
FNDA:9,(anonymous_2)
FNDA:9,(anonymous_3)
FNDA:0,(anonymous_4)
FNDA:0,(anonymous_5)
FNDA:5,(anonymous_6)
FNDA:0,(anonymous_7)
FNDA:0,(anonymous_8)
FNDA:2,(anonymous_9)
FNDA:0,(anonymous_10)
DA:1,129
DA:3,3
DA:4,4
DA:9,9
DA:10,4
DA:13,9
DA:17,9
DA:18,4
DA:21,9
DA:25,0
DA:26,0
DA:27,0
DA:32,0
DA:36,0
DA:37,0
DA:39,0
DA:44,5
DA:48,0
DA:49,0
DA:51,0
DA:52,0
DA:54,0
DA:55,0
DA:56,0
DA:58,0
DA:62,0
DA:63,0
DA:65,0
DA:66,0
DA:68,0
DA:69,0
DA:70,0
DA:72,0
DA:77,2
DA:78,0
DA:80,2
DA:82,2
DA:84,2
DA:86,2
DA:87,2
DA:88,2
DA:89,2
DA:90,2
DA:91,2
DA:92,2
DA:93,2
DA:94,2
DA:95,2
DA:96,2
DA:97,2
DA:98,2
DA:99,2
DA:100,2
DA:101,2
DA:102,2
DA:103,2
DA:104,2
DA:105,2
DA:106,2
DA:107,2
DA:108,2
DA:109,2
DA:110,2
DA:111,2
DA:112,2
DA:114,2
DA:118,2
DA:120,2
DA:122,2
DA:124,2
DA:126,2
DA:130,0
DA:131,0
DA:132,0
DA:133,0
DA:134,0
DA:136,0
LF:77
LH:47
BRDA:3,0,0,3
BRDA:3,0,1,0
BRDA:9,1,0,4
BRDA:13,2,0,9
BRDA:13,2,1,0
BRDA:17,3,0,4
BRDA:21,4,0,9
BRDA:21,4,1,0
BRDA:24,5,0,0
BRDA:26,6,0,0
BRDA:26,6,1,0
BRDA:27,7,0,0
BRDA:27,7,1,0
BRDA:48,8,0,0
BRDA:48,9,0,0
BRDA:48,9,1,0
BRDA:51,10,0,0
BRDA:55,11,0,0
BRDA:62,12,0,0
BRDA:65,13,0,0
BRDA:69,14,0,0
BRDA:77,15,0,0
BRDA:82,16,0,2
BRF:23
BRH:6
end_of_record
TN:
SF:libs/utils/threadPool.ts
FN:14,(anonymous_0)
FN:18,(anonymous_1)
FN:19,(anonymous_2)
FN:34,(anonymous_3)
FN:42,(anonymous_4)
FN:46,(anonymous_5)
FN:61,(anonymous_6)
FN:80,(anonymous_7)
FN:81,(anonymous_8)
FNF:9
FNH:0
FNDA:0,(anonymous_0)
FNDA:0,(anonymous_1)
FNDA:0,(anonymous_2)
FNDA:0,(anonymous_3)
FNDA:0,(anonymous_4)
FNDA:0,(anonymous_5)
FNDA:0,(anonymous_6)
FNDA:0,(anonymous_7)
FNDA:0,(anonymous_8)
DA:1,129
DA:2,129
DA:13,129
DA:14,0
DA:15,0
DA:19,0
DA:20,0
DA:28,129
DA:35,0
DA:36,0
DA:37,0
DA:38,0
DA:39,0
DA:43,0
DA:47,0
DA:48,0
DA:50,0
DA:51,0
DA:52,0
DA:53,0
DA:55,0
DA:56,0
DA:59,0
DA:61,0
DA:62,0
DA:63,0
DA:64,0
DA:65,0
DA:66,0
DA:67,0
DA:71,0
DA:72,0
DA:74,0
DA:76,0
DA:77,0
DA:85,0
DA:86,0
DA:87,0
LF:38
LH:4
BRDA:35,0,0,0
BRDA:35,0,1,0
BRDA:38,1,0,0
BRDA:38,1,1,0
BRDA:39,2,0,0
BRDA:39,2,1,0
BRDA:47,3,0,0
BRDA:50,4,0,0
BRDA:51,5,0,0
BRDA:66,6,0,0
BRDA:81,7,0,0
BRF:11
BRH:0
end_of_record
TN:
SF:libs/utils/utils.ts
FN:1,getOsEnv
FN:5,toNumber
FN:9,toBool
FNF:3
FNH:3
FNDA:2,getOsEnv
FNDA:2,toNumber
FNDA:3,toBool
DA:1,129
DA:2,2
DA:5,129
DA:6,2
DA:9,129
DA:10,3
LF:6
LH:6
BRF:0
BRH:0
end_of_record
TN:
SF:libs/utils/decorators/body2.ts
FN:4,Body2
FN:5,(anonymous_1)
FNF:2
FNH:2
FNDA:52,Body2
FNDA:52,(anonymous_1)
DA:1,129
DA:4,129
DA:5,52
DA:6,52
DA:7,52
DA:8,52
LF:6
LH:6
BRDA:6,0,0,1
BRDA:6,0,1,51
BRDA:6,1,0,1
BRDA:6,1,1,1
BRDA:7,2,0,52
BRDA:7,2,1,1
BRDA:7,2,2,52
BRDA:14,3,0,1
BRDA:14,3,1,51
BRDA:15,4,0,1
BRDA:15,4,1,51
BRDA:16,5,0,1
BRDA:16,5,1,51
BRDA:17,6,0,1
BRDA:17,6,1,51
BRF:15
BRH:15
end_of_record
TN:
SF:libs/utils/decorators/cookieParam2.ts
FN:3,CookieParam2
FN:4,(anonymous_1)
FNF:2
FNH:0
FNDA:0,CookieParam2
FNDA:0,(anonymous_1)
DA:1,129
DA:3,129
DA:4,0
DA:5,0
LF:4
LH:2
BRDA:11,0,0,0
BRDA:11,0,1,0
BRDA:12,1,0,0
BRDA:12,1,1,0
BRDA:13,2,0,0
BRDA:13,2,1,0
BRDA:14,3,0,0
BRDA:14,3,1,0
BRDA:15,4,0,0
BRDA:15,4,1,0
BRF:10
BRH:0
end_of_record
TN:
SF:libs/utils/decorators/headerParam2.ts
FN:4,HeaderParam2
FN:5,(anonymous_1)
FNF:2
FNH:0
FNDA:0,HeaderParam2
FNDA:0,(anonymous_1)
DA:1,129
DA:4,129
DA:5,0
DA:6,0
LF:4
LH:2
BRDA:12,0,0,0
BRDA:12,0,1,0
BRDA:13,1,0,0
BRDA:13,1,1,0
BRDA:14,2,0,0
BRDA:14,2,1,0
BRDA:15,3,0,0
BRDA:15,3,1,0
BRDA:16,4,0,0
BRDA:16,4,1,0
BRDA:18,5,0,0
BRDA:18,5,1,0
BRDA:19,6,0,0
BRDA:19,6,1,0
BRDA:20,7,0,0
BRDA:20,7,1,0
BRF:16
BRH:0
end_of_record
TN:
SF:libs/utils/decorators/middleware2.ts
FN:4,Middleware2
FN:5,(anonymous_1)
FNF:2
FNH:2
FNDA:8,Middleware2
FNDA:8,(anonymous_1)
DA:1,129
DA:4,129
DA:5,8
DA:6,8
LF:4
LH:4
BRDA:8,0,0,8
BRDA:8,0,1,0
BRDA:8,1,0,8
BRDA:8,1,1,8
BRDA:10,2,0,8
BRDA:10,2,1,0
BRDA:10,3,0,8
BRDA:10,3,1,8
BRF:8
BRH:6
end_of_record
TN:
SF:libs/utils/decorators/openApi.ts
FN:8,OpenAPI2
FN:11,(anonymous_1)
FN:21,ResponseSchema2
FN:31,(anonymous_3)
FNF:4
FNH:2
FNDA:122,OpenAPI2
FNDA:122,(anonymous_1)
FNDA:0,ResponseSchema2
FNDA:0,(anonymous_3)
DA:2,129
DA:5,129
DA:6,129
DA:8,129
DA:9,122
DA:11,122
DA:12,122
DA:13,122
DA:14,0
DA:17,122
DA:21,129
DA:31,0
DA:32,0
DA:33,0
DA:34,0
DA:35,0
DA:37,0
DA:38,0
DA:39,0
DA:40,0
DA:41,0
DA:44,0
DA:45,0
DA:48,0
DA:49,0
DA:61,0
DA:64,0
DA:67,0
LF:28
LH:10
BRDA:13,0,0,0
BRDA:23,1,0,0
BRDA:32,2,0,0
BRDA:32,2,1,0
BRDA:33,3,0,0
BRDA:33,3,1,0
BRDA:34,4,0,0
BRDA:34,4,1,0
BRDA:35,5,0,0
BRDA:35,5,1,0
BRDA:38,6,0,0
BRDA:38,6,1,0
BRDA:38,7,0,0
BRDA:38,7,1,0
BRDA:40,8,0,0
BRDA:44,9,0,0
BRDA:48,10,0,0
BRDA:48,10,1,0
BRF:18
BRH:0
end_of_record
TN:
SF:libs/utils/decorators/param2.ts
FN:4,Param2
FN:5,(anonymous_1)
FNF:2
FNH:2
FNDA:47,Param2
FNDA:47,(anonymous_1)
DA:1,129
DA:4,129
DA:5,47
DA:6,47
LF:4
LH:4
BRDA:16,0,0,1
BRDA:16,0,1,46
BRDA:17,1,0,1
BRDA:17,1,1,46
BRDA:18,2,0,1
BRDA:18,2,1,46
BRF:6
BRH:6
end_of_record
TN:
SF:libs/utils/decorators/queryParam2.ts
FN:4,QueryParam2
FN:5,(anonymous_1)
FNF:2
FNH:2
FNDA:85,QueryParam2
FNDA:85,(anonymous_1)
DA:1,129
DA:4,129
DA:5,85
DA:6,85
LF:4
LH:4
BRDA:12,0,0,7
BRDA:12,0,1,78
BRDA:13,1,0,7
BRDA:13,1,1,78
BRDA:14,2,0,7
BRDA:14,2,1,78
BRDA:15,3,0,7
BRDA:15,3,1,78
BRDA:16,4,0,7
BRDA:16,4,1,78
BRDA:18,5,0,7
BRDA:18,5,1,78
BRDA:19,6,0,7
BRDA:19,6,1,78
BRDA:20,7,0,7
BRDA:20,7,1,78
BRF:16
BRH:16
end_of_record
TN:
SF:libs/utils/decorators/request.ts
FN:4,Request
FN:5,(anonymous_1)
FNF:2
FNH:0
FNDA:0,Request
FNDA:0,(anonymous_1)
DA:1,129
DA:4,129
DA:5,0
DA:6,0
LF:4
LH:2
BRF:0
BRH:0
end_of_record
TN:
SF:libs/utils/decorators/response.ts
FN:5,Response
FN:6,(anonymous_1)
FNF:2
FNH:0
FNDA:0,Response
FNDA:0,(anonymous_1)
DA:2,129
DA:5,129
DA:6,0
DA:7,0
LF:4
LH:2
BRF:0
BRH:0
end_of_record
TN:
SF:libs/utils/decorators/routeOptions.ts
FN:5,RouteOptions
FN:6,(anonymous_1)
FN:10,(anonymous_2)
FNF:3
FNH:0
FNDA:0,RouteOptions
FNDA:0,(anonymous_1)
FNDA:0,(anonymous_2)
DA:2,129
DA:5,129
DA:6,0
DA:7,0
DA:11,0
DA:12,0
DA:16,0
LF:7
LH:2
BRDA:8,0,0,0
BRDA:8,0,1,0
BRDA:11,1,0,0
BRF:3
BRH:0
end_of_record
TN:
SF:libs/utils/decorators/graphql/response.ts
FN:3,GraphqlExpressResponse
FN:4,(anonymous_1)
FN:9,GraphqlExpressQueryParam
FN:10,(anonymous_3)
FNF:4
FNH:0
FNDA:0,GraphqlExpressResponse
FNDA:0,(anonymous_1)
FNDA:0,GraphqlExpressQueryParam
FNDA:0,(anonymous_3)
DA:1,129
DA:3,129
DA:4,0
DA:5,0
DA:9,129
DA:10,0
DA:11,0
LF:7
LH:3
BRF:0
BRH:0
end_of_record
TN:
SF:libs/utils/mocks/csvMockParser.ts
FN:10,(anonymous_0)
FNF:1
FNH:0
FNDA:0,(anonymous_0)
DA:1,0
DA:3,0
DA:4,0
DA:6,0
DA:10,0
DA:11,0
LF:6
LH:0
BRF:0
BRH:0
end_of_record
TN:
SF:libs/utils/mocks/mockAdminService.ts
FNF:0
FNH:0
DA:4,2
LF:1
LH:1
BRF:0
BRH:0
end_of_record
TN:
SF:libs/utils/mocks/mockGateway.ts
FNF:0
FNH:0
DA:5,1
DA:10,1
LF:2
LH:2
BRF:0
BRH:0
end_of_record
TN:
SF:libs/utils/mocks/mockHealthwise.ts
FNF:0
FNH:0
DA:7,3
DA:14,3
DA:24,3
LF:3
LH:3
BRF:0
BRH:0
end_of_record
TN:
SF:libs/utils/mocks/mockImageService.ts
FNF:0
FNH:0
DA:4,1
LF:1
LH:1
BRF:0
BRH:0
end_of_record
TN:
SF:libs/utils/mocks/mockPostsService.ts
FNF:0
FNH:0
DA:4,1
LF:1
LH:1
BRF:0
BRH:0
end_of_record
TN:
SF:libs/utils/mocks/mockRestClient.ts
FNF:0
FNH:0
DA:5,17
LF:1
LH:1
BRF:0
BRH:0
end_of_record
TN:
SF:libs/utils/mocks/mockUserServices.ts
FNF:0
FNH:0
DA:5,1
LF:1
LH:1
BRF:0
BRH:0
end_of_record
