<?xml version="1.0" encoding="UTF-8"?>
<testsuites name="jest tests" tests="760" failures="8" errors="0" time="68.368">
  <testsuite name="PublicService" errors="0" failures="0" skipped="0" timestamp="2024-05-30T09:24:18" time="15.45" tests="5">
    <testcase classname="PublicService Should Return App version from database" name="PublicService Should Return App version from database" time="0.002">
    </testcase>
    <testcase classname="PublicService Should Return user successfully for valid userName" name="PublicService Should Return user successfully for valid userName" time="0">
    </testcase>
    <testcase classname="PublicService Should Return all Flagged story" name="PublicService Should Return all Flagged story" time="0.001">
    </testcase>
    <testcase classname="PublicService should login a user with oidc access and id tokens" name="PublicService should login a user with oidc access and id tokens" time="0">
    </testcase>
    <testcase classname="PublicService Should Return Content Translations from database" name="PublicService Should Return Content Translations from database" time="0.001">
    </testcase>
  </testsuite>
  <testsuite name="HealthWiseController" errors="0" failures="0" skipped="0" timestamp="2024-05-30T09:24:18" time="17.578" tests="17">
    <testcase classname="HealthWiseController Should Return HealthWise Topic Based on ID in english" name="HealthWiseController Should Return HealthWise Topic Based on ID in english" time="0.002">
    </testcase>
    <testcase classname="HealthWiseController Should Return HealthWise Video Topic Based on video ID" name="HealthWiseController Should Return HealthWise Video Topic Based on video ID" time="0">
    </testcase>
    <testcase classname="HealthWiseController Should Return return error for invalid video ID" name="HealthWiseController Should Return return error for invalid video ID" time="0">
    </testcase>
    <testcase classname="HealthWiseController Should Return a HealthWise Video Topic" name="HealthWiseController Should Return a HealthWise Video Topic" time="0.001">
    </testcase>
    <testcase classname="HealthWiseController Should Return Error for a HealthWise Video Topic" name="HealthWiseController Should Return Error for a HealthWise Video Topic" time="0">
    </testcase>
    <testcase classname="HealthWiseController Should Return Error for a HealthWise Video Topic" name="HealthWiseController Should Return Error for a HealthWise Video Topic" time="0">
    </testcase>
    <testcase classname="HealthWiseController Should Return success with response for topicId" name="HealthWiseController Should Return success with response for topicId" time="0.001">
    </testcase>
    <testcase classname="HealthWiseController Should Return error with response for invalid topicId" name="HealthWiseController Should Return error with response for invalid topicId" time="0">
    </testcase>
    <testcase classname="HealthWiseController Should Return Error for a HealthWise Video Topic" name="HealthWiseController Should Return Error for a HealthWise Video Topic" time="0">
    </testcase>
    <testcase classname="HealthWiseController Should Return success with response for conceptId and aspectId" name="HealthWiseController Should Return success with response for conceptId and aspectId" time="0">
    </testcase>
    <testcase classname="HealthWiseController Should Return a HealthWise Article Topic" name="HealthWiseController Should Return a HealthWise Article Topic" time="0.001">
    </testcase>
    <testcase classname="HealthWiseController Should Return Error for a HealthWise Article Topic" name="HealthWiseController Should Return Error for a HealthWise Article Topic" time="0">
    </testcase>
    <testcase classname="HealthWiseController Should Return success with response for articleId" name="HealthWiseController Should Return success with response for articleId" time="0">
    </testcase>
    <testcase classname="HealthWiseController Should Return error with response for invalid articleId" name="HealthWiseController Should Return error with response for invalid articleId" time="0.001">
    </testcase>
    <testcase classname="HealthWiseController Should Return Error for a HealthWise Video Topic" name="HealthWiseController Should Return Error for a HealthWise Video Topic" time="0">
    </testcase>
    <testcase classname="HealthWiseController Should Return content" name="HealthWiseController Should Return content" time="0">
    </testcase>
    <testcase classname="HealthWiseController Should Return content" name="HealthWiseController Should Return content" time="0">
    </testcase>
  </testsuite>
  <testsuite name="PostsnController" errors="0" failures="0" skipped="0" timestamp="2024-05-30T09:24:18" time="17.641" tests="25">
    <testcase classname="PostsnController GetAllPosts - Validate Invalid Page number" name="PostsnController GetAllPosts - Validate Invalid Page number" time="0.002">
    </testcase>
    <testcase classname="PostsnController GetAllPosts - Undefined Published" name="PostsnController GetAllPosts - Undefined Published" time="0">
    </testcase>
    <testcase classname="PostsnController GetAllPosts - Language not defined" name="PostsnController GetAllPosts - Language not defined" time="0.001">
    </testcase>
    <testcase classname="PostsnController GetAllPostsForCommunity - Validate Invalid Page number" name="PostsnController GetAllPostsForCommunity - Validate Invalid Page number" time="0">
    </testcase>
    <testcase classname="PostsnController GetAllPostsForCommunity - Undefined Published" name="PostsnController GetAllPostsForCommunity - Undefined Published" time="0.001">
    </testcase>
    <testcase classname="PostsnController GetAllPostsForCommunity - Language not defined" name="PostsnController GetAllPostsForCommunity - Language not defined" time="0">
    </testcase>
    <testcase classname="PostsnController Get Post By Id - Language not defined" name="PostsnController Get Post By Id - Language not defined" time="0">
    </testcase>
    <testcase classname="PostsnController UpsertComment - Valid Parameters - Create a comment" name="PostsnController UpsertComment - Valid Parameters - Create a comment" time="0.001">
    </testcase>
    <testcase classname="PostsnController UpsertComment - Valid Parameters - Edit a comment" name="PostsnController UpsertComment - Valid Parameters - Edit a comment" time="0">
    </testcase>
    <testcase classname="PostsnController UpsertComment - post id not hex string" name="PostsnController UpsertComment - post id not hex string" time="0">
    </testcase>
    <testcase classname="PostsnController UpsertComment - comment null check" name="PostsnController UpsertComment - comment null check" time="0">
    </testcase>
    <testcase classname="PostsnController UpsertComment - comment is moderated" name="PostsnController UpsertComment - comment is moderated" time="0">
    </testcase>
    <testcase classname="PostsnController UpsertReply - post id not hex string" name="PostsnController UpsertReply - post id not hex string" time="0">
    </testcase>
    <testcase classname="PostsnController UpsertReply - reply null check" name="PostsnController UpsertReply - reply null check" time="0">
    </testcase>
    <testcase classname="PostsnController UpsertReply - reply is moderated" name="PostsnController UpsertReply - reply is moderated" time="0">
    </testcase>
    <testcase classname="PostsnController UpsertReply - reply is created" name="PostsnController UpsertReply - reply is created" time="0">
    </testcase>
    <testcase classname="PostsnController UpsertReaction - post id not hex string" name="PostsnController UpsertReaction - post id not hex string" time="0">
    </testcase>
    <testcase classname="PostsnController UpsertReaction - create reaction" name="PostsnController UpsertReaction - create reaction" time="0.001">
    </testcase>
    <testcase classname="PostsnController UpsertReaction - remove reaction" name="PostsnController UpsertReaction - remove reaction" time="0">
    </testcase>
    <testcase classname="PostsnController RemoveComment - post id not hex string" name="PostsnController RemoveComment - post id not hex string" time="0">
    </testcase>
    <testcase classname="PostsnController RemoveComment - reply id not hex string" name="PostsnController RemoveComment - reply id not hex string" time="0">
    </testcase>
    <testcase classname="PostsnController RemoveComment - delete comment successfully" name="PostsnController RemoveComment - delete comment successfully" time="0">
    </testcase>
    <testcase classname="PostsnController ReportComment - post id not hex string" name="PostsnController ReportComment - post id not hex string" time="0">
    </testcase>
    <testcase classname="PostsnController ReportComment - reply id not hex string" name="PostsnController ReportComment - reply id not hex string" time="0">
    </testcase>
    <testcase classname="PostsnController ReportComment - report comment successfully" name="PostsnController ReportComment - report comment successfully" time="0">
    </testcase>
  </testsuite>
  <testsuite name="ProgramController" errors="0" failures="0" skipped="0" timestamp="2024-05-30T09:24:33" time="3.582" tests="6">
    <testcase classname="ProgramController Verify Resp" name="ProgramController Verify Resp" time="0.001">
    </testcase>
    <testcase classname="ProgramController Should Return Program details by Id" name="ProgramController Should Return Program details by Id" time="0.001">
    </testcase>
    <testcase classname="ProgramController Should Return programs in a given zip code and limit to specific terms, attribute tags or service tags" name="ProgramController Should Return programs in a given zip code and limit to specific terms, attribute tags or service tags" time="0">
    </testcase>
    <testcase classname="ProgramController Should Return Program details by Id - error" name="ProgramController Should Return Program details by Id - error" time="0.001">
    </testcase>
    <testcase classname="ProgramController Should Return programs in a given zip code and limit to specific terms, and undefined values" name="ProgramController Should Return programs in a given zip code and limit to specific terms, and undefined values" time="0">
    </testcase>
    <testcase classname="ProgramController Should Return programs in a given zip code and limit to specific terms, error" name="ProgramController Should Return programs in a given zip code and limit to specific terms, error" time="0">
    </testcase>
  </testsuite>
  <testsuite name="BinderController" errors="0" failures="0" skipped="0" timestamp="2024-05-30T09:24:18" time="20.215" tests="23">
    <testcase classname="BinderController Should Return Binder Info for a specific User" name="BinderController Should Return Binder Info for a specific User" time="0.005">
    </testcase>
    <testcase classname="BinderController Should Return Error while creating Binder specific User" name="BinderController Should Return Error while creating Binder specific User" time="0.001">
    </testcase>
    <testcase classname="BinderController Should Return Binder Info after adding resources to their binder" name="BinderController Should Return Binder Info after adding resources to their binder" time="0">
    </testcase>
    <testcase classname="BinderController Should Return error while removing resources to their binder" name="BinderController Should Return error while removing resources to their binder" time="0">
    </testcase>
    <testcase classname="BinderController Should Return Binder Info after removing resources to their binder" name="BinderController Should Return Binder Info after removing resources to their binder" time="0.001">
    </testcase>
    <testcase classname="BinderController Should produce error while remove resource from Binder Info for a specific User" name="BinderController Should produce error while remove resource from Binder Info for a specific User" time="0">
    </testcase>
    <testcase classname="BinderController Should produce error while remove resource from Binder Info for a specific User" name="BinderController Should produce error while remove resource from Binder Info for a specific User" time="0">
    </testcase>
    <testcase classname="BinderController Should Return Binder Info after adding Article to their binder" name="BinderController Should Return Binder Info after adding Article to their binder" time="0">
    </testcase>
    <testcase classname="BinderController Should Return Error while adding Article to their binder" name="BinderController Should Return Error while adding Article to their binder" time="0.001">
    </testcase>
    <testcase classname="BinderController Should Return Binder Info after removing Article to their binder" name="BinderController Should Return Binder Info after removing Article to their binder" time="0.001">
    </testcase>
    <testcase classname="BinderController Should Return Error while removing Article to their binder" name="BinderController Should Return Error while removing Article to their binder" time="0">
    </testcase>
    <testcase classname="BinderController Should produce error while removing article from Binder Info for a specific User" name="BinderController Should produce error while removing article from Binder Info for a specific User" time="0">
    </testcase>
    <testcase classname="BinderController Add Story To Binder - invalid story ID" name="BinderController Add Story To Binder - invalid story ID" time="0.001">
    </testcase>
    <testcase classname="BinderController Add Story to Binder - success" name="BinderController Add Story to Binder - success" time="0.002">
    </testcase>
    <testcase classname="BinderController Add Story to Binder - exception" name="BinderController Add Story to Binder - exception" time="0">
    </testcase>
    <testcase classname="BinderController Should Return Success after removing story from binder" name="BinderController Should Return Success after removing story from binder" time="0.001">
    </testcase>
    <testcase classname="BinderController removeStoryFromBinder - Should Return Error response for invalid story Id" name="BinderController removeStoryFromBinder - Should Return Error response for invalid story Id" time="0">
    </testcase>
    <testcase classname="BinderController Should produce error while removing story from Binder Info for a specific User" name="BinderController Should produce error while removing story from Binder Info for a specific User" time="0">
    </testcase>
    <testcase classname="BinderController Should remove post from Binder Info for a specific User" name="BinderController Should remove post from Binder Info for a specific User" time="0">
    </testcase>
    <testcase classname="BinderController Should produce error while removing post from Binder Info for a specific User" name="BinderController Should produce error while removing post from Binder Info for a specific User" time="0.014">
    </testcase>
    <testcase classname="BinderController Should produce error while removing post from Binder Info for a specific User" name="BinderController Should produce error while removing post from Binder Info for a specific User" time="0">
    </testcase>
    <testcase classname="BinderController addPost - Should add a post to Binder for a specific User" name="BinderController addPost - Should add a post to Binder for a specific User" time="0">
    </testcase>
    <testcase classname="BinderController addPost - Should produce error add a post to Binder for a specific User" name="BinderController addPost - Should produce error add a post to Binder for a specific User" time="0">
    </testcase>
  </testsuite>
  <testsuite name="PublicController" errors="0" failures="0" skipped="0" timestamp="2024-05-30T09:24:18" time="19.482" tests="9">
    <testcase classname="PublicController Should Return API version" name="PublicController Should Return API version" time="0.004">
    </testcase>
    <testcase classname="PublicController Should Return APP version" name="PublicController Should Return APP version" time="0.001">
    </testcase>
    <testcase classname="PublicController Should Generate a token for DEV login" name="PublicController Should Generate a token for DEV login" time="0.001">
    </testcase>
    <testcase classname="PublicController Should return error when empty username is provide for dev login" name="PublicController Should return error when empty username is provide for dev login" time="0">
    </testcase>
    <testcase classname="PublicController Should Return Error while retrieving Binder Info" name="PublicController Should Return Error while retrieving Binder Info" time="0.001">
    </testcase>
    <testcase classname="PublicController Should Return Translation data for app" name="PublicController Should Return Translation data for app" time="0.001">
    </testcase>
    <testcase classname="PublicController Should Return Translation data for app without language" name="PublicController Should Return Translation data for app without language" time="0.001">
    </testcase>
    <testcase classname="PublicController getParnerImage - error - not hex" name="PublicController getParnerImage - error - not hex" time="0">
    </testcase>
    <testcase classname="PublicController getParnerImage - success" name="PublicController getParnerImage - success" time="0.001">
    </testcase>
  </testsuite>
  <testsuite name="LibraryController" errors="0" failures="0" skipped="0" timestamp="2024-05-30T09:24:18" time="19.628" tests="19">
    <testcase classname="LibraryController Should Return a specific Library for all zeros community ID" name="LibraryController Should Return a specific Library for all zeros community ID" time="0.002">
    </testcase>
    <testcase classname="LibraryController Should Return a specific Library for all zeros community ID - language undefined" name="LibraryController Should Return a specific Library for all zeros community ID - language undefined" time="0.001">
    </testcase>
    <testcase classname="LibraryController Should Return Error while retrieving a specific Library" name="LibraryController Should Return Error while retrieving a specific Library" time="0">
    </testcase>
    <testcase classname="LibraryController Should Return Error while retrieving a specific Library" name="LibraryController Should Return Error while retrieving a specific Library" time="0">
    </testcase>
    <testcase classname="LibraryController Should Return Error for invalid Library" name="LibraryController Should Return Error for invalid Library" time="0.006">
    </testcase>
    <testcase classname="LibraryController Should Return Success response for htmlDescription FALSE" name="LibraryController Should Return Success response for htmlDescription FALSE" time="0">
    </testcase>
    <testcase classname="LibraryController Should Return Success response for htmlDescription TRUE" name="LibraryController Should Return Success response for htmlDescription TRUE" time="0">
    </testcase>
    <testcase classname="LibraryController Should Return Success response for htmlDescription TRUE - language undefined" name="LibraryController Should Return Success response for htmlDescription TRUE - language undefined" time="0.001">
    </testcase>
    <testcase classname="LibraryController Should Return Error response for invalid library Id" name="LibraryController Should Return Error response for invalid library Id" time="0">
    </testcase>
    <testcase classname="LibraryController Should Return Error while retrieving a specific Library" name="LibraryController Should Return Error while retrieving a specific Library" time="0">
    </testcase>
    <testcase classname="LibraryController Should Return Error response for invalid title" name="LibraryController Should Return Error response for invalid title" time="0">
    </testcase>
    <testcase classname="LibraryController Should Return library content for given id" name="LibraryController Should Return library content for given id" time="0.001">
    </testcase>
    <testcase classname="LibraryController Should Return a specific Library for all zeros community ID" name="LibraryController Should Return a specific Library for all zeros community ID" time="0">
    </testcase>
    <testcase classname="LibraryController Should Return a specific Library for a valid community ID" name="LibraryController Should Return a specific Library for a valid community ID" time="0">
    </testcase>
    <testcase classname="LibraryController Should Return library content for given id in spanish" name="LibraryController Should Return library content for given id in spanish" time="0">
    </testcase>
    <testcase classname="LibraryController Should Return library content for given id - language undefined" name="LibraryController Should Return library content for given id - language undefined" time="0">
    </testcase>
    <testcase classname="LibraryController Should Return Error while retrieving a specific Library" name="LibraryController Should Return Error while retrieving a specific Library" time="0">
    </testcase>
    <testcase classname="LibraryController Should Return Error response for invalid library Id" name="LibraryController Should Return Error response for invalid library Id" time="0.001">
    </testcase>
    <testcase classname="LibraryController Should Return Error while retrieving a specific Library" name="LibraryController Should Return Error while retrieving a specific Library" time="0">
    </testcase>
  </testsuite>
  <testsuite name="StoryController" errors="0" failures="0" skipped="0" timestamp="2024-05-30T09:24:18" time="20.3" tests="45">
    <testcase classname="StoryController Should Return all Stories" name="StoryController Should Return all Stories" time="0.007">
    </testcase>
    <testcase classname="StoryController Should Return Error while retrieving Stories" name="StoryController Should Return Error while retrieving Stories" time="0.001">
    </testcase>
    <testcase classname="StoryController Should Return a Story by the ID" name="StoryController Should Return a Story by the ID" time="0">
    </testcase>
    <testcase classname="StoryController Should Return Error while retrieving specific story" name="StoryController Should Return Error while retrieving specific story" time="0.001">
    </testcase>
    <testcase classname="StoryController Should Return all stories for a specific user by ID" name="StoryController Should Return all stories for a specific user by ID" time="0">
    </testcase>
    <testcase classname="StoryController Should Return Error while retrieving all stories for a specific user by ID" name="StoryController Should Return Error while retrieving all stories for a specific user by ID" time="0">
    </testcase>
    <testcase classname="StoryController Should Return all stories for a single community" name="StoryController Should Return all stories for a single community" time="0.001">
    </testcase>
    <testcase classname="StoryController Should Return Error while retrieving all stories for a single community" name="StoryController Should Return Error while retrieving all stories for a single community" time="0">
    </testcase>
    <testcase classname="StoryController Should add answer to prompt and return story" name="StoryController Should add answer to prompt and return story" time="0">
    </testcase>
    <testcase classname="StoryController Should Return Error while Creating Answers for Prompts when COMMUNITY ID MISMATCH" name="StoryController Should Return Error while Creating Answers for Prompts when COMMUNITY ID MISMATCH" time="0.001">
    </testcase>
    <testcase classname="StoryController Should update story and return with success response" name="StoryController Should update story and return with success response" time="0">
    </testcase>
    <testcase classname="StoryController Should Return Error while updating when INVALID STORY ID IS FOUND" name="StoryController Should Return Error while updating when INVALID STORY ID IS FOUND" time="0.001">
    </testcase>
    <testcase classname="StoryController Should Return Error when user is not acive" name="StoryController Should Return Error when user is not acive" time="0">
    </testcase>
    <testcase classname="StoryController Should Return story based on community id and user id" name="StoryController Should Return story based on community id and user id" time="0">
    </testcase>
    <testcase classname="StoryController Should Return error for invalid Id" name="StoryController Should Return error for invalid Id" time="0">
    </testcase>
    <testcase classname="StoryController Should return success response while publishing a story" name="StoryController Should return success response while publishing a story" time="0">
    </testcase>
    <testcase classname="StoryController Should return error response while publishing a story" name="StoryController Should return error response while publishing a story" time="0">
    </testcase>
    <testcase classname="StoryController Should remove the prompt from the story based on promptId" name="StoryController Should remove the prompt from the story based on promptId" time="0.001">
    </testcase>
    <testcase classname="StoryController removePrompt - Should return an error" name="StoryController removePrompt - Should return an error" time="0">
    </testcase>
    <testcase classname="StoryController Should return success response while set a Flag for Story" name="StoryController Should return success response while set a Flag for Story" time="0">
    </testcase>
    <testcase classname="StoryController removePrompt - Should return an error" name="StoryController removePrompt - Should return an error" time="0">
    </testcase>
    <testcase classname="StoryController Should create a Story" name="StoryController Should create a Story" time="0">
    </testcase>
    <testcase classname="StoryController Should create a Story - Invalid story model" name="StoryController Should create a Story - Invalid story model" time="0.001">
    </testcase>
    <testcase classname="StoryController Should create a Story - Inactive User" name="StoryController Should create a Story - Inactive User" time="0">
    </testcase>
    <testcase classname="StoryController UpsertComment - Valid Parameters - Create a comment" name="StoryController UpsertComment - Valid Parameters - Create a comment" time="0">
    </testcase>
    <testcase classname="StoryController removeComment - story id not hex string" name="StoryController removeComment - story id not hex string" time="0">
    </testcase>
    <testcase classname="StoryController RemoveComment - reply id not hex string" name="StoryController RemoveComment - reply id not hex string" time="0">
    </testcase>
    <testcase classname="StoryController RemoveComment - delete comment successfully" name="StoryController RemoveComment - delete comment successfully" time="0">
    </testcase>
    <testcase classname="StoryController upsertReply - add new reply" name="StoryController upsertReply - add new reply" time="0.002">
    </testcase>
    <testcase classname="StoryController upsertReply - add new reply" name="StoryController upsertReply - add new reply" time="0">
    </testcase>
    <testcase classname="StoryController UpsertReply - story id not hex string" name="StoryController UpsertReply - story id not hex string" time="0">
    </testcase>
    <testcase classname="StoryController UpsertReply - reply null check" name="StoryController UpsertReply - reply null check" time="0">
    </testcase>
    <testcase classname="StoryController UpsertReply - reply is moderated" name="StoryController UpsertReply - reply is moderated" time="0">
    </testcase>
    <testcase classname="StoryController UpsertComment - Valid Parameters - Create a comment" name="StoryController UpsertComment - Valid Parameters - Create a comment" time="0">
    </testcase>
    <testcase classname="StoryController UpsertComment - Valid Parameters - Edit a comment" name="StoryController UpsertComment - Valid Parameters - Edit a comment" time="0.001">
    </testcase>
    <testcase classname="StoryController UpsertComment - post id not hex string" name="StoryController UpsertComment - post id not hex string" time="0">
    </testcase>
    <testcase classname="StoryController UpsertComment - comment null check" name="StoryController UpsertComment - comment null check" time="0">
    </testcase>
    <testcase classname="StoryController UpsertComment - comment is moderated" name="StoryController UpsertComment - comment is moderated" time="0">
    </testcase>
    <testcase classname="StoryController FlagComment - comment incorrect id" name="StoryController FlagComment - comment incorrect id" time="0">
    </testcase>
    <testcase classname="StoryController FlagComment - reply incorrect id" name="StoryController FlagComment - reply incorrect id" time="0">
    </testcase>
    <testcase classname="StoryController FlagComment - flag comment successfully" name="StoryController FlagComment - flag comment successfully" time="0.001">
    </testcase>
    <testcase classname="StoryController upsertReaction - react successfully" name="StoryController upsertReaction - react successfully" time="0">
    </testcase>
    <testcase classname="StoryController upsertReaction - invalid story id" name="StoryController upsertReaction - invalid story id" time="0">
    </testcase>
    <testcase classname="StoryController deleteStoryById shoucld return success" name="StoryController deleteStoryById shoucld return success" time="0">
    </testcase>
    <testcase classname="StoryController deleteStoryById should return error" name="StoryController deleteStoryById should return error" time="0">
    </testcase>
  </testsuite>
  <testsuite name="MemberGateway" errors="0" failures="0" skipped="0" timestamp="2024-05-30T09:24:35" time="3.805" tests="23">
    <testcase classname="MemberGateway should return on prem access token" name="MemberGateway should return on prem access token" time="0.003">
    </testcase>
    <testcase classname="MemberGateway should return on prem synthetic access token" name="MemberGateway should return on prem synthetic access token" time="0.001">
    </testcase>
    <testcase classname="MemberGateway Get Web User" name="MemberGateway Get Web User" time="0">
    </testcase>
    <testcase classname="MemberGateway Authenticate user when provided correct password" name="MemberGateway Authenticate user when provided correct password" time="0">
    </testcase>
    <testcase classname="MemberGateway Generate temporary password for user" name="MemberGateway Generate temporary password for user" time="0.001">
    </testcase>
    <testcase classname="MemberGateway Update new password by temporary password" name="MemberGateway Update new password by temporary password" time="0.001">
    </testcase>
    <testcase classname="MemberGateway Authenticate and get commercial user details when provided correct password" name="MemberGateway Authenticate and get commercial user details when provided correct password" time="0">
    </testcase>
    <testcase classname="MemberGateway Should be able to recover the contact details" name="MemberGateway Should be able to recover the contact details" time="0.001">
    </testcase>
    <testcase classname="MemberGateway Should return GBD member summary" name="MemberGateway Should return GBD member summary" time="0">
    </testcase>
    <testcase classname="MemberGateway Should be able to validate the security answers" name="MemberGateway Should be able to validate the security answers" time="0">
    </testcase>
    <testcase classname="MemberGateway Should return GBD member eligibility" name="MemberGateway Should return GBD member eligibility" time="0.004">
    </testcase>
    <testcase classname="MemberGateway Should return GBD member synthetic eligibility" name="MemberGateway Should return GBD member synthetic eligibility" time="0">
    </testcase>
    <testcase classname="MemberGateway Should return member contact details" name="MemberGateway Should return member contact details" time="0">
    </testcase>
    <testcase classname="MemberGateway Should return member details when forgot username" name="MemberGateway Should return member details when forgot username" time="0.001">
    </testcase>
    <testcase classname="MemberGateway Should return deviceId and UserId along with send otp to communication channel to user" name="MemberGateway Should return deviceId and UserId along with send otp to communication channel to user" time="0">
    </testcase>
    <testcase classname="MemberGateway Should validate the otp and return the status for commercial" name="MemberGateway Should validate the otp and return the status for commercial" time="0">
    </testcase>
    <testcase classname="MemberGateway Should validate the otp and return the status for medicaid" name="MemberGateway Should validate the otp and return the status for medicaid" time="0">
    </testcase>
    <testcase classname="MemberGateway Should verify and save cookie and return the status commercial users" name="MemberGateway Should verify and save cookie and return the status commercial users" time="0.001">
    </testcase>
    <testcase classname="MemberGateway Should verify and save cookie and return the status medicaid users" name="MemberGateway Should verify and save cookie and return the status medicaid users" time="0">
    </testcase>
    <testcase classname="MemberGateway Should return member login treat API response" name="MemberGateway Should return member login treat API response" time="0">
    </testcase>
    <testcase classname="MemberGateway Should return member recovery treat API response" name="MemberGateway Should return member recovery treat API response" time="0">
    </testcase>
    <testcase classname="MemberGateway Should return GBD member contact details" name="MemberGateway Should return GBD member contact details" time="0.001">
    </testcase>
    <testcase classname="MemberGateway Should return GBD member contact details synthetic APIs" name="MemberGateway Should return GBD member contact details synthetic APIs" time="0">
    </testcase>
  </testsuite>
  <testsuite name="BinderService" errors="0" failures="0" skipped="0" timestamp="2024-05-30T09:24:36" time="4.486" tests="37">
    <testcase classname="BinderService addPostToBinder Should add a post to Binder" name="BinderService addPostToBinder Should add a post to Binder" time="0.003">
    </testcase>
    <testcase classname="BinderService addPostToBinder should return user not found" name="BinderService addPostToBinder should return user not found" time="0">
    </testcase>
    <testcase classname="BinderService addPostToBinder should return post not found" name="BinderService addPostToBinder should return post not found" time="0.001">
    </testcase>
    <testcase classname="BinderService addPostToBinder should return binder already exists" name="BinderService addPostToBinder should return binder already exists" time="0">
    </testcase>
    <testcase classname="BinderService addPostToBinder no existing post" name="BinderService addPostToBinder no existing post" time="0">
    </testcase>
    <testcase classname="BinderService removePostFromBinder should return expected value" name="BinderService removePostFromBinder should return expected value" time="0">
    </testcase>
    <testcase classname="BinderService removePostFromBinder should return error" name="BinderService removePostFromBinder should return error" time="0">
    </testcase>
    <testcase classname="BinderService removeStoryFromBinder should call createSuccess" name="BinderService removeStoryFromBinder should call createSuccess" time="0">
    </testcase>
    <testcase classname="BinderService removeStoryFromBinder should return error after creating binder" name="BinderService removeStoryFromBinder should return error after creating binder" time="0">
    </testcase>
    <testcase classname="BinderService removeStoryFromBinder should return user not found error" name="BinderService removeStoryFromBinder should return user not found error" time="0">
    </testcase>
    <testcase classname="BinderService removeStoryFromBinder should return story does not exist in binder" name="BinderService removeStoryFromBinder should return story does not exist in binder" time="0.001">
    </testcase>
    <testcase classname="BinderService removeStoryFromBinder should create an exception" name="BinderService removeStoryFromBinder should create an exception" time="0">
    </testcase>
    <testcase classname="BinderService addStoryToBinder should return success message" name="BinderService addStoryToBinder should return success message" time="0">
    </testcase>
    <testcase classname="BinderService addStoryToBinder should return user does not exist error" name="BinderService addStoryToBinder should return user does not exist error" time="0">
    </testcase>
    <testcase classname="BinderService addStoryToBinder should return story does not exist" name="BinderService addStoryToBinder should return story does not exist" time="0.001">
    </testcase>
    <testcase classname="BinderService addStoryToBinder should return story already exist in binder error" name="BinderService addStoryToBinder should return story already exist in binder error" time="0">
    </testcase>
    <testcase classname="BinderService addStoryToBinder should return user cannot add own story error" name="BinderService addStoryToBinder should return user cannot add own story error" time="0">
    </testcase>
    <testcase classname="BinderService addStoryToBinder should create an exception" name="BinderService addStoryToBinder should create an exception" time="0">
    </testcase>
    <testcase classname="BinderService removeArticleFromBinder should return a success message" name="BinderService removeArticleFromBinder should return a success message" time="0">
    </testcase>
    <testcase classname="BinderService removeArticleFromBinder should return a exception message" name="BinderService removeArticleFromBinder should return a exception message" time="0.001">
    </testcase>
    <testcase classname="BinderService removeArticleFromBinder should return user not found error" name="BinderService removeArticleFromBinder should return user not found error" time="0">
    </testcase>
    <testcase classname="BinderService removeArticleFromBinder should article does not exist error" name="BinderService removeArticleFromBinder should article does not exist error" time="0">
    </testcase>
    <testcase classname="BinderService removeArticleFromBinder should return article does not exist error - 2" name="BinderService removeArticleFromBinder should return article does not exist error - 2" time="0">
    </testcase>
    <testcase classname="BinderService addArticleToBinder should return success" name="BinderService addArticleToBinder should return success" time="0">
    </testcase>
    <testcase classname="BinderService addArticleToBinder should return exception" name="BinderService addArticleToBinder should return exception" time="0">
    </testcase>
    <testcase classname="BinderService addArticleToBinder should return user not found error" name="BinderService addArticleToBinder should return user not found error" time="0">
    </testcase>
    <testcase classname="BinderService addArticleToBinder should return article exist in binder error" name="BinderService addArticleToBinder should return article exist in binder error" time="0.001">
    </testcase>
    <testcase classname="BinderService removeResourceFromBinder should return success" name="BinderService removeResourceFromBinder should return success" time="0">
    </testcase>
    <testcase classname="BinderService removeResourceFromBinder should return resource does not exist error" name="BinderService removeResourceFromBinder should return resource does not exist error" time="0">
    </testcase>
    <testcase classname="BinderService removeResourceFromBinder should throw an exception" name="BinderService removeResourceFromBinder should throw an exception" time="0">
    </testcase>
    <testcase classname="BinderService removeResourceFromBinder should return user not found error" name="BinderService removeResourceFromBinder should return user not found error" time="0">
    </testcase>
    <testcase classname="BinderService removeResourceFromBinder should return resource does not exist error" name="BinderService removeResourceFromBinder should return resource does not exist error" time="0">
    </testcase>
    <testcase classname="BinderService addResourceToBinder should return success" name="BinderService addResourceToBinder should return success" time="0.001">
    </testcase>
    <testcase classname="BinderService addResourceToBinder should return resource already exists error" name="BinderService addResourceToBinder should return resource already exists error" time="0">
    </testcase>
    <testcase classname="BinderService addResourceToBinder should throw an exception" name="BinderService addResourceToBinder should throw an exception" time="0">
    </testcase>
    <testcase classname="BinderService addResourceToBinder should return user not found error" name="BinderService addResourceToBinder should return user not found error" time="0">
    </testcase>
    <testcase classname="BinderService getBinderByUser should return success" name="BinderService getBinderByUser should return success" time="0.001">
    </testcase>
  </testsuite>
  <testsuite name="PromptController" errors="0" failures="0" skipped="0" timestamp="2024-05-30T09:24:36" time="4.637" tests="13">
    <testcase classname="PromptController Should Return all Prompt List in English" name="PromptController Should Return all Prompt List in English" time="0.002">
    </testcase>
    <testcase classname="PromptController Should Return Error while retrieving Prompt List" name="PromptController Should Return Error while retrieving Prompt List" time="0">
    </testcase>
    <testcase classname="PromptController Should Return a specific Prompt" name="PromptController Should Return a specific Prompt" time="0">
    </testcase>
    <testcase classname="PromptController Should Return Error while retrieving a specific Prompt" name="PromptController Should Return Error while retrieving a specific Prompt" time="0">
    </testcase>
    <testcase classname="PromptController Should Return all prompts for a community" name="PromptController Should Return all prompts for a community" time="0.001">
    </testcase>
    <testcase classname="PromptController Should Return Error while retrieving all prompts for a community" name="PromptController Should Return Error while retrieving all prompts for a community" time="0">
    </testcase>
    <testcase classname="PromptController Should Return prompt after creating" name="PromptController Should Return prompt after creating" time="0">
    </testcase>
    <testcase classname="PromptController Should Return error while creating prompt" name="PromptController Should Return error while creating prompt" time="0">
    </testcase>
    <testcase classname="PromptController Should Return all Prompt List in Spanish" name="PromptController Should Return all Prompt List in Spanish" time="0.001">
    </testcase>
    <testcase classname="PromptController Should Return a specific Prompt in Spanish" name="PromptController Should Return a specific Prompt in Spanish" time="0">
    </testcase>
    <testcase classname="PromptController Should Return all prompts for a community in spanish" name="PromptController Should Return all prompts for a community in spanish" time="0">
    </testcase>
    <testcase classname="PromptController getCommunitiesList - success" name="PromptController getCommunitiesList - success" time="0">
    </testcase>
    <testcase classname="PromptController Should Return all Prompt List - check for language" name="PromptController Should Return all Prompt List - check for language" time="0">
    </testcase>
  </testsuite>
  <testsuite name="Comment Service" errors="0" failures="0" skipped="0" timestamp="2024-05-30T09:24:38" time="2.05" tests="10">
    <testcase classname="Comment Service removeComment - delete reply success" name="Comment Service removeComment - delete reply success" time="0.002">
    </testcase>
    <testcase classname="Comment Service removeComment - delete comment success" name="Comment Service removeComment - delete comment success" time="0">
    </testcase>
    <testcase classname="Comment Service flagComment - flag reply success" name="Comment Service flagComment - flag reply success" time="0">
    </testcase>
    <testcase classname="Comment Service flagComment - flag comment success" name="Comment Service flagComment - flag comment success" time="0.001">
    </testcase>
    <testcase classname="Comment Service flagComment - Comment not found error" name="Comment Service flagComment - Comment not found error" time="0">
    </testcase>
    <testcase classname="Comment Service flagComment - Reply not found error" name="Comment Service flagComment - Reply not found error" time="0">
    </testcase>
    <testcase classname="Comment Service removeComment - comment does not exist error" name="Comment Service removeComment - comment does not exist error" time="0">
    </testcase>
    <testcase classname="Comment Service removeComment - Comment No permission to delete comment" name="Comment Service removeComment - Comment No permission to delete comment" time="0">
    </testcase>
    <testcase classname="Comment Service removeComment - reply does not exist error" name="Comment Service removeComment - reply does not exist error" time="0.001">
    </testcase>
    <testcase classname="Comment Service removeComment - No permission to delete comment" name="Comment Service removeComment - No permission to delete comment" time="0">
    </testcase>
  </testsuite>
  <testsuite name="CommercialService" errors="0" failures="0" skipped="0" timestamp="2024-05-30T09:24:39" time="1.729" tests="6">
    <testcase classname="CommercialService Should get commercial member information" name="CommercialService Should get commercial member information" time="0.003">
    </testcase>
    <testcase classname="CommercialService Should return error when webguid is not present in commercial member information" name="CommercialService Should return error when webguid is not present in commercial member information" time="0">
    </testcase>
    <testcase classname="CommercialService Should get commercial member data" name="CommercialService Should get commercial member data" time="0.001">
    </testcase>
    <testcase classname="CommercialService Should format commercial member data" name="CommercialService Should format commercial member data" time="0.004">
    </testcase>
    <testcase classname="CommercialService memberGetContacts" name="CommercialService memberGetContacts" time="0.001">
    </testcase>
    <testcase classname="CommercialService Should return commercial snap user contact details" name="CommercialService Should return commercial snap user contact details" time="0">
    </testcase>
  </testsuite>
  <testsuite name="UserController" errors="0" failures="0" skipped="0" timestamp="2024-05-30T09:24:18" time="22.865" tests="45">
    <testcase classname="UserController Should Return User Info while retrieving User Info" name="UserController Should Return User Info while retrieving User Info" time="0.002">
    </testcase>
    <testcase classname="UserController Should Return Exception while retrieving User Info" name="UserController Should Return Exception while retrieving User Info" time="0.001">
    </testcase>
    <testcase classname="UserController Should Update Community for a given User" name="UserController Should Update Community for a given User" time="0">
    </testcase>
    <testcase classname="UserController Should Return Invalid User Id" name="UserController Should Return Invalid User Id" time="0">
    </testcase>
    <testcase classname="UserController Should Return Invalid Community Id" name="UserController Should Return Invalid Community Id" time="0">
    </testcase>
    <testcase classname="UserController Should Return success operation when a User Blocks another User" name="UserController Should Return success operation when a User Blocks another User" time="0.001">
    </testcase>
    <testcase classname="UserController Should Return block list for a user" name="UserController Should Return block list for a user" time="0">
    </testcase>
    <testcase classname="UserController Should logout a user" name="UserController Should logout a user" time="0">
    </testcase>
    <testcase classname="UserController logout - no access token error" name="UserController logout - no access token error" time="0">
    </testcase>
    <testcase classname="UserController Should Return success operation when a User is removed from Block" name="UserController Should Return success operation when a User is removed from Block" time="0.001">
    </testcase>
    <testcase classname="UserController removeBlock - invalid user id" name="UserController removeBlock - invalid user id" time="0">
    </testcase>
    <testcase classname="UserController Should Reset Badge count in installations" name="UserController Should Reset Badge count in installations" time="0">
    </testcase>
    <testcase classname="UserController resetBadgeCount - No user error" name="UserController resetBadgeCount - No user error" time="0">
    </testcase>
    <testcase classname="UserController resetBadgeCount - No device token error" name="UserController resetBadgeCount - No device token error" time="0">
    </testcase>
    <testcase classname="UserController Should Update terms of use for a user" name="UserController Should Update terms of use for a user" time="0.001">
    </testcase>
    <testcase classname="UserController Should return success with complete user profile by id" name="UserController Should return success with complete user profile by id" time="0">
    </testcase>
    <testcase classname="UserController Should return error for invalid user id" name="UserController Should return error for invalid user id" time="0">
    </testcase>
    <testcase classname="UserController Should return success with updated user object" name="UserController Should return success with updated user object" time="0">
    </testcase>
    <testcase classname="UserController Should return Success with response for valid user id" name="UserController Should return Success with response for valid user id" time="0.003">
    </testcase>
    <testcase classname="UserController Should return Error with proper response for invalid user id" name="UserController Should return Error with proper response for invalid user id" time="0">
    </testcase>
    <testcase classname="UserController Should return success for marking user activity read" name="UserController Should return success for marking user activity read" time="0">
    </testcase>
    <testcase classname="UserController Should return activity id not valid" name="UserController Should return activity id not valid" time="0">
    </testcase>
    <testcase classname="UserController Should return user activity" name="UserController Should return user activity" time="0">
    </testcase>
    <testcase classname="UserController Should return success response after saving installations" name="UserController Should return success response after saving installations" time="0">
    </testcase>
    <testcase classname="UserController Should return a user without selected community" name="UserController Should return a user without selected community" time="0.001">
    </testcase>
    <testcase classname="UserController Should return bad data with invalid user id" name="UserController Should return bad data with invalid user id" time="0">
    </testcase>
    <testcase classname="UserController Should return bad data with invalid community id" name="UserController Should return bad data with invalid community id" time="0">
    </testcase>
    <testcase classname="UserController Should add/edit profile picture for a user" name="UserController Should add/edit profile picture for a user" time="0.002">
    </testcase>
    <testcase classname="UserController Should Return Success response for valid userID and community ids" name="UserController Should Return Success response for valid userID and community ids" time="0">
    </testcase>
    <testcase classname="UserController Should Return Error response for invalid userID" name="UserController Should Return Error response for invalid userID" time="0.001">
    </testcase>
    <testcase classname="UserController Should Return Error response for invalid community IDs" name="UserController Should Return Error response for invalid community IDs" time="0">
    </testcase>
    <testcase classname="UserController Should update onBoardingState of a user" name="UserController Should update onBoardingState of a user" time="0">
    </testcase>
    <testcase classname="UserController Should update help banner viwed flag of a user" name="UserController Should update help banner viwed flag of a user" time="0">
    </testcase>
    <testcase classname="UserController Should update local categories of user" name="UserController Should update local categories of user" time="0">
    </testcase>
    <testcase classname="UserController Should Secured Return Translation data for app" name="UserController Should Secured Return Translation data for app" time="0">
    </testcase>
    <testcase classname="UserController Should Add New Reaction document for given user and entity id" name="UserController Should Add New Reaction document for given user and entity id" time="0.001">
    </testcase>
    <testcase classname="UserController Should Remove Reaction document for given user and entity id" name="UserController Should Remove Reaction document for given user and entity id" time="0">
    </testcase>
    <testcase classname="UserController Should give error as no Reaction matches with pattern" name="UserController Should give error as no Reaction matches with pattern" time="0">
    </testcase>
    <testcase classname="UserController Should give error as no Reaction document exist for given user and entity id" name="UserController Should give error as no Reaction document exist for given user and entity id" time="0">
    </testcase>
    <testcase classname="UserController Should return success response after storing Push Notification Preferences" name="UserController Should return success response after storing Push Notification Preferences" time="0">
    </testcase>
    <testcase classname="UserController Should Secured Return Spanish translation data for app" name="UserController Should Secured Return Spanish translation data for app" time="0.001">
    </testcase>
    <testcase classname="UserController getUserActivity - User Not active" name="UserController getUserActivity - User Not active" time="0">
    </testcase>
    <testcase classname="UserController blockUser - Should Return Error for invalid user id" name="UserController blockUser - Should Return Error for invalid user id" time="0">
    </testcase>
    <testcase classname="UserController deleteInstallation - success" name="UserController deleteInstallation - success" time="0.001">
    </testcase>
    <testcase classname="UserController deleteInstallation - Error" name="UserController deleteInstallation - Error" time="0">
    </testcase>
  </testsuite>
  <testsuite name="CommunitiesController" errors="0" failures="0" skipped="0" timestamp="2024-05-30T09:24:40" time="1.514" tests="17">
    <testcase classname="CommunitiesController Should Return all Community List: Success" name="CommunitiesController Should Return all Community List: Success" time="0.001">
    </testcase>
    <testcase classname="CommunitiesController Should Return Error while retrieving Community List" name="CommunitiesController Should Return Error while retrieving Community List" time="0">
    </testcase>
    <testcase classname="CommunitiesController Should Return Error while retrieving Community List" name="CommunitiesController Should Return Error while retrieving Community List" time="0">
    </testcase>
    <testcase classname="CommunitiesController Should return success with nested Community object" name="CommunitiesController Should return success with nested Community object" time="0">
    </testcase>
    <testcase classname="CommunitiesController Should return error with nested Community object" name="CommunitiesController Should return error with nested Community object" time="0.001">
    </testcase>
    <testcase classname="CommunitiesController Should Return Specific Community" name="CommunitiesController Should Return Specific Community" time="0">
    </testcase>
    <testcase classname="CommunitiesController Should Return Specific Community" name="CommunitiesController Should Return Specific Community" time="0">
    </testcase>
    <testcase classname="CommunitiesController Should Return Specific Community" name="CommunitiesController Should Return Specific Community" time="0">
    </testcase>
    <testcase classname="CommunitiesController Should Return Error while fetching Specific Community" name="CommunitiesController Should Return Error while fetching Specific Community" time="0.001">
    </testcase>
    <testcase classname="CommunitiesController Should Return Error while fetching Specific Community" name="CommunitiesController Should Return Error while fetching Specific Community" time="0">
    </testcase>
    <testcase classname="CommunitiesController Should Return all Community List" name="CommunitiesController Should Return all Community List" time="0">
    </testcase>
    <testcase classname="CommunitiesController Should Return all Community List" name="CommunitiesController Should Return all Community List" time="0">
    </testcase>
    <testcase classname="CommunitiesController Should Return Active Community" name="CommunitiesController Should Return Active Community" time="0">
    </testcase>
    <testcase classname="CommunitiesController Should Return Error for invalid community id" name="CommunitiesController Should Return Error for invalid community id" time="0">
    </testcase>
    <testcase classname="CommunitiesController Should Return Error for invalid community id" name="CommunitiesController Should Return Error for invalid community id" time="0.001">
    </testcase>
    <testcase classname="CommunitiesController Should Return community Image" name="CommunitiesController Should Return community Image" time="0">
    </testcase>
    <testcase classname="CommunitiesController Should Return community Image: Error" name="CommunitiesController Should Return community Image: Error" time="0">
    </testcase>
  </testsuite>
  <testsuite name="StoryHelper" errors="0" failures="0" skipped="0" timestamp="2024-05-30T09:24:38" time="3.337" tests="5">
    <testcase classname="StoryHelper addPromptOptionValue - success" name="StoryHelper addPromptOptionValue - success" time="0.004">
    </testcase>
    <testcase classname="StoryHelper updateStoryCollection - success" name="StoryHelper updateStoryCollection - success" time="0.001">
    </testcase>
    <testcase classname="StoryHelper updateStoryCollection - fail" name="StoryHelper updateStoryCollection - fail" time="0">
    </testcase>
    <testcase classname="StoryHelper getCommunityByIdOrUserId - success" name="StoryHelper getCommunityByIdOrUserId - success" time="0.001">
    </testcase>
    <testcase classname="StoryHelper getCommunityByIdOrUserId - User Not active" name="StoryHelper getCommunityByIdOrUserId - User Not active" time="0">
    </testcase>
  </testsuite>
  <testsuite name="AdminController" errors="0" failures="0" skipped="0" timestamp="2024-05-30T09:24:40" time="1.86" tests="7">
    <testcase classname="AdminController Should Return sucess with list of search terms" name="AdminController Should Return sucess with list of search terms" time="0.001">
    </testcase>
    <testcase classname="AdminController Should Return sucess with list of search terms - Language not defined" name="AdminController Should Return sucess with list of search terms - Language not defined" time="0.001">
    </testcase>
    <testcase classname="AdminController Should Return all local categories by user" name="AdminController Should Return all local categories by user" time="0">
    </testcase>
    <testcase classname="AdminController Should Return all local categories by user - language not defined" name="AdminController Should Return all local categories by user - language not defined" time="0">
    </testcase>
    <testcase classname="AdminController Should Return User Recommended Resources" name="AdminController Should Return User Recommended Resources" time="0">
    </testcase>
    <testcase classname="AdminController Should Return User Recommended Resources - language not defined" name="AdminController Should Return User Recommended Resources - language not defined" time="0.001">
    </testcase>
    <testcase classname="AdminController Should Return Error For Null Zipcode" name="AdminController Should Return Error For Null Zipcode" time="0">
    </testcase>
  </testsuite>
  <testsuite name="PromptService" errors="0" failures="0" skipped="0" timestamp="2024-05-30T09:24:40" time="1.993" tests="10">
    <testcase classname="PromptService getAllPrompt - Should Return all Prompt List" name="PromptService getAllPrompt - Should Return all Prompt List" time="0.002">
    </testcase>
    <testcase classname="PromptService getPromptById - Should Return a specific Prompt" name="PromptService getPromptById - Should Return a specific Prompt" time="0">
    </testcase>
    <testcase classname="PromptService getPromptById - Should Return a error" name="PromptService getPromptById - Should Return a error" time="0.001">
    </testcase>
    <testcase classname="PromptService getByCommunityId - Should Return all prompts for a community" name="PromptService getByCommunityId - Should Return all prompts for a community" time="0">
    </testcase>
    <testcase classname="PromptService getByCommunityId - Should Return error" name="PromptService getByCommunityId - Should Return error" time="0">
    </testcase>
    <testcase classname="PromptService create - Should Return prompt after creating" name="PromptService create - Should Return prompt after creating" time="0">
    </testcase>
    <testcase classname="PromptService create - should return a error" name="PromptService create - should return a error" time="0">
    </testcase>
    <testcase classname="PromptService getPromptsWithCommunity - success in English" name="PromptService getPromptsWithCommunity - success in English" time="0.001">
    </testcase>
    <testcase classname="PromptService getPromptsWithCommunity - Invalid Community" name="PromptService getPromptsWithCommunity - Invalid Community" time="0">
    </testcase>
    <testcase classname="PromptService getPromptsWithCommunity - Invalid Language" name="PromptService getPromptsWithCommunity - Invalid Language" time="0">
    </testcase>
  </testsuite>
  <testsuite name="Image Upload Service" errors="0" failures="0" skipped="0" timestamp="2024-05-30T09:24:40" time="2.666" tests="1">
    <testcase classname="Image Upload Service uploadImageBase64 exception" name="Image Upload Service uploadImageBase64 exception" time="0.001">
    </testcase>
  </testsuite>
  <testsuite name="SecurityFilter UTest" errors="0" failures="0" skipped="2" timestamp="2024-05-30T09:24:41" time="1.206" tests="17">
    <testcase classname="SecurityFilter UTest should not scan optional urls" name="SecurityFilter UTest should not scan optional urls" time="0.002">
    </testcase>
    <testcase classname="SecurityFilter UTest should not allow blacklisted headers" name="SecurityFilter UTest should not allow blacklisted headers" time="0.001">
    </testcase>
    <testcase classname="SecurityFilter UTest should allow not blacklisted headers" name="SecurityFilter UTest should allow not blacklisted headers" time="0">
    </testcase>
    <testcase classname="SecurityFilter UTest should not allow header values with blacklist charachters" name="SecurityFilter UTest should not allow header values with blacklist charachters" time="0">
    </testcase>
    <testcase classname="SecurityFilter UTest should not allow long header values" name="SecurityFilter UTest should not allow long header values" time="0.007">
    </testcase>
    <testcase classname="SecurityFilter UTest should not allow blacklisted cookies" name="SecurityFilter UTest should not allow blacklisted cookies" time="0.001">
    </testcase>
    <testcase classname="SecurityFilter UTest should allow not blacklisted cookies" name="SecurityFilter UTest should allow not blacklisted cookies" time="0">
    </testcase>
    <testcase classname="SecurityFilter UTest should not allow cookie values with blacklist charachters" name="SecurityFilter UTest should not allow cookie values with blacklist charachters" time="0">
      <skipped/>
    </testcase>
    <testcase classname="SecurityFilter UTest should not allow long cookie values" name="SecurityFilter UTest should not allow long cookie values" time="0">
      <skipped/>
    </testcase>
    <testcase classname="SecurityFilter UTest should not allow blacklisted charachters in url param name" name="SecurityFilter UTest should not allow blacklisted charachters in url param name" time="0">
    </testcase>
    <testcase classname="SecurityFilter UTest should allow blacklisted charachters in url param value [Usecase updated for Spanish]" name="SecurityFilter UTest should allow blacklisted charachters in url param value [Usecase updated for Spanish]" time="0.001">
    </testcase>
    <testcase classname="SecurityFilter UTest should not allow too long url param names" name="SecurityFilter UTest should not allow too long url param names" time="0">
    </testcase>
    <testcase classname="SecurityFilter UTest should not allow too long url param values" name="SecurityFilter UTest should not allow too long url param values" time="0">
    </testcase>
    <testcase classname="SecurityFilter UTest should not allow blacklisted charachters in quertring name" name="SecurityFilter UTest should not allow blacklisted charachters in quertring name" time="0">
    </testcase>
    <testcase classname="SecurityFilter UTest should not allow blacklisted charachters in quertring value" name="SecurityFilter UTest should not allow blacklisted charachters in quertring value" time="0.001">
    </testcase>
    <testcase classname="SecurityFilter UTest should not allow too long quertring names" name="SecurityFilter UTest should not allow too long quertring names" time="0">
    </testcase>
    <testcase classname="SecurityFilter UTest should not allow too long quertring values" name="SecurityFilter UTest should not allow too long quertring values" time="0">
    </testcase>
  </testsuite>
  <testsuite name="ValidationController" errors="0" failures="0" skipped="0" timestamp="2024-05-30T09:24:40" time="2.304" tests="11">
    <testcase classname="ValidationController Should be able to send otp and return user and device Ids for commercial users" name="ValidationController Should be able to send otp and return user and device Ids for commercial users" time="0.001">
    </testcase>
    <testcase classname="ValidationController Should return error for send OTP with empty channel" name="ValidationController Should return error for send OTP with empty channel" time="0">
    </testcase>
    <testcase classname="ValidationController Should return error for send OTP with empty contactUid" name="ValidationController Should return error for send OTP with empty contactUid" time="0">
    </testcase>
    <testcase classname="ValidationController Should return error for updateSecret with empty username" name="ValidationController Should return error for updateSecret with empty username" time="0.001">
    </testcase>
    <testcase classname="ValidationController Should return error for updateSecret with empty encryptedContact" name="ValidationController Should return error for updateSecret with empty encryptedContact" time="0">
    </testcase>
    <testcase classname="ValidationController Should be able to validate otp and return the status for commercial users" name="ValidationController Should be able to validate otp and return the status for commercial users" time="0">
    </testcase>
    <testcase classname="ValidationController Should return error for validate OTP with empty otp" name="ValidationController Should return error for validate OTP with empty otp" time="0">
    </testcase>
    <testcase classname="ValidationController Should return error for validate OTP with empty usernm" name="ValidationController Should return error for validate OTP with empty usernm" time="0">
    </testcase>
    <testcase classname="ValidationController Should be able to validate the security answers" name="ValidationController Should be able to validate the security answers" time="0.001">
    </testcase>
    <testcase classname="ValidationController Should be able to validate the security answers" name="ValidationController Should be able to validate the security answers" time="0">
    </testcase>
    <testcase classname="ValidationController Should be able to validate the security answers" name="ValidationController Should be able to validate the security answers" time="0">
    </testcase>
  </testsuite>
  <testsuite name="ForgotUserController" errors="0" failures="0" skipped="0" timestamp="2024-05-30T09:24:41" time="2.175" tests="9">
    <testcase classname="ForgotUserController Should successfully find user and return user details" name="ForgotUserController Should successfully find user and return user details" time="0.001">
    </testcase>
    <testcase classname="ForgotUserController Should return error for forgotUser with empty fname" name="ForgotUserController Should return error for forgotUser with empty fname" time="0">
    </testcase>
    <testcase classname="ForgotUserController Should return error for forgotUser with empty fname" name="ForgotUserController Should return error for forgotUser with empty fname" time="0">
    </testcase>
    <testcase classname="ForgotUserController Should return error for forgotUser with empty dob" name="ForgotUserController Should return error for forgotUser with empty dob" time="0.001">
    </testcase>
    <testcase classname="ForgotUserController Should return error for forgotUser with empty hcid" name="ForgotUserController Should return error for forgotUser with empty hcid" time="0">
    </testcase>
    <testcase classname="ForgotUserController Should be able to update new password using temporary password" name="ForgotUserController Should be able to update new password using temporary password" time="0">
    </testcase>
    <testcase classname="ForgotUserController Should return error for updateSecret with empty username" name="ForgotUserController Should return error for updateSecret with empty username" time="0">
    </testcase>
    <testcase classname="ForgotUserController Should return error for updateSecret with empty password" name="ForgotUserController Should return error for updateSecret with empty password" time="0">
    </testcase>
    <testcase classname="ForgotUserController Should return error for updateSecret with empty password" name="ForgotUserController Should return error for updateSecret with empty password" time="0.001">
    </testcase>
  </testsuite>
  <testsuite name="Notification Helper" errors="0" failures="0" skipped="0" timestamp="2024-05-30T09:24:41" time="1.69" tests="4">
    <testcase classname="Notification Helper notifyUser - Same User as receiver and sender" name="Notification Helper notifyUser - Same User as receiver and sender" time="0.001">
    </testcase>
    <testcase classname="Notification Helper notifyUser - Add Reaction to story" name="Notification Helper notifyUser - Add Reaction to story" time="0.001">
    </testcase>
    <testcase classname="Notification Helper notifyUser - Add Reply to story" name="Notification Helper notifyUser - Add Reply to story" time="0.001">
    </testcase>
    <testcase classname="Notification Helper notifyUser - Add comment to Post" name="Notification Helper notifyUser - Add comment to Post" time="0">
    </testcase>
  </testsuite>
  <testsuite name="LoginController" errors="0" failures="0" skipped="0" timestamp="2024-05-30T09:24:41" time="2.388" tests="7">
    <testcase classname="LoginController Should be able to login successfully and return user details" name="LoginController Should be able to login successfully and return user details" time="0.001">
    </testcase>
    <testcase classname="LoginController Should return error when user login with empty username" name="LoginController Should return error when user login with empty username" time="0">
    </testcase>
    <testcase classname="LoginController Should return error when user login with empty password" name="LoginController Should return error when user login with empty password" time="0.001">
    </testcase>
    <testcase classname="LoginController Should be able to save device cookie commercial user" name="LoginController Should be able to save device cookie commercial user" time="0">
    </testcase>
    <testcase classname="LoginController Should return error for saveCookie with empty usernm" name="LoginController Should return error for saveCookie with empty usernm" time="0">
    </testcase>
    <testcase classname="LoginController Should return error for saveCookie with empty usernm" name="LoginController Should return error for saveCookie with empty usernm" time="0">
    </testcase>
    <testcase classname="LoginController Should return error for saveCookie with empty usernm" name="LoginController Should return error for saveCookie with empty usernm" time="0">
    </testcase>
  </testsuite>
  <testsuite name="ProfileUpdateSecurityQAController" errors="0" failures="0" skipped="0" timestamp="2024-05-30T09:24:41" time="2.065" tests="9">
    <testcase classname="ProfileUpdateSecurityQAController Should be able to get the security questions for commercial users" name="ProfileUpdateSecurityQAController Should be able to get the security questions for commercial users" time="0.003">
    </testcase>
    <testcase classname="ProfileUpdateSecurityQAController Should return error while user memberType not there" name="ProfileUpdateSecurityQAController Should return error while user memberType not there" time="0">
    </testcase>
    <testcase classname="ProfileUpdateSecurityQAController Should return error while webguid not there for commercial users" name="ProfileUpdateSecurityQAController Should return error while webguid not there for commercial users" time="0">
    </testcase>
    <testcase classname="ProfileUpdateSecurityQAController Should return error while memberId not there for commercial users" name="ProfileUpdateSecurityQAController Should return error while memberId not there for commercial users" time="0">
    </testcase>
    <testcase classname="ProfileUpdateSecurityQAController Should be able to get the security questions for medicaid users" name="ProfileUpdateSecurityQAController Should be able to get the security questions for medicaid users" time="0.003">
    </testcase>
    <testcase classname="ProfileUpdateSecurityQAController Should return error while dn not there for medicaid user" name="ProfileUpdateSecurityQAController Should return error while dn not there for medicaid user" time="0">
    </testcase>
    <testcase classname="ProfileUpdateSecurityQAController Should be able to update the security question answers" name="ProfileUpdateSecurityQAController Should be able to update the security question answers" time="0.002">
    </testcase>
    <testcase classname="ProfileUpdateSecurityQAController Should return error while usernm not there while" name="ProfileUpdateSecurityQAController Should return error while usernm not there while" time="0">
    </testcase>
    <testcase classname="ProfileUpdateSecurityQAController Should return error while webguid not there while" name="ProfileUpdateSecurityQAController Should return error while webguid not there while" time="0.001">
    </testcase>
  </testsuite>
  <testsuite name="Posts Helper" errors="0" failures="0" skipped="0" timestamp="2024-05-30T09:24:42" time="1.674" tests="8">
    <testcase classname="Posts Helper addAuthor - success" name="Posts Helper addAuthor - success" time="0.001">
    </testcase>
    <testcase classname="Posts Helper addAuthor - No Object" name="Posts Helper addAuthor - No Object" time="0.001">
    </testcase>
    <testcase classname="Posts Helper mapAuthorToPost - null" name="Posts Helper mapAuthorToPost - null" time="0">
    </testcase>
    <testcase classname="Posts Helper mapAuthorToPost - success" name="Posts Helper mapAuthorToPost - success" time="0">
    </testcase>
    <testcase classname="Posts Helper updateContent - English" name="Posts Helper updateContent - English" time="0.001">
    </testcase>
    <testcase classname="Posts Helper updateContent - Espanol" name="Posts Helper updateContent - Espanol" time="0">
    </testcase>
    <testcase classname="Posts Helper updateContent - Default English" name="Posts Helper updateContent - Default English" time="0">
    </testcase>
    <testcase classname="Posts Helper formatPosts - success" name="Posts Helper formatPosts - success" time="0.001">
    </testcase>
  </testsuite>
  <testsuite name="HttpClient UTest" errors="0" failures="0" skipped="0" timestamp="2024-05-30T09:24:42" time="1.284" tests="13">
    <testcase classname="HttpClient UTest should run request interceptors" name="HttpClient UTest should run request interceptors" time="0.002">
    </testcase>
    <testcase classname="HttpClient UTest should trim spaces from url params and request json body" name="HttpClient UTest should trim spaces from url params and request json body" time="0">
    </testcase>
    <testcase classname="HttpClient UTest should add url and query params properly to url" name="HttpClient UTest should add url and query params properly to url" time="0.001">
    </testcase>
    <testcase classname="HttpClient UTest should not json stringify multipart requests" name="HttpClient UTest should not json stringify multipart requests" time="0">
    </testcase>
    <testcase classname="HttpClient UTest should json stringify none multipart requests" name="HttpClient UTest should json stringify none multipart requests" time="0">
    </testcase>
    <testcase classname="HttpClient UTest should reject promise if http response status is not 200" name="HttpClient UTest should reject promise if http response status is not 200" time="0.001">
    </testcase>
    <testcase classname="HttpClient UTest should parse json response with json header" name="HttpClient UTest should parse json response with json header" time="0">
    </testcase>
    <testcase classname="HttpClient UTest should remove newlines from text/html responses" name="HttpClient UTest should remove newlines from text/html responses" time="0">
    </testcase>
    <testcase classname="HttpClient UTest should not parse response body for undefined content type headers" name="HttpClient UTest should not parse response body for undefined content type headers" time="0.001">
    </testcase>
    <testcase classname="HttpClient UTest should run response interceptors" name="HttpClient UTest should run response interceptors" time="0">
    </testcase>
    <testcase classname="HttpClient UTest should set http headers to outgoing request" name="HttpClient UTest should set http headers to outgoing request" time="0.001">
    </testcase>
[...]
    <testcase classname="RequestContext UTest should set to namespace" name="RequestContext UTest should set to namespace" time="0">
    </testcase>
  </testsuite>
  <testsuite name="AdminService" errors="0" failures="0" skipped="0" timestamp="2024-05-30T09:24:59" time="2.673" tests="6">
    <testcase classname="AdminService Should return the Admin details: Success" name="AdminService Should return the Admin details: Success" time="0.001">
    </testcase>
    <testcase classname="AdminService Should return the Admin details: User not found" name="AdminService Should return the Admin details: User not found" time="0">
    </testcase>
    <testcase classname="AdminService Should return the Admin details: Exception" name="AdminService Should return the Admin details: Exception" time="0">
    </testcase>
    <testcase classname="AdminService Should return the Admin Image: Success" name="AdminService Should return the Admin Image: Success" time="0">
    </testcase>
    <testcase classname="AdminService Should return the Admin Image: Image not found" name="AdminService Should return the Admin Image: Image not found" time="0">
    </testcase>
    <testcase classname="AdminService Should return the Admin Image: Exception" name="AdminService Should return the Admin Image: Exception" time="0">
    </testcase>
  </testsuite>
  <testsuite name="ProfileCredentialsGateway" errors="0" failures="0" skipped="0" timestamp="2024-05-30T09:24:59" time="2.778" tests="1">
    <testcase classname="ProfileCredentialsGateway Should update user profile password" name="ProfileCredentialsGateway Should update user profile password" time="0.01">
    </testcase>
  </testsuite>
  <testsuite name="FileExportUtil UTest" errors="0" failures="0" skipped="0" timestamp="2024-05-30T09:25:01" time="1.947" tests="3">
    <testcase classname="FileExportUtil UTest should not parse unknown export formats other than csv/excel" name="FileExportUtil UTest should not parse unknown export formats other than csv/excel" time="0.001">
    </testcase>
    <testcase classname="FileExportUtil UTest should parse csv" name="FileExportUtil UTest should parse csv" time="0">
    </testcase>
    <testcase classname="FileExportUtil UTest should parse excel" name="FileExportUtil UTest should parse excel" time="0.001">
    </testcase>
  </testsuite>
  <testsuite name="SpringCloudConfigClient UTest" errors="0" failures="0" skipped="0" timestamp="2024-05-30T09:25:01" time="1.956" tests="2">
    <testcase classname="SpringCloudConfigClient UTest should load config from spring client config url periodically" name="SpringCloudConfigClient UTest should load config from spring client config url periodically" time="0.003">
    </testcase>
    <testcase classname="SpringCloudConfigClient UTest should handle spring cloud config url request errors gracefully" name="SpringCloudConfigClient UTest should handle spring cloud config url request errors gracefully" time="0">
    </testcase>
  </testsuite>
  <testsuite name="ManageProfileController" errors="0" failures="0" skipped="0" timestamp="2024-05-30T09:25:00" time="2.841" tests="2">
    <testcase classname="ManageProfileController Should delete user profile: success" name="ManageProfileController Should delete user profile: success" time="0.002">
    </testcase>
    <testcase classname="ManageProfileController Should delete user profile: failure" name="ManageProfileController Should delete user profile: failure" time="0">
    </testcase>
  </testsuite>
  <testsuite name="BingGateway" errors="0" failures="0" skipped="0" timestamp="2024-05-30T09:25:01" time="2.41" tests="2">
    <testcase classname="BingGateway getLocationDetails" name="BingGateway getLocationDetails" time="0.002">
    </testcase>
    <testcase classname="BingGateway getPointLocationDetails" name="BingGateway getPointLocationDetails" time="0">
    </testcase>
  </testsuite>
  <testsuite name="ImageController" errors="0" failures="0" skipped="0" timestamp="2024-05-30T09:24:59" time="4.818" tests="2">
    <testcase classname="ImageController addProfilePictureBase64 - Should upload image: success" name="ImageController addProfilePictureBase64 - Should upload image: success" time="0.001">
    </testcase>
    <testcase classname="ImageController addProfilePictureBase64 - Should upload image: exception" name="ImageController addProfilePictureBase64 - Should upload image: exception" time="0.001">
    </testcase>
  </testsuite>
  <testsuite name="Test case for SQS SendMessage" errors="0" failures="0" skipped="0" timestamp="2024-05-30T09:25:02" time="2.398" tests="1">
    <testcase classname="Test case for SQS SendMessage should return the UserEvent" name="Test case for SQS SendMessage should return the UserEvent" time="0.002">
    </testcase>
  </testsuite>
  <testsuite name="ProfileCredentialService" errors="0" failures="0" skipped="0" timestamp="2024-05-30T09:25:01" time="4.043" tests="1">
    <testcase classname="ProfileCredentialService Should able to update new password from user profile" name="ProfileCredentialService Should able to update new password from user profile" time="0.003">
    </testcase>
  </testsuite>
  <testsuite name="HealthCheckMiddleware UTest" errors="0" failures="0" skipped="0" timestamp="2024-05-30T09:25:02" time="2.304" tests="2">
    <testcase classname="HealthCheckMiddleware UTest should not send 200 if url is not for health check" name="HealthCheckMiddleware UTest should not send 200 if url is not for health check" time="0.002">
    </testcase>
    <testcase classname="HealthCheckMiddleware UTest should not send 200 if health check is false" name="HealthCheckMiddleware UTest should not send 200 if health check is false" time="0">
    </testcase>
  </testsuite>
  <testsuite name="StringUtils UTest" errors="0" failures="0" skipped="0" timestamp="2024-05-30T09:25:03" time="1.882" tests="4">
    <testcase classname="StringUtils UTest toTitleCase testing" name="StringUtils UTest toTitleCase testing" time="0.001">
    </testcase>
    <testcase classname="StringUtils UTest trimRight testing" name="StringUtils UTest trimRight testing" time="0">
    </testcase>
    <testcase classname="StringUtils UTest trimLeft testing" name="StringUtils UTest trimLeft testing" time="0">
    </testcase>
    <testcase classname="StringUtils UTest substitute Unicode Symbols testing" name="StringUtils UTest substitute Unicode Symbols testing" time="0.001">
    </testcase>
  </testsuite>
  <testsuite name="PollController" errors="0" failures="0" skipped="0" timestamp="2024-05-30T09:25:01" time="3.312" tests="2">
    <testcase classname="PollController userPollResponse should return poll data" name="PollController userPollResponse should return poll data" time="0.002">
    </testcase>
    <testcase classname="PollController userPollResponse should return error" name="PollController userPollResponse should return error" time="0">
    </testcase>
  </testsuite>
  <testsuite name="Image Upload Service" errors="0" failures="0" skipped="0" timestamp="2024-05-30T09:25:03" time="2.573" tests="2">
    <testcase classname="Image Upload Service sendMessage success" name="Image Upload Service sendMessage success" time="0.001">
    </testcase>
    <testcase classname="Image Upload Service getGuid success" name="Image Upload Service getGuid success" time="0">
    </testcase>
  </testsuite>
  <testsuite name="S3Service" errors="0" failures="0" skipped="0" timestamp="2024-05-30T09:25:04" time="2.397" tests="3">
    <testcase classname="S3Service Should upload image to s3" name="S3Service Should upload image to s3" time="0.001">
    </testcase>
    <testcase classname="S3Service Should delete image from s3" name="S3Service Should delete image from s3" time="0.001">
    </testcase>
    <testcase classname="S3Service Should get image from s3" name="S3Service Should get image from s3" time="0">
    </testcase>
  </testsuite>
  <testsuite name="HtmlSanitizer UTest" errors="0" failures="0" skipped="0" timestamp="2024-05-30T09:25:05" time="1.853" tests="2">
    <testcase classname="HtmlSanitizer UTest should sanitize properties by default for html" name="HtmlSanitizer UTest should sanitize properties by default for html" time="0.003">
    </testcase>
    <testcase classname="HtmlSanitizer UTest should sanitize properties by default for html" name="HtmlSanitizer UTest should sanitize properties by default for html" time="0.001">
    </testcase>
  </testsuite>
  <testsuite name="Communities Helper" errors="0" failures="0" skipped="0" timestamp="2024-05-30T09:25:04" time="2.678" tests="1">
    <testcase classname="Communities Helper getMultipleCommunities - success" name="Communities Helper getMultipleCommunities - success" time="0.002">
    </testcase>
  </testsuite>
  <testsuite name="OutputFilter UTest" errors="0" failures="0" skipped="0" timestamp="2024-05-30T09:25:05" time="2.187" tests="2">
    <testcase classname="OutputFilter UTest should scan json data" name="OutputFilter UTest should scan json data" time="0.001">
    </testcase>
    <testcase classname="OutputFilter UTest should scan non-json data as well" name="OutputFilter UTest should scan non-json data as well" time="0.007">
    </testcase>
  </testsuite>
  <testsuite name="RestRequestInterceptor UTest" errors="0" failures="0" skipped="0" timestamp="2024-05-30T09:25:05" time="2.112" tests="1">
    <testcase classname="RestRequestInterceptor UTest should add all soa specific headers to outgoing request with contenttype" name="RestRequestInterceptor UTest should add all soa specific headers to outgoing request with contenttype" time="0.002">
    </testcase>
  </testsuite>
  <testsuite name="contentModGateway" errors="0" failures="0" skipped="0" timestamp="2024-05-30T09:25:05" time="2.334" tests="1">
    <testcase classname="contentModGateway Post content mod Call" name="contentModGateway Post content mod Call" time="0.002">
    </testcase>
  </testsuite>
  <testsuite name="Post Image Controller" errors="0" failures="0" skipped="0" timestamp="2024-05-30T09:25:05" time="2.364" tests="2">
    <testcase classname="Post Image Controller getPostImage - success" name="Post Image Controller getPostImage - success" time="0.003">
    </testcase>
    <testcase classname="Post Image Controller getPostImage - fail" name="Post Image Controller getPostImage - fail" time="0.001">
    </testcase>
  </testsuite>
  <testsuite name="JsonTransformer UTest" errors="0" failures="0" skipped="0" timestamp="2024-05-30T09:25:06" time="1.274" tests="2">
    <testcase classname="JsonTransformer UTest should transform plain json to defined typescript class definition" name="JsonTransformer UTest should transform plain json to defined typescript class definition" time="0.001">
    </testcase>
    <testcase classname="JsonTransformer UTest should transform typescript class to plain json" name="JsonTransformer UTest should transform typescript class to plain json" time="0.011">
    </testcase>
  </testsuite>
  <testsuite name="InternalController" errors="0" failures="0" skipped="0" timestamp="2024-05-30T09:25:06" time="2.309" tests="1">
    <testcase classname="InternalController should update terms of use" name="InternalController should update terms of use" time="0.002">
    </testcase>
  </testsuite>
  <testsuite name="UserAttributeService" errors="0" failures="0" skipped="0" timestamp="2024-05-30T09:25:04" time="4.522" tests="2">
    <testcase classname="UserAttributeService update story promotion -" name="UserAttributeService update story promotion -" time="0.004">
    </testcase>
    <testcase classname="UserAttributeService update story promotion" name="UserAttributeService update story promotion" time="0">
    </testcase>
  </testsuite>
  <testsuite name="JwtFilter UTest" errors="0" failures="0" skipped="0" timestamp="2024-05-30T09:25:07" time="2.102" tests="1">
    <testcase classname="JwtFilter UTest verify null" name="JwtFilter UTest verify null" time="0">
    </testcase>
  </testsuite>
  <testsuite name="AuditFilter UTest" errors="0" failures="0" skipped="0" timestamp="2024-05-30T09:25:07" time="1.949" tests="1">
    <testcase classname="AuditFilter UTest should audit request/response and debug request cookies" name="AuditFilter UTest should audit request/response and debug request cookies" time="0.001">
    </testcase>
  </testsuite>
  <testsuite name="Test case for Sns create platform endpoint" errors="0" failures="0" skipped="0" timestamp="2024-05-30T09:25:07" time="1.807" tests="1">
    <testcase classname="Test case for Sns create platform endpoint should add endpoint" name="Test case for Sns create platform endpoint should add endpoint" time="0.002">
    </testcase>
  </testsuite>
  <testsuite name="AesEncryptor UTest" errors="0" failures="0" skipped="0" timestamp="2024-05-30T09:25:07" time="1.797" tests="2">
    <testcase classname="AesEncryptor UTest should encrypt data" name="AesEncryptor UTest should encrypt data" time="0.035">
    </testcase>
    <testcase classname="AesEncryptor UTest should decrypt data" name="AesEncryptor UTest should decrypt data" time="0.033">
    </testcase>
  </testsuite>
  <testsuite name="AesEncryptor UTest" errors="0" failures="0" skipped="0" timestamp="2024-05-30T09:25:07" time="1.774" tests="2">
    <testcase classname="AesEncryptor UTest should encrypt data" name="AesEncryptor UTest should encrypt data" time="0.037">
    </testcase>
    <testcase classname="AesEncryptor UTest should decrypt data" name="AesEncryptor UTest should decrypt data" time="0.039">
    </testcase>
  </testsuite>
  <testsuite name="CorsMiddleware UTest" errors="0" failures="0" skipped="0" timestamp="2024-05-30T09:25:07" time="1.705" tests="1">
    <testcase classname="CorsMiddleware UTest verify null" name="CorsMiddleware UTest verify null" time="0.001">
    </testcase>
  </testsuite>
  <testsuite name="EncryptionUtil UTest" errors="0" failures="0" skipped="0" timestamp="2024-05-30T09:25:08" time="1.56" tests="2">
    <testcase classname="EncryptionUtil UTest should encrypt and decrypt aes symmetric data" name="EncryptionUtil UTest should encrypt and decrypt aes symmetric data" time="0.011">
    </testcase>
    <testcase classname="EncryptionUtil UTest should encrypt and decrypt aes data" name="EncryptionUtil UTest should encrypt and decrypt aes data" time="0.036">
    </testcase>
  </testsuite>
  <testsuite name="JwtMiddleware UTest" errors="0" failures="0" skipped="0" timestamp="2024-05-30T09:25:07" time="2.759" tests="1">
    <testcase classname="JwtMiddleware UTest should not send 401 error when token is valid" name="JwtMiddleware UTest should not send 401 error when token is valid" time="0.001">
    </testcase>
  </testsuite>
  <testsuite name="HealthwiseTokenServices" errors="0" failures="0" skipped="0" timestamp="2024-05-30T09:25:08" time="1.826" tests="1">
    <testcase classname="HealthwiseTokenServices PostAuth Call should return token" name="HealthwiseTokenServices PostAuth Call should return token" time="0.002">
    </testcase>
  </testsuite>
  <testsuite name="utils UTest" errors="0" failures="0" skipped="0" timestamp="2024-05-30T09:25:09" time="1.852" tests="3">
    <testcase classname="utils UTest getOsEnv testing" name="utils UTest getOsEnv testing" time="0.001">
    </testcase>
    <testcase classname="utils UTest toNumber testing" name="utils UTest toNumber testing" time="0">
    </testcase>
    <testcase classname="utils UTest toBool testing" name="utils UTest toBool testing" time="0.001">
    </testcase>
  </testsuite>
  <testsuite name="AesBouncyEncryptor UTest" errors="0" failures="0" skipped="0" timestamp="2024-05-30T09:25:09" time="1.87" tests="2">
    <testcase classname="AesBouncyEncryptor UTest should encrypt data" name="AesBouncyEncryptor UTest should encrypt data" time="0.003">
    </testcase>
    <testcase classname="AesBouncyEncryptor UTest should decrypt data" name="AesBouncyEncryptor UTest should decrypt data" time="0.001">
    </testcase>
  </testsuite>
  <testsuite name="NotFoundMiddleware UTest" errors="0" failures="0" skipped="0" timestamp="2024-05-30T09:25:09" time="1.812" tests="1">
    <testcase classname="NotFoundMiddleware UTest should not send 404 error if response already sent" name="NotFoundMiddleware UTest should not send 404 error if response already sent" time="0.001">
    </testcase>
  </testsuite>
  <testsuite name="paths UTest" errors="0" failures="0" skipped="0" timestamp="2024-05-30T09:25:09" time="1.725" tests="2">
    <testcase classname="paths UTest getControllerPaths testing" name="paths UTest getControllerPaths testing" time="0">
    </testcase>
    <testcase classname="paths UTest getMiddlewarePaths testing" name="paths UTest getMiddlewarePaths testing" time="0.001">
    </testcase>
  </testsuite>
  <testsuite name="LoginServiceHelper" errors="0" failures="0" skipped="0" timestamp="2024-05-30T09:25:09" time="2.569" tests="1">
    <testcase classname="LoginServiceHelper Should return boolean value medicaid user demo user or not" name="LoginServiceHelper Should return boolean value medicaid user demo user or not" time="0.001">
    </testcase>
  </testsuite>
  <testsuite name="NotFoundMiddleware UTest" errors="0" failures="0" skipped="0" timestamp="2024-05-30T09:25:10" time="1.398" tests="1">
    <testcase classname="NotFoundMiddleware UTest verify null" name="NotFoundMiddleware UTest verify null" time="0.001">
    </testcase>
  </testsuite>
  <testsuite name="AesSymmetricEncryptor UTest" errors="0" failures="0" skipped="0" timestamp="2024-05-30T09:25:10" time="1.639" tests="1">
    <testcase classname="AesSymmetricEncryptor UTest should encrypt and decrypt data" name="AesSymmetricEncryptor UTest should encrypt and decrypt data" time="0.002">
    </testcase>
  </testsuite>
  <testsuite name="args UTest" errors="0" failures="0" skipped="0" timestamp="2024-05-30T09:25:11" time="1.243" tests="1">
    <testcase classname="args UTest getApiArgument testing" name="args UTest getApiArgument testing" time="0.003">
    </testcase>
  </testsuite>
  <testsuite name="RequestValidator UTest" errors="0" failures="0" skipped="0" timestamp="2024-05-30T09:25:11" time="1.325" tests="1">
    <testcase classname="RequestValidator UTest should sanitize by regex" name="RequestValidator UTest should sanitize by regex" time="0.003">
    </testcase>
  </testsuite>
  <testsuite name="SecurityMiddleware UTest" errors="0" failures="0" skipped="0" timestamp="2024-05-30T09:25:09" time="2.636" tests="1">
    <testcase classname="SecurityMiddleware UTest should override headers, cookies, params, query" name="SecurityMiddleware UTest should override headers, cookies, params, query" time="0.003">
    </testcase>
  </testsuite>
  <testsuite name="DefaultLogger UTest" errors="0" failures="0" skipped="0" timestamp="2024-05-30T09:25:11" time="1.449" tests="1">
    <testcase classname="DefaultLogger UTest should log path to source file" name="DefaultLogger UTest should log path to source file" time="0.004">
    </testcase>
  </testsuite>
  <testsuite name="AuditMiddleware UTest" errors="0" failures="0" skipped="0" timestamp="2024-05-30T09:25:10" time="2.896" tests="1">
    <testcase classname="AuditMiddleware UTest should cache data if request is cacheable and response is 200 status" name="AuditMiddleware UTest should cache data if request is cacheable and response is 200 status" time="0.002">
    </testcase>
  </testsuite>
  <testsuite name="AesEncryptor UTest" errors="0" failures="0" skipped="0" timestamp="2024-05-30T09:25:11" time="2.273" tests="1">
    <testcase classname="AesEncryptor UTest should encrypt data" name="AesEncryptor UTest should encrypt data" time="0.267">
    </testcase>
  </testsuite>
  <testsuite name="HealthCheckUtil UTest" errors="0" failures="0" skipped="0" timestamp="2024-05-30T09:25:12" time="2.091" tests="1">
    <testcase classname="HealthCheckUtil UTest should sanitize by regex" name="HealthCheckUtil UTest should sanitize by regex" time="0.001">
    </testcase>
  </testsuite>
</testsuites>